DMM=0.05,0.05,0.05,0.05,0.05,0.05,0.05,0.05,0.05,0.05,0.05,0.05,0.05,0.05,0.05,0.05,0.05,0.05,0.05,0.05
F=/home/sriram_s/bpgtools/scripts/data/blosum62.distribution
A = 0.078
R = 0.051
N = 0.041
D = 0.052
C = 0.024
Q = 0.034
E = 0.059
G = 0.083
H = 0.025
I = 0.062
L = 0.092
K = 0.056
M = 0.024
F = 0.044
P = 0.043
S = 0.059
T = 0.055
W = 0.014
Y = 0.034
V = 0.072
Log file=log
id=12as
id=sp|P00963|ASNA_ECOLI
id=sp|P63624|ASNA_ECO57
id=sp|Q3YVP8|Q3YVP8_SHISS
id=sp|Q1R4I8|Q1R4I8_ECOUT
id=sp|A7ZTV5|A7ZTV5_ECOLX
id=sp|Q83PJ4|ASNA_SHIFL
id=sp|Q31UP3|Q31UP3_SHIBS
id=sp|A8ACQ0|A8ACQ0_CITK8
id=sp|Q5PJY0|Q5PJY0_SALPA
id=sp|Q8Z2Q9|ASNA_SALTI
id=sp|Q57HW6|Q57HW6_SALCH
id=sp|Q8ZKW4|ASNA_SALTY
id=sp|A6TG48|A6TG48_KLEPN
id=sp|A4WGE3|A4WGE3_9ENTR
id=sp|A7MMW6|A7MMW6_ENTS8
id=sp|Q6DB95|Q6DB95_ERWCT
id=sp|A8GLK7|A8GLK7_9ENTR
id=sp|Q8ZJT3|ASNA_YERPE
id=sp|A1JHR0|A1JHR0_YERE8
id=sp|Q7NA83|ASNA_PHOLL
id=sp|A0KQE2|A0KQE2_AERHH
id=sp|A4SHR6|A4SHR6_AERS4
id=sp|Q3IJJ1|Q3IJJ1_PSEHT
id=sp|A0Y6Z6|A0Y6Z6_9GAMM
id=sp|Q1ZEW0|Q1ZEW0_9GAMM
id=sp|Q9CKN6|ASNA_PASMU
id=sp|A4CEY3|A4CEY3_9GAMM
id=sp|A4NMI2|A4NMI2_HAEIN
id=sp|Q0I4E3|Q0I4E3_HAES1
id=sp|Q4QMY5|Q4QMY5_HAEI8
id=sp|A4MYL0|A4MYL0_HAEIN
id=sp|A4NQK2|A4NQK2_HAEIN
id=sp|A5U9S9|A5U9S9_HAEIE
id=sp|P44338|ASNA_HAEIN
id=sp|A5UH70|A5UH70_HAEIG
id=sp|Q8E1B0|ASNA_STRA5
id=sp|Q3DV29|Q3DV29_STRAG
id=sp|Q8E6R5|ASNA_STRA3
id=sp|A3N3D3|A3N3D3_ACTP2
id=sp|A7JT22|A7JT22_PASHA
id=sp|A4VZS5|A4VZS5_STRS2
id=sp|Q65WL7|Q65WL7_MANSM
id=sp|A5LPJ6|A5LPJ6_STRPN
id=sp|Q8CWN8|ASNA_STRR6
id=sp|Q97NQ0|ASNA_STRPN
id=sp|Q7VKJ0|ASNA_HAEDU
id=sp|A6VLN1|A6VLN1_ACTSC
id=sp|O83567|ASNA_TREPA
id=sp|Q5M5S6|Q5M5S6_STRT2
id=sp|Q03M60|Q03M60_STRTD
id=sp|Q3DM26|Q3DM26_STRAG
id=sp|A4VTJ4|A4VTJ4_STRSY
id=sp|P63625|ASNA_STRP3
id=sp|Q99YU0|ASNA_STRP1
id=sp|Q5XAY8|ASNA_STRP6
id=sp|A2RDJ5|A2RDJ5_STRPG
id=sp|Q1JFZ5|Q1JFZ5_STRPD
id=sp|Q57WT9|Q57WT9_9TRYP
id=sp|Q4CRM4|Q4CRM4_TRYCR
id=sp|A4I213|A4I213_LEIIN
id=sp|Q4Q9B1|Q4Q9B1_LEIMA
id=sp|A4HET8|A4HET8_LEIBR
id=sp|Q3DEX1|Q3DEX1_STRAG
id=sp|Q5R0E3|Q5R0E3_IDILO
id=sp|A3WMC3|A3WMC3_9GAMM
id=sp|A5I1Y2|A5I1Y2_CLOBH
id=sp|A7GDI9|A7GDI9_CLOBL
id=sp|A7ADF0|A7ADF0_9PORP
id=sp|A6L7T4|A6L7T4_BACV8
id=sp|A6LI95|A6LI95_PARD8
id=sp|Q1WTD6|Q1WTD6_LACS1
id=sp|A5ZJH5|A5ZJH5_9BACE
id=sp|Q0SRK2|Q0SRK2_CLOPS
id=sp|Q8XIY5|ASNA_CLOPE
id=sp|Q0TNY3|Q0TNY3_CLOP1
id=sp|A7VXA9|A7VXA9_9CLOT
id=sp|A6TX12|A6TX12_9CLOT
id=sp|A3DBI1|A3DBI1_CLOTH
id=sp|Q8A5V7|ASNA_BACTN
id=sp|Q2BEP9|Q2BEP9_9BACI
id=sp|Q5L9E0|Q5L9E0_BACFN
id=sp|Q897F7|ASNA_CLOTE
id=sp|Q1F0A4|Q1F0A4_9CLOT
id=sp|Q03PZ8|Q03PZ8_LACBA
id=sp|Q03E72|Q03E72_PEDPA
id=sp|Q1FL13|Q1FL13_9CLOT
id=sp|A7B0W6|A7B0W6_RUMGN
id=sp|A7LZF0|A7LZF0_BACOV
id=sp|A7V2C4|A7V2C4_BACUN
id=sp|A5KIJ3|A5KIJ3_9FIRM
id=sp|A0PYB9|A0PYB9_CLONN
id=sp|A5ZML9|A5ZML9_9FIRM
id=sp|A6BDT4|A6BDT4_9CLOT
id=sp|Q04A69|Q04A69_LACDB
id=sp|Q88Y39|ASNA_LACPL
id=sp|Q040P9|Q040P9_LACGA
id=sp|A0UVC0|A0UVC0_CLOCE
id=sp|P54264|ASNA_LACDA
id=sp|P61190|ASNA_LACJO
id=sp|Q5UCB1|Q5UCB1_TRYCR
id=sp|Q81F55|ASNA_BACCR
id=sp|Q2AW31|Q2AW31_9BACI
id=sp|Q4MUK8|Q4MUK8_BACCE
id=sp|Q183C9|Q183C9_CLOD6
id=sp|A7GNN8|A7GNN8_BACCE
id=sp|Q3D2Y8|Q3D2Y8_STRAG
id=sp|A5VMP8|A5VMP8_LACRE
id=sp|Q1UAU1|Q1UAU1_LACRE
id=sp|Q81S64|ASNA_BACAN
id=sp|P61397|ASNA_BACC1
id=sp|A6NPE0|A6NPE0_9BACE
id=sp|Q5FHY0|Q5FHY0_LACAC
id=sp|Q41F19|Q41F19_9BACI
id=sp|Q7P658|Q7P658_FUSNV
id=sp|A5TWG7|A5TWG7_FUSNP
id=sp|P58824|ASNA_FUSNN
id=sp|A4ZH50|A4ZH50_LACHE
id=sp|Q8EWQ5|ASNA_MYCPE
id=sp|Q7NAM0|ASNA_MYCGA
id=sp|A4GWZ3|A4GWZ3_9LACT
id=sp|Q1IU69|Q1IU69_ACIBL
id=sp|Q3D9E1|Q3D9E1_STRAG
id=sp|A5IXK3|A5IXK3_MYCAA
id=sp|Q01S82|Q01S82_SOLUE
id=sp|A2EKG5|A2EKG5_TRIVA
id=sp|Q9PQC8|ASNA_UREPA
id=sp|Q5CPD9|Q5CPD9_CRYPV
id=sp|Q2SR49|Q2SR49_MYCCT
id=sp|Q6MRU7|Q6MRU7_MYCMS
id=sp|Q3D2Y7|Q3D2Y7_STRAG
id=sp|Q5CDB8|Q5CDB8_CRYHO
id=sp|Q3EXH3|Q3EXH3_BACTI
id=sp|Q4A671|Q4A671_MYCS5
id=sp|Q14QG3|Q14QG3_SPICI
id=sp|Q3EXH4|Q3EXH4_BACTI
id=sp|Q8GIY4|Q8GIY4_MYCGA
id=sp|A4GX00|A4GX00_9LACT
id=sp|Q3DC98|Q3DC98_STRAG
Initializing data structures
verbose1=1
verbose2=0
verbose3=0
Running INTREPID
In globalConservation
maxkey = S
SDP = 1
subtype_info = 0
ignoreroot = 1
