
[2J[H
Neighbor-Joining/UPGMA method version 3.64

Settings for this run:
  N       Neighbor-joining or UPGMA tree?  Neighbor-joining
  O                        Outgroup root?  No, use as outgroup species  1
  L         Lower-triangular data matrix?  No
  R         Upper-triangular data matrix?  No
  S                        Subreplicates?  No
  J     Randomize input order of species?  No. Use input order
  M           Analyze multiple data sets?  No
  0   Terminal type (IBM PC, ANSI, none)?  ANSI
  1    Print out the data at start of run  No
  2  Print indications of progress of run  Yes
  3                        Print out tree  Yes
  4       Write out trees onto tree file?  Yes


  Y to accept these or type the letter for one to change

Cycle 136: species 132 (  -0.37043) joins species 137 (  -0.62957)
Cycle 135: species 136 (  -0.30345) joins species 138 (  -0.69655)
Cycle 134: species 129 (   0.04783) joins species 130 (   0.04950)
Cycle 133: species 107 (  -0.22586) joins species 139 (   0.40390)
Cycle 132: species 122 (   0.16488) joins species 125 (   0.17750)
Cycle 131: species 132 (   0.61598) joins species 133 (  -0.12671)
Cycle 130: species 95 (  -0.00147) joins species 99 (   0.00469)
Cycle 129: species 73 (   0.00255) joins species 89 (   0.00485)
Cycle 128: node 73 (   0.00676) joins species 80 (   0.01303)
Cycle 127: species 124 (   0.16157) joins node 129 (   0.16565)
Cycle 126: species 116 (   0.00657) joins species 117 (   0.00827)
Cycle 125: species 115 (   0.00639) joins node 116 (   0.00749)
Cycle 124: species 104 (   0.00130) joins species 110 (   0.00195)
Cycle 123: node 104 (   0.00163) joins species 111 (   0.00163)
Cycle 122: species 102 (   0.00312) joins node 104 (   0.00336)
Cycle 121: node 102 (   0.01080) joins species 103 (   0.00948)
Cycle 120: node 102 (   0.01267) joins species 106 (   0.02220)
Cycle 119: species 108 (   0.00847) joins species 109 (   0.00413)
Cycle 118: node 73 (   0.02306) joins species 82 (   0.03162)
Cycle 117: node 73 (   0.01062) joins species 90 (   0.03470)
Cycle 116: species 113 (   0.05180) joins species 118 (   0.07858)
Cycle 115: species 69 (   0.02508) joins species 71 (   0.04648)
Cycle 114: species 61 (   0.03878) joins species 62 (   0.02811)
Cycle 113: species 70 (   0.08827) joins node 73 (   0.06824)
Cycle 112: species 126 (   0.28852) joins species 128 (   0.34647)
Cycle 111: species 75 (   0.00123) joins species 76 (   0.00197)
Cycle 110: species 88 (   0.06814) joins species 91 (   0.07795)
Cycle 109: species 74 (   0.00623) joins node 75 (   0.00610)
Cycle 108: species 97 (   0.05163) joins species 100 (   0.05635)
Cycle 107: species 85 (   0.06370) joins species 96 (   0.08447)
Cycle 106: node 97 (   0.02049) joins node 113 (   0.06178)
Cycle 105: species 67 (   0.01380) joins species 68 (   0.01328)
Cycle 104: species 135 (   1.28688) joins species 136 (   0.69572)
Cycle 103: node 124 (   0.12119) joins species 134 (   1.16324)
Cycle 102: species 60 (   0.02871) joins species 101 (  -0.02871)
Cycle 101: node 69 (   0.08723) joins node 70 (   0.05719)
Cycle 100: node 85 (   0.05525) joins species 86 (   0.12034)
Cycle  99: node 85 (   0.00757) joins node 108 (   0.15201)
Cycle  98: node 61 (   0.04116) joins species 63 (   0.09225)
Cycle  97: species 72 (   0.12564) joins node 85 (   0.01817)
Cycle  96: species 79 (   0.11985) joins species 98 (   0.20273)
Cycle  95: species 87 (   0.15895) joins node 88 (   0.10013)
Cycle  94: node 72 (   0.03985) joins species 94 (   0.19879)
Cycle  93: species 39 (  -0.11337) joins node 107 (   0.10556)
Cycle  92: species 78 (   0.19318) joins node 79 (   0.04389)
Cycle  91: species 84 (   0.16188) joins node 115 (   0.23278)
Cycle  90: node 124 (   0.08747) joins species 127 (   0.44020)
Cycle  89: species 119 (   0.31139) joins species 120 (   0.32470)
Cycle  88: node 87 (   0.04734) joins species 93 (   0.16232)
Cycle  87: node 72 (   0.02360) joins node 97 (   0.13154)
Cycle  86: node 84 (   0.01303) joins species 92 (   0.18364)
Cycle  85: node 102 (   0.21699) joins species 132 (   0.31308)
Cycle  84: node 78 (   0.02317) joins node 84 (   0.00822)
Cycle  83: node 72 (   0.01776) joins node 95 (   0.26000)
Cycle  82: node 78 (   0.01188) joins species 83 (   0.20265)
Cycle  81: node 67 (   0.13791) joins node 78 (   0.00946)
Cycle  80: node 87 (   0.03768) joins species 105 (   0.26981)
Cycle  79: node 67 (   0.01230) joins node 74 (   0.19307)
Cycle  78: node 67 (   0.01307) joins node 87 (   0.02025)
Cycle  77: species 121 (   0.27265) joins node 135 (   0.14653)
Cycle  76: node 67 (   0.02037) joins species 77 (   0.23136)
Cycle  75: node 119 (   0.07573) joins node 124 (   0.07817)
Cycle  74: species 112 (   0.32156) joins node 121 (   0.03295)
Cycle  73: node 102 (   0.09942) joins node 112 (   0.01928)
Cycle  72: node 67 (   0.03629) joins node 72 (   0.08793)
Cycle  71: node 119 (   0.03637) joins node 126 (   0.22988)
Cycle  70: node 67 (   0.01989) joins node 102 (   0.02120)
Cycle  69: node 67 (   0.02492) joins species 81 (   0.34012)
Cycle  68: node 67 (   0.01680) joins node 119 (   0.04505)
Cycle  67: node 67 (   0.03232) joins node 69 (   0.23388)
Cycle  66: node 67 (   0.01322) joins node 122 (   0.50633)
Cycle  65: node 67 (   0.01459) joins species 114 (   0.36331)
Cycle  64: species 22 (   0.01436) joins species 23 (   0.02682)
Cycle  63: species 10 (   0.00200) joins species 11 (   0.00113)
Cycle  62: node 10 (   0.00268) joins species 13 (   0.00357)
Cycle  61: node 10 (   0.00280) joins species 12 (   0.00333)
Cycle  60: species 4 (  -0.00008) joins species 6 (   0.00319)
Cycle  59: species 3 (  -0.00123) joins species 8 (   0.00435)
Cycle  58: node 3 (   0.00130) joins node 4 (   0.00182)
Cycle  57: species 2 (   0.00097) joins node 3 (   0.00214)
Cycle  56: node 2 (   0.00067) joins species 5 (   0.00548)
Cycle  55: species 1 (   0.00421) joins node 2 (   0.00213)
Cycle  54: node 1 (   0.00186) joins species 7 (   0.00657)
Cycle  53: node 1 (   0.02150) joins node 10 (   0.02536)
Cycle  52: node 1 (   0.00255) joins species 9 (   0.01868)
Cycle  51: species 19 (   0.03108) joins species 20 (   0.01936)
Cycle  50: species 14 (   0.04407) joins species 15 (   0.04942)
Cycle  49: node 1 (   0.03592) joins node 14 (   0.00692)
Cycle  48: species 24 (   0.11341) joins species 25 (   0.14049)
Cycle  47: node 1 (   0.02879) joins species 16 (   0.09716)
Cycle  46: species 17 (   0.10660) joins species 18 (   0.09131)
Cycle  45: species 60 (   0.19186) joins node 61 (   0.19386)
Cycle  44: node 17 (   0.02036) joins node 19 (   0.05781)
Cycle  43: species 65 (   0.24561) joins species 66 (   0.37246)
Cycle  42: species 26 (   0.24002) joins species 28 (   0.19215)
Cycle  41: node 1 (   0.04195) joins node 17 (   0.02176)
Cycle  40: species 59 (   0.23972) joins node 60 (   0.03257)
Cycle  39: node 1 (   0.02189) joins species 21 (   0.13259)
Cycle  38: node 24 (   0.07044) joins node 26 (   0.02670)
Cycle  37: node 1 (   0.02338) joins node 22 (   0.16313)
Cycle  36: node 1 (   0.02723) joins node 24 (   0.04732)
Cycle  35: node 1 (   0.03870) joins node 59 (   0.09380)
Cycle  34: node 65 (   0.11984) joins node 67 (   0.13656)
Cycle  33: node 1 (   0.02065) joins node 65 (   0.01530)
Cycle  32: species 43 (   0.04939) joins species 48 (   0.06713)
Cycle  31: species 27 (   0.08035) joins species 30 (   0.05090)
Cycle  30: node 27 (   0.01655) joins node 43 (   0.02742)
Cycle  29: node 27 (   0.02062) joins species 49 (   0.19370)
Cycle  28: species 50 (   0.00172) joins species 51 (   0.00136)
Cycle  27: species 42 (  -0.00532) joins species 53 (   0.01964)
Cycle  26: species 123 (  -0.01033) joins species 131 (   0.02157)
Cycle  25: species 55 (   0.00146) joins species 58 (   0.00471)
Cycle  24: species 54 (   0.00030) joins node 55 (   0.00278)
Cycle  23: node 54 (   0.00038) joins species 57 (   0.00269)
Cycle  22: node 54 (   0.00041) joins species 56 (   0.00566)
Cycle  21: species 45 (   0.00131) joins species 46 (   0.00180)
Cycle  20: species 44 (   0.00144) joins node 45 (   0.00167)
Cycle  19: species 64 (  -0.00660) joins node 123 (   0.01459)
Cycle  18: species 52 (  -0.00418) joins node 64 (   0.01022)
Cycle  17: species 38 (  -0.00886) joins node 52 (   0.01189)
Cycle  16: species 37 (  -0.00477) joins node 38 (   0.00476)
Cycle  15: node 37 (   0.01643) joins node 39 (   0.01738)
Cycle  14: node 50 (   0.05338) joins node 54 (   0.05746)
Cycle  13: node 44 (   0.06188) joins node 50 (   0.02053)
Cycle  12: node 42 (   0.07775) joins node 44 (   0.01746)
Cycle  11: node 37 (   0.04610) joins node 42 (   0.01153)
Cycle  10: node 1 (   0.13162) joins node 27 (   0.02996)
Cycle   9: node 1 (   0.05527) joins node 37 (   0.06457)
Cycle   8: species 40 (   0.02866) joins species 41 (   0.03898)
Cycle   7: node 40 (   0.01972) joins species 47 (   0.06425)
Cycle   6: node 1 (   0.02815) joins node 40 (   0.01074)
Cycle   5: species 33 (   0.00230) joins species 35 (   0.00080)
Cycle   4: species 29 (   0.00137) joins node 33 (   0.00173)
Cycle   3: node 1 (   0.05741) joins node 29 (   0.00108)
Cycle   2: node 1 (   0.00032) joins species 31 (   0.00282)
Cycle   1: node 1 (   0.00021) joins species 34 (   0.00601)
last cycle:
 node 1  (   0.00017) joins species 32  (   0.00009) joins species 36  (   0.00300)

Output written on file "outfile"

Tree written on file "outtree"

Done.

