
[2J[H
Protein distance algorithm, version 3.64

Settings for this run:
  P  Use JTT, PMB, PAM, Kimura, categories model?  Jones-Taylor-Thornton matrix
  G  Gamma distribution of rates among positions?  No
  C           One category of substitution rates?  Yes
  W                    Use weights for positions?  No
  M                   Analyze multiple data sets?  No
  I                  Input sequences interleaved?  Yes
  0                 Terminal type (IBM PC, ANSI)?  ANSI
  1            Print out the data at start of run  No
  2          Print indications of progress of run  Yes

Are these settings correct? (type Y or the letter for one to change)

Computing distances:
  %134C%       
  %134D%       .
  %1351%       ..
  %1354%       ...
  %1355%       ....
  %1357%       .....
  %1358%       ......
  %135A%       .......
  %135B%       ........
  %135C%       .........
  %135D%       ..........
  %135E%       ...........
  %135F%       ............
  %1360%       .............
  %1361%       ..............
  %1362%       ...............
  %1363%       ................
  %1364%       .................
  %1365%       ..................
  %136C%       ...................
  %136D%       ....................
  %136E%       .....................
  %136F%       ......................
  %1370%       .......................
  %1371%       ........................
  %1372%       .........................
  %1373%       ..........................
  %1374%       ...........................
  %1375%       ............................
  %1376%       .............................
  %1377%       ..............................
  %1378%       ...............................
  %137B%       ................................
  %137C%       .................................
  %137D%       ..................................
  %1380%       ...................................
  %1381%       ....................................
  %1383%       .....................................
  %1384%       ......................................
  %1385%       .......................................
  %1386%       ........................................
  %1387%       .........................................
  %1388%       ..........................................
  %1389%       ...........................................
  %138A%       ............................................
  %138C%       .............................................
  %1394%       ..............................................
  %1395%       ...............................................
  %1396%       ................................................
  %1397%       .................................................
  %1398%       ..................................................
  %139A%       ...................................................
  %139B%       ....................................................
  %139C%       .....................................................
  %13A2%       ......................................................
  %13A3%       .......................................................
  %13A4%       ........................................................
  %13A5%       .........................................................
  %13A6%       ..........................................................
  %13A7%       ...........................................................
  %13A8%       ............................................................
  %13A9%       .............................................................
  %13AA%       ..............................................................
  %13AB%       ...............................................................
  %13AC%       ................................................................
  %13AD%       .................................................................
  %13AE%       ..................................................................
  %13B0%       ...................................................................
  %13B1%       ....................................................................
  %13B2%       .....................................................................
  %13B3%       ......................................................................
  %13B4%       .......................................................................
  %13B5%       ........................................................................
  %13B6%       .........................................................................
  %13B7%       ..........................................................................
  %13B8%       ...........................................................................
  %13B9%       ............................................................................
  %13BA%       .............................................................................
  %13BB%       ..............................................................................
  %13BC%       ...............................................................................
  %13BD%       ................................................................................
  %13BE%       .................................................................................
  %13C0%       ..................................................................................
  %13C1%       ...................................................................................
  %13C2%       ....................................................................................
  %13C3%       .....................................................................................
  %13C4%       ......................................................................................
  %13C5%       .......................................................................................
  %13C6%       ........................................................................................
  %13C7%       .........................................................................................
  %13C8%       ..........................................................................................
  %13C9%       ...........................................................................................
  %13CA%       ............................................................................................
  %13CB%       .............................................................................................
  %13CC%       ..............................................................................................
  %13CD%       ...............................................................................................
  %13CE%       ................................................................................................
  %13CF%       .................................................................................................
  %13D0%       ..................................................................................................
  %13D1%       ...................................................................................................
  %13D2%       ....................................................................................................
  %13D3%       .....................................................................................................
  %13D4%       ......................................................................................................
  %13D5%       .......................................................................................................
  %13D6%       ........................................................................................................
  %13D7%       .........................................................................................................
  %13D8%       ..........................................................................................................
  %13D9%       ...........................................................................................................
  %13DA%       ............................................................................................................
  %13DB%       .............................................................................................................
  %13DF%       ..............................................................................................................
  %13E0%       ...............................................................................................................
  %13E1%       ................................................................................................................
  %13E2%       .................................................................................................................
  %13E3%       ..................................................................................................................
  %13E4%       ...................................................................................................................
  %13E5%       ....................................................................................................................
  %13E6%       .....................................................................................................................
  %13E7%       ......................................................................................................................
  %13E8%       .......................................................................................................................
  %13E9%       ........................................................................................................................
  %13EA%       .........................................................................................................................
  %13EB%       ..........................................................................................................................
  %13EC%       ...........................................................................................................................
  %13ED%       ............................................................................................................................
  %13EE%       .............................................................................................................................
  %13EF%       ..............................................................................................................................
  %13F0%       ...............................................................................................................................
  %13F1%       ................................................................................................................................
  %13F2%       .................................................................................................................................
  %13F3%       ..................................................................................................................................
  %13F4%       ..................................................................................................................................
WARNING: NO OVERLAP BETWEEN SEQUENCES 132 AND 131; -1.0 WAS WRITTEN
.
  %13F5%       ...................................................................................................................................
WARNING: NO OVERLAP BETWEEN SEQUENCES 133 AND 132; -1.0 WAS WRITTEN
.
  %13F6%       .....................................................................................................................................
  %13F7%       ......................................................................................................................................
  %13F8%       .......................................................................................................................................
  %13F9%       ...................................................................................................................................
WARNING: NO OVERLAP BETWEEN SEQUENCES 137 AND 132; -1.0 WAS WRITTEN
.....
  %13FA%       ...................................................................................................................................
WARNING: NO OVERLAP BETWEEN SEQUENCES 138 AND 132; -1.0 WAS WRITTEN
....
WARNING: NO OVERLAP BETWEEN SEQUENCES 138 AND 136; -1.0 WAS WRITTEN
..
  %13FB%       ..........................................................................................................................................

Output written to file "outfile"

