12as	sp|P00963|ASNA_ECOLI	99.39	327	2	0	1	327	4	330	0.0	 640
12as	sp|A2UKD3|A2UKD3_ECOLX	99.39	327	2	0	1	327	4	330	0.0	 640
12as	sp|A8A6K7|A8A6K7_ECOLX	99.39	327	2	0	1	327	4	330	0.0	 640
12as	sp|Q0TAW5|Q0TAW5_ECOL5	99.39	327	2	0	1	327	4	330	0.0	 640
12as	sp|P63624|ASNA_ECO57	99.08	327	3	0	1	327	4	330	0.0	 639
12as	sp|P63623|ASNA_ECOL6	99.08	327	3	0	1	327	4	330	0.0	 639
12as	sp|Q329T3|Q329T3_SHIDS	99.08	327	3	0	1	327	4	330	0.0	 639
12as	sp|Q3YVP8|Q3YVP8_SHISS	98.78	327	4	0	1	327	4	330	0.0	 638
12as	sp|Q1R4I8|Q1R4I8_ECOUT	98.78	327	4	0	1	327	4	330	0.0	 636
12as	sp|A1AHS4|A1AHS4_ECOK1	98.78	327	4	0	1	327	4	330	0.0	 636
12as	sp|A7ZTV5|A7ZTV5_ECOLX	98.47	327	5	0	1	327	4	330	0.0	 636
12as	sp|Q83PJ4|ASNA_SHIFL	98.47	327	5	0	1	327	4	330	0.0	 635
12as	sp|Q0SYT2|Q0SYT2_SHIF8	98.47	327	5	0	1	327	4	330	0.0	 635
12as	sp|Q31UP3|Q31UP3_SHIBS	98.78	327	4	0	1	327	4	330	2e-180	 634
12as	sp|A8ACQ0|A8ACQ0_CITK8	94.80	327	17	0	1	327	24	350	4e-174	 613
12as	sp|Q5PJY0|Q5PJY0_SALPA	94.19	327	19	0	1	327	4	330	7e-174	 612
12as	sp|Q8Z2Q9|ASNA_SALTI	93.88	327	20	0	1	327	4	330	3e-173	 610
12as	sp|Q57HW6|Q57HW6_SALCH	94.19	327	19	0	1	327	4	330	3e-173	 610
12as	sp|Q8ZKW4|ASNA_SALTY	93.58	327	21	0	1	327	4	330	2e-172	 608
12as	sp|A6TG48|A6TG48_KLEPN	89.30	327	35	0	1	327	4	330	6e-164	 579
12as	sp|A4WGE3|A4WGE3_9ENTR	88.69	327	37	0	1	327	4	330	2e-163	 578
12as	sp|A7MMW6|A7MMW6_ENTS8	83.18	327	55	0	1	327	4	330	7e-151	 536
12as	sp|Q6DB95|Q6DB95_ERWCT	81.60	326	60	0	2	327	5	330	4e-150	 533
12as	sp|A8GLK7|A8GLK7_9ENTR	81.45	318	59	0	10	327	13	330	1e-143	 512
12as	sp|Q8ZJT3|ASNA_YERPE	78.93	318	67	0	10	327	13	330	4e-143	 510
12as	sp|A4TSI1|A4TSI1_YERPP	78.93	318	67	0	10	327	13	330	4e-143	 510
12as	sp|A6BWC5|A6BWC5_YERPE	78.93	318	67	0	10	327	13	330	4e-143	 510
12as	sp|A7FCM9|A7FCM9_YERPS	78.93	318	67	0	10	327	13	330	4e-143	 510
12as	sp|Q1CC50|Q1CC50_YERPA	78.93	318	67	0	10	327	13	330	4e-143	 510
12as	sp|Q1CNU4|Q1CNU4_YERPN	78.93	318	67	0	10	327	13	330	4e-143	 510
12as	sp|Q66GH8|Q66GH8_YERPS	78.93	318	67	0	10	327	13	330	4e-143	 510
12as	sp|A1JHR0|A1JHR0_YERE8	78.62	318	68	0	10	327	13	330	3e-142	 507
12as	sp|Q7NA83|ASNA_PHOLL	74.62	327	83	0	1	327	4	330	3e-140	 501
12as	sp|A0KQE2|A0KQE2_AERHH	73.93	326	85	0	2	327	45	370	4e-135	 484
12as	sp|A4SHR6|A4SHR6_AERS4	72.70	326	89	0	2	327	5	330	4e-133	 477
12as	sp|Q3IJJ1|Q3IJJ1_PSEHT	69.72	327	98	1	2	327	5	331	4e-128	 460
12as	sp|A0Y6Z6|A0Y6Z6_9GAMM	68.81	327	101	1	2	327	5	331	6e-126	 453
12as	sp|Q1ZEW0|Q1ZEW0_9GAMM	65.05	329	112	2	2	327	5	333	2e-120	 435
12as	sp|Q9CKN6|ASNA_PASMU	64.22	327	117	0	1	327	4	330	5e-120	 433
12as	sp|A4CEY3|A4CEY3_9GAMM	65.14	327	113	1	2	327	5	331	6e-120	 433
12as	sp|A4NMI2|A4NMI2_HAEIN	64.11	326	117	0	2	327	5	330	4e-119	 430
12as	sp|Q0I4E3|Q0I4E3_HAES1	63.91	327	118	0	1	327	7	333	5e-119	 430
12as	sp|Q4QMY5|Q4QMY5_HAEI8	63.80	326	118	0	2	327	5	330	9e-119	 429
12as	sp|A4MYL0|A4MYL0_HAEIN	63.80	326	118	0	2	327	5	330	9e-119	 429
12as	sp|A4NBC7|A4NBC7_HAEIN	63.80	326	118	0	2	327	5	330	9e-119	 429
12as	sp|A4NGQ3|A4NGQ3_HAEIN	63.80	326	118	0	2	327	5	330	9e-119	 429
12as	sp|A4NQK2|A4NQK2_HAEIN	63.80	326	118	0	2	327	5	330	2e-118	 428
12as	sp|A5U9S9|A5U9S9_HAEIE	63.80	326	118	0	2	327	5	330	3e-118	 428
12as	sp|P44338|ASNA_HAEIN	63.50	326	119	0	2	327	5	330	5e-118	 427
12as	sp|A4N6I2|A4N6I2_HAEIN	63.50	326	119	0	2	327	5	330	5e-118	 427
12as	sp|A4NV02|A4NV02_HAEIN	63.50	326	119	0	2	327	5	330	5e-118	 427
12as	sp|A5UH70|A5UH70_HAEIG	63.50	326	119	0	2	327	5	330	9e-118	 426
12as	sp|Q8E1B0|ASNA_STRA5	63.00	327	121	0	1	327	4	330	4e-117	 424
12as	sp|Q3K2R9|Q3K2R9_STRA1	63.00	327	121	0	1	327	4	330	4e-117	 424
12as	sp|Q3DV29|Q3DV29_STRAG	63.00	327	121	0	1	327	4	330	4e-117	 424
12as	sp|Q8E6R5|ASNA_STRA3	62.69	327	122	0	1	327	4	330	3e-116	 421
12as	sp|A3N3D3|A3N3D3_ACTP2	62.88	326	121	0	2	327	5	330	4e-116	 421
12as	sp|A7JT22|A7JT22_PASHA	62.39	327	123	0	1	327	4	330	5e-116	 420
12as	sp|A4VZS5|A4VZS5_STRS2	60.86	327	128	0	1	327	4	330	5e-116	 420
12as	sp|Q65WL7|Q65WL7_MANSM	61.77	327	125	0	1	327	4	330	1e-114	 416
12as	sp|A5LPJ6|A5LPJ6_STRPN	61.16	327	127	0	1	327	4	330	4e-114	 414
12as	sp|Q8CWN8|ASNA_STRR6	60.86	327	128	0	1	327	4	330	4e-114	 414
12as	sp|Q04IJ8|Q04IJ8_STRP2	60.86	327	128	0	1	327	4	330	4e-114	 414
12as	sp|Q97NQ0|ASNA_STRPN	60.86	327	128	0	1	327	4	330	7e-114	 413
12as	sp|A5LEJ3|A5LEJ3_STRPN	60.86	327	128	0	1	327	4	330	7e-114	 413
12as	sp|A5LTT6|A5LTT6_STRPN	60.86	327	128	0	1	327	4	330	7e-114	 413
12as	sp|A5M2Z3|A5M2Z3_STRPN	60.86	327	128	0	1	327	4	330	7e-114	 413
12as	sp|A5MA95|A5MA95_STRPN	60.86	327	128	0	1	327	4	330	7e-114	 413
12as	sp|A5MHN9|A5MHN9_STRPN	60.86	327	128	0	1	327	4	330	7e-114	 413
12as	sp|A5MPH2|A5MPH2_STRPN	60.86	327	128	0	1	327	4	330	7e-114	 413
12as	sp|A5MWF9|A5MWF9_STRPN	60.86	327	128	0	1	327	4	330	7e-114	 413
12as	sp|Q7VKJ0|ASNA_HAEDU	61.16	327	127	0	1	327	4	330	2e-113	 412
12as	sp|A6VLN1|A6VLN1_ACTSC	61.77	327	125	0	1	327	4	330	7e-113	 410
12as	sp|O83567|ASNA_TREPA	63.00	327	121	0	1	327	4	330	2e-112	 408
12as	sp|Q5M5S6|Q5M5S6_STRT2	60.86	327	128	0	1	327	4	330	3e-112	 407
12as	sp|Q03M60|Q03M60_STRTD	60.86	327	128	0	1	327	4	330	4e-112	 407
12as	sp|Q5M189|Q5M189_STRT1	60.86	327	128	0	1	327	4	330	4e-112	 407
12as	sp|Q3DM26|Q3DM26_STRAG	62.86	315	117	0	13	327	1	315	7e-112	 406
12as	sp|A4VTJ4|A4VTJ4_STRSY	61.27	315	122	0	13	327	3	317	2e-111	 405
12as	sp|P63625|ASNA_STRP3	59.33	327	133	0	1	327	4	330	5e-110	 400
12as	sp|P63626|ASNA_STRP8	59.33	327	133	0	1	327	4	330	5e-110	 400
12as	sp|Q1J5R0|Q1J5R0_STRPF	59.33	327	133	0	1	327	4	330	5e-110	 400
12as	sp|Q1JAR8|Q1JAR8_STRPB	59.33	327	133	0	1	327	4	330	5e-110	 400
12as	sp|Q1JKW9|Q1JKW9_STRPC	59.33	327	133	0	1	327	4	330	5e-110	 400
12as	sp|Q48SJ3|Q48SJ3_STRPM	59.33	327	133	0	1	327	4	330	5e-110	 400
12as	sp|Q99YU0|ASNA_STRP1	59.33	327	133	0	1	327	4	330	1e-109	 399
12as	sp|Q5XAY8|ASNA_STRP6	59.02	327	134	0	1	327	4	330	1e-109	 399
12as	sp|A2RDJ5|A2RDJ5_STRPG	59.33	327	133	0	1	327	4	330	1e-109	 399
12as	sp|Q1JFZ5|Q1JFZ5_STRPD	59.33	327	133	0	1	327	4	330	2e-109	 399
12as	sp|Q57WT9|Q57WT9_9TRYP	57.06	340	126	2	1	321	8	346	4e-107	 390
12as	sp|Q4CRM4|Q4CRM4_TRYCR	57.89	342	127	2	1	326	8	348	2e-104	 381
12as	sp|A4I213|A4I213_LEIIN	55.59	340	128	4	2	319	8	346	5e-102	 374
12as	sp|Q4Q9B1|Q4Q9B1_LEIMA	55.43	341	129	4	1	319	7	346	7e-101	 370
12as	sp|A4HET8|A4HET8_LEIBR	54.90	337	129	4	1	315	7	342	3e-100	 368
12as	sp|Q3DEX1|Q3DEX1_STRAG	64.13	276	99	0	52	327	4	279	4e-99	 364
12as	sp|Q5R0E3|Q5R0E3_IDILO	60.87	322	126	0	2	323	5	326	2e-98	 362
12as	sp|A3WMC3|A3WMC3_9GAMM	53.56	323	150	0	1	323	4	326	4e-92	 341
12as	sp|A5I1Y2|A5I1Y2_CLOBH	54.05	309	131	3	9	316	27	325	1e-89	 333
12as	sp|A7FU19|A7FU19_CLOB1	54.05	309	131	3	9	316	27	325	1e-89	 333
12as	sp|A7GDI9|A7GDI9_CLOBL	53.72	309	132	3	9	316	27	325	4e-89	 331
12as	sp|A7ADF0|A7ADF0_9PORP	52.72	313	146	2	9	320	23	334	2e-87	 325
12as	sp|A6L7T4|A6L7T4_BACV8	52.50	320	149	3	9	326	23	341	3e-86	 322
12as	sp|A6LI95|A6LI95_PARD8	51.59	314	150	2	9	321	23	335	3e-86	 321
12as	sp|Q1WTD6|Q1WTD6_LACS1	52.40	313	137	4	6	316	19	321	1e-82	 310
12as	sp|A5ZJH5|A5ZJH5_9BACE	49.84	319	158	2	9	326	23	340	1e-82	 309
12as	sp|Q0SRK2|Q0SRK2_CLOPS	49.68	308	144	3	9	315	23	320	2e-82	 308
12as	sp|Q8XIY5|ASNA_CLOPE	49.68	308	144	3	9	315	23	320	3e-82	 308
12as	sp|Q0TNY3|Q0TNY3_CLOP1	49.68	308	144	3	9	315	23	320	5e-82	 307
12as	sp|A7VXA9|A7VXA9_9CLOT	51.46	309	139	3	9	316	30	328	3e-81	 305
12as	sp|A6TX12|A6TX12_9CLOT	49.84	315	147	3	9	322	28	332	4e-81	 304
12as	sp|A3DBI1|A3DBI1_CLOTH	49.68	314	147	3	9	321	27	330	5e-81	 304
12as	sp|Q8A5V7|ASNA_BACTN	48.28	319	163	2	9	326	23	340	6e-81	 303
12as	sp|Q2BEP9|Q2BEP9_9BACI	49.69	320	149	4	3	321	18	326	8e-81	 303
12as	sp|Q5L9E0|Q5L9E0_BACFN	49.22	319	160	2	9	326	23	340	1e-80	 303
12as	sp|Q64PM4|Q64PM4_BACFR	49.22	319	160	2	9	326	23	340	1e-80	 303
12as	sp|Q897F7|ASNA_CLOTE	50.49	309	142	3	9	316	28	326	2e-80	 302
12as	sp|Q1F0A4|Q1F0A4_9CLOT	50.97	308	140	3	9	315	24	321	2e-80	 302
12as	sp|Q03PZ8|Q03PZ8_LACBA	50.48	315	145	3	6	319	19	323	1e-79	 299
12as	sp|Q03E72|Q03E72_PEDPA	49.21	315	149	3	6	319	19	323	2e-79	 299
12as	sp|Q1FL13|Q1FL13_9CLOT	49.52	311	146	3	6	315	21	321	5e-79	 297
12as	sp|A7B0W6|A7B0W6_RUMGN	49.19	309	146	3	9	316	23	321	2e-78	 295
12as	sp|A7LZF0|A7LZF0_BACOV	49.53	319	159	2	9	326	23	340	2e-78	 295
12as	sp|A7V2C4|A7V2C4_BACUN	49.68	314	156	2	9	321	93	405	2e-78	 295
12as	sp|A5KIJ3|A5KIJ3_9FIRM	48.89	315	150	3	9	322	23	327	3e-78	 295
12as	sp|A0PYB9|A0PYB9_CLONN	49.04	312	148	3	9	319	26	327	5e-78	 294
12as	sp|A5ZML9|A5ZML9_9FIRM	48.43	318	152	4	6	322	20	326	1e-77	 293
12as	sp|A6BDT4|A6BDT4_9CLOT	48.11	318	154	3	6	322	19	326	2e-76	 289
12as	sp|Q04A69|Q04A69_LACDB	48.43	318	153	3	6	321	20	328	4e-76	 288
12as	sp|Q88Y39|ASNA_LACPL	49.84	311	145	3	6	315	19	319	4e-76	 288
12as	sp|Q040P9|Q040P9_LACGA	48.25	315	151	4	9	321	39	343	1e-75	 286
12as	sp|A0UVC0|A0UVC0_CLOCE	49.03	308	146	3	9	315	23	320	2e-75	 285
12as	sp|P54264|ASNA_LACDA	48.11	318	154	3	6	321	20	328	2e-75	 285
12as	sp|P61190|ASNA_LACJO	48.73	316	150	4	9	322	22	327	3e-75	 285
12as	sp|Q5UCB1|Q5UCB1_TRYCR	58.51	241	83	2	38	262	2	241	5e-75	 284
12as	sp|Q81F55|ASNA_BACCR	47.17	318	156	4	6	322	12	318	6e-74	 280
12as	sp|Q2AW31|Q2AW31_9BACI	46.86	318	157	4	6	322	12	318	6e-74	 280
12as	sp|Q4MUK8|Q4MUK8_BACCE	47.17	318	156	4	6	322	12	318	8e-74	 280
12as	sp|Q183C9|Q183C9_CLOD6	47.94	315	151	5	3	316	19	321	8e-74	 280
12as	sp|A7GNN8|A7GNN8_BACCE	46.54	318	158	4	6	322	12	318	1e-73	 279
12as	sp|Q3D2Y8|Q3D2Y8_STRAG	58.93	224	92	0	1	224	4	227	1e-73	 279
12as	sp|A5VMP8|A5VMP8_LACRE	49.03	310	146	4	9	316	22	321	1e-73	 279
12as	sp|Q1UAU1|Q1UAU1_LACRE	49.68	310	144	4	9	316	22	321	1e-73	 279
12as	sp|Q81S64|ASNA_BACAN	47.17	318	156	4	6	322	12	318	2e-73	 279
12as	sp|A0RCH7|A0RCH7_BACAH	47.17	318	156	4	6	322	12	318	2e-73	 279
12as	sp|Q63D03|Q63D03_BACCZ	47.17	318	156	4	6	322	12	318	2e-73	 279
12as	sp|Q6HKD8|Q6HKD8_BACHK	47.17	318	156	4	6	322	12	318	2e-73	 279
12as	sp|P61397|ASNA_BACC1	47.17	318	156	4	6	322	12	318	2e-73	 278
12as	sp|A6NPE0|A6NPE0_9BACE	49.68	314	142	5	6	315	20	321	1e-72	 276
12as	sp|Q5FHY0|Q5FHY0_LACAC	47.02	319	157	4	9	325	22	330	1e-72	 276
12as	sp|Q41F19|Q41F19_9BACI	47.95	317	153	4	6	322	11	315	3e-72	 275
12as	sp|Q7P658|Q7P658_FUSNV	46.50	314	155	4	9	321	16	317	8e-72	 273
12as	sp|A5TWG7|A5TWG7_FUSNP	45.62	320	157	5	3	321	14	317	1e-71	 273
12as	sp|P58824|ASNA_FUSNN	45.31	320	158	5	3	321	14	317	4e-71	 271
12as	sp|A4ZH50|A4ZH50_LACHE	47.15	316	154	5	9	321	22	327	4e-70	 268
12as	sp|Q8EWQ5|ASNA_MYCPE	44.65	318	163	4	6	321	10	316	2e-68	 262
12as	sp|Q7NAM0|ASNA_MYCGA	45.16	310	156	4	9	315	15	313	2e-67	 259
12as	sp|A4GWZ3|A4GWZ3_9LACT	46.86	303	149	4	6	307	20	311	3e-64	 248
12as	sp|Q1IU69|Q1IU69_ACIBL	42.42	330	175	5	6	321	40	368	4e-64	 248
12as	sp|Q3D9E1|Q3D9E1_STRAG	61.58	190	73	0	138	327	1	190	1e-62	 243
12as	sp|A5IXK3|A5IXK3_MYCAA	41.74	321	168	5	6	322	12	317	2e-62	 242
12as	sp|Q01S82|Q01S82_SOLUE	42.77	332	171	6	6	321	37	365	2e-60	 235
12as	sp|A2EKG5|A2EKG5_TRIVA	40.55	328	173	5	2	323	7	318	2e-58	 228
12as	sp|Q9PQC8|ASNA_UREPA	40.00	320	179	5	6	323	13	321	5e-58	 228
12as	sp|Q5CPD9|Q5CPD9_CRYPV	39.18	319	166	5	9	315	23	325	1e-57	 226
12as	sp|Q2SR49|Q2SR49_MYCCT	39.13	322	177	5	6	323	12	318	5e-57	 224
12as	sp|Q6MRU7|Q6MRU7_MYCMS	38.87	319	182	4	6	323	12	318	4e-55	 218
12as	sp|Q3D2Y7|Q3D2Y7_STRAG	65.59	93	32	0	235	327	1	93	2e-27	 125
12as	sp|Q5CDB8|Q5CDB8_CRYHO	34.74	213	120	4	9	209	16	221	6e-26	 121
12as	sp|Q3EXH3|Q3EXH3_BACTI	53.19	94	44	0	229	322	3	96	1e-22	 110
12as	sp|Q4A671|Q4A671_MYCS5	29.91	234	148	5	70	302	65	283	6e-18	94.7
12as	sp|Q14QG3|Q14QG3_SPICI	23.95	309	221	5	9	315	22	318	9e-17	90.9
12as	sp|Q3EXH4|Q3EXH4_BACTI	43.52	108	59	2	6	113	12	117	1e-15	87.0
12as	sp|Q8GIY4|Q8GIY4_MYCGA	55.38	65	29	0	251	315	1	65	1e-10	70.5
12as	sp|Q8E1B0|ASNA_STRA5	63.00	327	121	0	1	327	4	330	4e-167	 590
12as	sp|Q3K2R9|Q3K2R9_STRA1	63.00	327	121	0	1	327	4	330	4e-167	 590
12as	sp|A4MYL0|A4MYL0_HAEIN	63.61	327	119	0	1	327	4	330	1e-166	 588
12as	sp|A4NBC7|A4NBC7_HAEIN	63.61	327	119	0	1	327	4	330	1e-166	 588
12as	sp|A4NGQ3|A4NGQ3_HAEIN	63.61	327	119	0	1	327	4	330	1e-166	 588
12as	sp|Q3DV29|Q3DV29_STRAG	63.00	327	121	0	1	327	4	330	2e-166	 588
12as	sp|Q8E6R5|ASNA_STRA3	62.69	327	122	0	1	327	4	330	2e-166	 588
12as	sp|A4NMI2|A4NMI2_HAEIN	63.91	327	118	0	1	327	4	330	2e-166	 588
12as	sp|A5LPJ6|A5LPJ6_STRPN	61.16	327	127	0	1	327	4	330	3e-166	 587
12as	sp|A5UH70|A5UH70_HAEIG	63.30	327	120	0	1	327	4	330	4e-166	 587
12as	sp|A3N3D3|A3N3D3_ACTP2	62.69	327	122	0	1	327	4	330	4e-166	 586
12as	sp|Q4QMY5|Q4QMY5_HAEI8	63.61	327	119	0	1	327	4	330	4e-166	 586
12as	sp|Q97NQ0|ASNA_STRPN	60.86	327	128	0	1	327	4	330	5e-166	 586
12as	sp|A5LEJ3|A5LEJ3_STRPN	60.86	327	128	0	1	327	4	330	5e-166	 586
12as	sp|A5LTT6|A5LTT6_STRPN	60.86	327	128	0	1	327	4	330	5e-166	 586
12as	sp|A5M2Z3|A5M2Z3_STRPN	60.86	327	128	0	1	327	4	330	5e-166	 586
12as	sp|A5MA95|A5MA95_STRPN	60.86	327	128	0	1	327	4	330	5e-166	 586
12as	sp|A5MHN9|A5MHN9_STRPN	60.86	327	128	0	1	327	4	330	5e-166	 586
12as	sp|A5MPH2|A5MPH2_STRPN	60.86	327	128	0	1	327	4	330	5e-166	 586
12as	sp|A5MWF9|A5MWF9_STRPN	60.86	327	128	0	1	327	4	330	5e-166	 586
12as	sp|A5U9S9|A5U9S9_HAEIE	63.61	327	119	0	1	327	4	330	6e-166	 586
12as	sp|P44338|ASNA_HAEIN	63.30	327	120	0	1	327	4	330	1e-165	 585
12as	sp|A4N6I2|A4N6I2_HAEIN	63.30	327	120	0	1	327	4	330	1e-165	 585
12as	sp|A4NV02|A4NV02_HAEIN	63.30	327	120	0	1	327	4	330	1e-165	 585
12as	sp|A4NQK2|A4NQK2_HAEIN	63.61	327	119	0	1	327	4	330	2e-165	 585
12as	sp|Q8CWN8|ASNA_STRR6	60.86	327	128	0	1	327	4	330	2e-165	 584
12as	sp|Q04IJ8|Q04IJ8_STRP2	60.86	327	128	0	1	327	4	330	2e-165	 584
12as	sp|A7JT22|A7JT22_PASHA	62.39	327	123	0	1	327	4	330	2e-165	 584
12as	sp|P63625|ASNA_STRP3	59.33	327	133	0	1	327	4	330	3e-165	 584
12as	sp|P63626|ASNA_STRP8	59.33	327	133	0	1	327	4	330	3e-165	 584
12as	sp|Q1J5R0|Q1J5R0_STRPF	59.33	327	133	0	1	327	4	330	3e-165	 584
12as	sp|Q1JAR8|Q1JAR8_STRPB	59.33	327	133	0	1	327	4	330	3e-165	 584
12as	sp|Q1JKW9|Q1JKW9_STRPC	59.33	327	133	0	1	327	4	330	3e-165	 584
12as	sp|Q48SJ3|Q48SJ3_STRPM	59.33	327	133	0	1	327	4	330	3e-165	 584
12as	sp|A4VZS5|A4VZS5_STRS2	60.86	327	128	0	1	327	4	330	3e-165	 584
12as	sp|Q99YU0|ASNA_STRP1	59.33	327	133	0	1	327	4	330	4e-165	 583
12as	sp|Q03M60|Q03M60_STRTD	60.86	327	128	0	1	327	4	330	5e-165	 583
12as	sp|Q5M189|Q5M189_STRT1	60.86	327	128	0	1	327	4	330	5e-165	 583
12as	sp|Q5M5S6|Q5M5S6_STRT2	60.86	327	128	0	1	327	4	330	6e-165	 583
12as	sp|A2RDJ5|A2RDJ5_STRPG	59.33	327	133	0	1	327	4	330	6e-165	 583
12as	sp|A6TG48|A6TG48_KLEPN	89.30	327	35	0	1	327	4	330	8e-165	 582
12as	sp|Q5XAY8|ASNA_STRP6	59.02	327	134	0	1	327	4	330	1e-164	 582
12as	sp|Q83PJ4|ASNA_SHIFL	98.47	327	5	0	1	327	4	330	1e-164	 581
12as	sp|Q0SYT2|Q0SYT2_SHIF8	98.47	327	5	0	1	327	4	330	1e-164	 581
12as	sp|P00963|ASNA_ECOLI	99.39	327	2	0	1	327	4	330	2e-164	 581
12as	sp|A2UKD3|A2UKD3_ECOLX	99.39	327	2	0	1	327	4	330	2e-164	 581
12as	sp|A8A6K7|A8A6K7_ECOLX	99.39	327	2	0	1	327	4	330	2e-164	 581
12as	sp|Q0TAW5|Q0TAW5_ECOL5	99.39	327	2	0	1	327	4	330	2e-164	 581
12as	sp|Q1JFZ5|Q1JFZ5_STRPD	59.33	327	133	0	1	327	4	330	2e-164	 581
12as	sp|P63624|ASNA_ECO57	99.08	327	3	0	1	327	4	330	2e-164	 581
12as	sp|P63623|ASNA_ECOL6	99.08	327	3	0	1	327	4	330	2e-164	 581
12as	sp|Q329T3|Q329T3_SHIDS	99.08	327	3	0	1	327	4	330	2e-164	 581
12as	sp|Q3YVP8|Q3YVP8_SHISS	98.78	327	4	0	1	327	4	330	4e-164	 580
12as	sp|A8ACQ0|A8ACQ0_CITK8	94.80	327	17	0	1	327	24	350	5e-164	 580
12as	sp|Q1R4I8|Q1R4I8_ECOUT	98.78	327	4	0	1	327	4	330	9e-164	 579
12as	sp|A1AHS4|A1AHS4_ECOK1	98.78	327	4	0	1	327	4	330	9e-164	 579
12as	sp|A7ZTV5|A7ZTV5_ECOLX	98.47	327	5	0	1	327	4	330	9e-164	 579
12as	sp|Q0I4E3|Q0I4E3_HAES1	63.91	327	118	0	1	327	7	333	2e-163	 578
12as	sp|A4WGE3|A4WGE3_9ENTR	88.69	327	37	0	1	327	4	330	3e-163	 577
12as	sp|Q9CKN6|ASNA_PASMU	64.22	327	117	0	1	327	4	330	6e-163	 576
12as	sp|Q57HW6|Q57HW6_SALCH	94.19	327	19	0	1	327	4	330	6e-163	 576
12as	sp|Q65WL7|Q65WL7_MANSM	61.77	327	125	0	1	327	4	330	7e-163	 576
12as	sp|Q5PJY0|Q5PJY0_SALPA	94.19	327	19	0	1	327	4	330	8e-163	 576
12as	sp|Q7VKJ0|ASNA_HAEDU	61.16	327	127	0	1	327	4	330	8e-163	 576
12as	sp|Q8Z2Q9|ASNA_SALTI	93.88	327	20	0	1	327	4	330	1e-162	 575
12as	sp|Q31UP3|Q31UP3_SHIBS	98.78	327	4	0	1	327	4	330	1e-162	 575
12as	sp|Q8ZKW4|ASNA_SALTY	93.58	327	21	0	1	327	4	330	2e-162	 574
12as	sp|A6VLN1|A6VLN1_ACTSC	61.77	327	125	0	1	327	4	330	2e-162	 574
12as	sp|Q6DB95|Q6DB95_ERWCT	81.60	326	60	0	2	327	5	330	4e-161	 570
12as	sp|Q3DM26|Q3DM26_STRAG	62.86	315	117	0	13	327	1	315	1e-160	 568
12as	sp|A0KQE2|A0KQE2_AERHH	73.93	326	85	0	2	327	45	370	1e-159	 565
12as	sp|A1JHR0|A1JHR0_YERE8	78.62	318	68	0	10	327	13	330	3e-159	 564
12as	sp|Q7NA83|ASNA_PHOLL	74.62	327	83	0	1	327	4	330	4e-159	 563
12as	sp|Q8ZJT3|ASNA_YERPE	78.93	318	67	0	10	327	13	330	1e-158	 561
12as	sp|A4TSI1|A4TSI1_YERPP	78.93	318	67	0	10	327	13	330	1e-158	 561
12as	sp|A6BWC5|A6BWC5_YERPE	78.93	318	67	0	10	327	13	330	1e-158	 561
12as	sp|A7FCM9|A7FCM9_YERPS	78.93	318	67	0	10	327	13	330	1e-158	 561
12as	sp|Q1CC50|Q1CC50_YERPA	78.93	318	67	0	10	327	13	330	1e-158	 561
12as	sp|Q1CNU4|Q1CNU4_YERPN	78.93	318	67	0	10	327	13	330	1e-158	 561
12as	sp|Q66GH8|Q66GH8_YERPS	78.93	318	67	0	10	327	13	330	1e-158	 561
12as	sp|A8GLK7|A8GLK7_9ENTR	81.45	318	59	0	10	327	13	330	2e-158	 561
12as	sp|A4VTJ4|A4VTJ4_STRSY	61.27	315	122	0	13	327	3	317	1e-157	 558
12as	sp|A4SHR6|A4SHR6_AERS4	72.70	326	89	0	2	327	5	330	2e-157	 558
12as	sp|A7MMW6|A7MMW6_ENTS8	83.18	327	55	0	1	327	4	330	7e-157	 556
12as	sp|O83567|ASNA_TREPA	63.00	327	121	0	1	327	4	330	2e-156	 554
12as	sp|Q3IJJ1|Q3IJJ1_PSEHT	69.72	327	98	1	2	327	5	331	2e-154	 548
12as	sp|A5I1Y2|A5I1Y2_CLOBH	51.85	324	145	3	4	326	22	335	7e-153	 543
12as	sp|A7FU19|A7FU19_CLOB1	51.85	324	145	3	4	326	22	335	7e-153	 543
12as	sp|A6BDT4|A6BDT4_9CLOT	47.66	321	157	3	4	323	17	327	8e-153	 543
12as	sp|A7ADF0|A7ADF0_9PORP	51.56	320	153	2	4	322	18	336	9e-153	 542
12as	sp|A3DBI1|A3DBI1_CLOTH	47.99	323	157	3	4	325	22	334	3e-152	 541
12as	sp|Q0TNY3|Q0TNY3_CLOP1	47.37	323	159	3	4	325	18	330	4e-152	 540
12as	sp|A7GDI9|A7GDI9_CLOBL	51.86	322	144	3	4	324	22	333	4e-152	 540
12as	sp|Q0SRK2|Q0SRK2_CLOPS	47.37	323	159	3	4	325	18	330	7e-152	 539
12as	sp|Q8XIY5|ASNA_CLOPE	47.37	323	159	3	4	325	18	330	1e-151	 539
12as	sp|A0Y6Z6|A0Y6Z6_9GAMM	68.81	327	101	1	2	327	5	331	2e-151	 538
12as	sp|A4CEY3|A4CEY3_9GAMM	65.14	327	113	1	2	327	5	331	4e-151	 537
12as	sp|A5ZJH5|A5ZJH5_9BACE	49.07	324	163	2	4	326	18	340	6e-151	 536
12as	sp|A6L7T4|A6L7T4_BACV8	51.69	325	154	3	4	326	18	341	8e-151	 536
12as	sp|Q03PZ8|Q03PZ8_LACBA	48.77	326	156	3	1	325	14	329	1e-150	 535
12as	sp|Q040P9|Q040P9_LACGA	46.91	324	160	4	4	325	34	347	1e-150	 535
12as	sp|Q03E72|Q03E72_PEDPA	47.99	323	157	3	4	325	17	329	2e-150	 535
12as	sp|Q5L9E0|Q5L9E0_BACFN	48.46	324	165	2	4	326	18	340	2e-150	 534
12as	sp|Q64PM4|Q64PM4_BACFR	48.46	324	165	2	4	326	18	340	2e-150	 534
12as	sp|A6LI95|A6LI95_PARD8	50.62	320	156	2	4	322	18	336	3e-150	 534
12as	sp|A0PYB9|A0PYB9_CLONN	47.68	323	158	3	5	326	22	334	5e-150	 533
12as	sp|Q8A5V7|ASNA_BACTN	47.53	324	168	2	4	326	18	340	5e-150	 533
12as	sp|Q1ZEW0|Q1ZEW0_9GAMM	64.74	329	113	2	2	327	5	333	1e-149	 532
12as	sp|A6TX12|A6TX12_9CLOT	48.76	322	154	3	4	324	23	334	3e-149	 530
12as	sp|A7VXA9|A7VXA9_9CLOT	49.23	323	153	3	4	325	25	337	8e-149	 529
12as	sp|Q1F0A4|Q1F0A4_9CLOT	48.31	325	157	3	1	324	16	330	2e-148	 528
12as	sp|Q897F7|ASNA_CLOTE	48.90	319	152	3	8	325	27	335	2e-148	 528
12as	sp|Q1WTD6|Q1WTD6_LACS1	50.62	324	148	4	4	325	17	330	3e-148	 527
12as	sp|P61190|ASNA_LACJO	47.53	324	158	4	4	325	17	330	5e-148	 526
12as	sp|A5ZML9|A5ZML9_9FIRM	47.68	323	157	4	4	325	18	329	7e-148	 526
12as	sp|Q57WT9|Q57WT9_9TRYP	56.89	341	127	2	1	322	8	347	6e-147	 523
12as	sp|A0UVC0|A0UVC0_CLOCE	46.89	322	160	3	5	325	19	330	7e-147	 523
12as	sp|Q1UAU1|Q1UAU1_LACRE	47.53	324	158	4	4	325	17	330	1e-146	 522
12as	sp|A5VMP8|A5VMP8_LACRE	46.91	324	160	4	4	325	17	330	1e-146	 522
12as	sp|A4I213|A4I213_LEIIN	54.18	347	136	3	2	326	8	353	3e-146	 521
12as	sp|A7LZF0|A7LZF0_BACOV	48.77	324	164	2	4	326	18	340	3e-146	 521
12as	sp|Q88Y39|ASNA_LACPL	48.59	319	153	3	1	318	14	322	3e-146	 520
12as	sp|A5KIJ3|A5KIJ3_9FIRM	48.12	320	155	3	4	322	18	327	6e-146	 519
12as	sp|Q1FL13|Q1FL13_9CLOT	47.99	323	157	3	4	325	19	331	9e-146	 519
12as	sp|Q4Q9B1|Q4Q9B1_LEIMA	54.02	348	137	3	1	326	7	353	1e-145	 519
12as	sp|Q5FHY0|Q5FHY0_LACAC	46.30	324	162	4	4	325	17	330	1e-145	 519
12as	sp|A7B0W6|A7B0W6_RUMGN	47.95	317	154	3	4	319	18	324	2e-145	 518
12as	sp|Q4CRM4|Q4CRM4_TRYCR	57.89	342	127	2	1	326	8	348	2e-145	 518
12as	sp|Q7P658|Q7P658_FUSNV	44.92	325	166	4	3	326	10	322	5e-145	 516
12as	sp|Q183C9|Q183C9_CLOD6	46.91	324	159	5	3	325	19	330	5e-145	 516
12as	sp|Q3DEX1|Q3DEX1_STRAG	63.90	277	100	0	51	327	3	279	1e-144	 515
12as	sp|A7V2C4|A7V2C4_BACUN	48.30	323	165	2	4	325	88	409	2e-144	 514
12as	sp|A5TWG7|A5TWG7_FUSNP	44.62	325	167	4	3	326	10	322	4e-144	 513
12as	sp|A6NPE0|A6NPE0_9BACE	47.38	325	157	4	4	325	18	331	5e-144	 513
12as	sp|P58824|ASNA_FUSNN	44.31	325	168	4	3	326	10	322	4e-143	 510
12as	sp|Q04A69|Q04A69_LACDB	47.53	324	159	3	4	325	18	332	2e-142	 508
12as	sp|A4HET8|A4HET8_LEIBR	53.82	340	134	3	1	318	7	345	4e-142	 507
12as	sp|A7GNN8|A7GNN8_BACCE	45.40	326	164	5	4	326	10	324	5e-142	 506
12as	sp|A4ZH50|A4ZH50_LACHE	45.85	325	163	5	4	325	17	331	1e-141	 505
12as	sp|P54264|ASNA_LACDA	47.22	324	160	3	4	325	18	332	1e-141	 505
12as	sp|Q81F55|ASNA_BACCR	46.01	326	162	5	4	326	10	324	4e-140	 500
12as	sp|P61397|ASNA_BACC1	46.01	326	162	5	4	326	10	324	1e-139	 498
12as	sp|Q4MUK8|Q4MUK8_BACCE	46.01	326	162	5	4	326	10	324	2e-139	 498
12as	sp|Q81S64|ASNA_BACAN	46.01	326	162	5	4	326	10	324	2e-139	 498
12as	sp|A0RCH7|A0RCH7_BACAH	46.01	326	162	5	4	326	10	324	2e-139	 498
12as	sp|Q63D03|Q63D03_BACCZ	46.01	326	162	5	4	326	10	324	2e-139	 498
12as	sp|Q6HKD8|Q6HKD8_BACHK	46.01	326	162	5	4	326	10	324	2e-139	 498
12as	sp|Q2AW31|Q2AW31_9BACI	45.71	326	163	5	4	326	10	324	3e-139	 497
12as	sp|Q2BEP9|Q2BEP9_9BACI	49.07	324	153	4	3	325	18	330	2e-137	 491
12as	sp|A3WMC3|A3WMC3_9GAMM	53.56	323	150	0	1	323	4	326	3e-137	 491
12as	sp|Q5R0E3|Q5R0E3_IDILO	60.87	322	126	0	2	323	5	326	4e-136	 487
12as	sp|Q41F19|Q41F19_9BACI	47.06	323	159	4	1	323	6	316	2e-133	 478
12as	sp|Q7NAM0|ASNA_MYCGA	43.75	320	166	4	3	319	9	317	2e-130	 468
12as	sp|A4GWZ3|A4GWZ3_9LACT	46.56	305	151	4	4	307	18	311	5e-130	 466
12as	sp|Q8EWQ5|ASNA_MYCPE	43.25	326	172	4	1	324	5	319	2e-129	 465
12as	sp|A5IXK3|A5IXK3_MYCAA	41.23	325	172	5	4	324	10	319	6e-128	 460
12as	sp|Q1IU69|Q1IU69_ACIBL	41.79	335	180	5	4	324	38	371	2e-125	 452
12as	sp|Q9PQC8|ASNA_UREPA	39.75	322	181	5	4	323	11	321	4e-123	 444
12as	sp|Q6MRU7|Q6MRU7_MYCMS	38.27	324	187	4	1	323	7	318	5e-123	 444
12as	sp|Q01S82|Q01S82_SOLUE	41.37	336	182	5	4	325	35	369	9e-123	 442
12as	sp|Q2SR49|Q2SR49_MYCCT	39.25	321	182	5	4	323	10	318	2e-121	 439
12as	sp|A2EKG5|A2EKG5_TRIVA	41.09	331	167	6	2	323	7	318	3e-113	 411
12as	sp|Q5CPD9|Q5CPD9_CRYPV	38.94	321	168	5	9	317	23	327	6e-113	 410
12as	sp|Q3D2Y8|Q3D2Y8_STRAG	58.15	227	95	0	1	227	4	230	3e-107	 391
12as	sp|Q5UCB1|Q5UCB1_TRYCR	58.51	241	83	2	38	262	2	241	4e-103	 377
12as	sp|Q3D9E1|Q3D9E1_STRAG	61.58	190	73	0	138	327	1	190	5e-95	 350
12as	sp|Q14QG3|Q14QG3_SPICI	23.10	316	231	4	7	321	20	324	8e-90	 333
12as	sp|Q4A671|Q4A671_MYCS5	25.82	306	198	8	1	305	9	286	7e-69	 263
12as	sp|Q5CDB8|Q5CDB8_CRYHO	34.74	213	120	4	9	209	16	221	6e-63	 244
12as	sp|Q3D2Y7|Q3D2Y7_STRAG	66.30	92	31	0	236	327	2	93	2e-42	 175
12as	sp|Q3EXH4|Q3EXH4_BACTI	43.12	109	60	2	4	112	10	116	2e-40	 169
12as	sp|Q3EXH3|Q3EXH3_BACTI	50.00	100	48	1	229	326	3	102	4e-40	 168
12as	sp|Q8GIY4|Q8GIY4_MYCGA	50.00	72	36	0	251	322	1	72	4e-25	 118
12as	sp|A4GX00|A4GX00_9LACT	50.00	44	22	0	282	325	1	44	3e-14	82.3
12as	sp|Q3DC98|Q3DC98_STRAG	44.19	43	24	0	1	43	4	46	2e-06	56.9
12as	sp|Q8E1B0|ASNA_STRA5	63.00	327	121	0	1	327	4	330	2e-167	 591
12as	sp|Q3K2R9|Q3K2R9_STRA1	63.00	327	121	0	1	327	4	330	2e-167	 591
12as	sp|Q3DV29|Q3DV29_STRAG	63.00	327	121	0	1	327	4	330	1e-166	 588
12as	sp|Q8E6R5|ASNA_STRA3	62.69	327	122	0	1	327	4	330	1e-166	 588
12as	sp|A5LPJ6|A5LPJ6_STRPN	61.16	327	127	0	1	327	4	330	1e-166	 588
12as	sp|A3N3D3|A3N3D3_ACTP2	62.69	327	122	0	1	327	4	330	1e-166	 588
12as	sp|Q97NQ0|ASNA_STRPN	60.86	327	128	0	1	327	4	330	2e-166	 588
12as	sp|A5LEJ3|A5LEJ3_STRPN	60.86	327	128	0	1	327	4	330	2e-166	 588
12as	sp|A5LTT6|A5LTT6_STRPN	60.86	327	128	0	1	327	4	330	2e-166	 588
12as	sp|A5M2Z3|A5M2Z3_STRPN	60.86	327	128	0	1	327	4	330	2e-166	 588
12as	sp|A5MA95|A5MA95_STRPN	60.86	327	128	0	1	327	4	330	2e-166	 588
12as	sp|A5MHN9|A5MHN9_STRPN	60.86	327	128	0	1	327	4	330	2e-166	 588
12as	sp|A5MPH2|A5MPH2_STRPN	60.86	327	128	0	1	327	4	330	2e-166	 588
12as	sp|A5MWF9|A5MWF9_STRPN	60.86	327	128	0	1	327	4	330	2e-166	 588
12as	sp|A4MYL0|A4MYL0_HAEIN	63.61	327	119	0	1	327	4	330	2e-166	 587
12as	sp|A4NBC7|A4NBC7_HAEIN	63.61	327	119	0	1	327	4	330	2e-166	 587
12as	sp|A4NGQ3|A4NGQ3_HAEIN	63.61	327	119	0	1	327	4	330	2e-166	 587
12as	sp|A4NMI2|A4NMI2_HAEIN	63.91	327	118	0	1	327	4	330	3e-166	 587
12as	sp|A5UH70|A5UH70_HAEIG	63.30	327	120	0	1	327	4	330	5e-166	 586
12as	sp|Q4QMY5|Q4QMY5_HAEI8	63.61	327	119	0	1	327	4	330	6e-166	 586
12as	sp|Q8CWN8|ASNA_STRR6	60.86	327	128	0	1	327	4	330	8e-166	 585
12as	sp|Q04IJ8|Q04IJ8_STRP2	60.86	327	128	0	1	327	4	330	8e-166	 585
12as	sp|A4VZS5|A4VZS5_STRS2	60.86	327	128	0	1	327	4	330	9e-166	 585
12as	sp|A5U9S9|A5U9S9_HAEIE	63.61	327	119	0	1	327	4	330	1e-165	 585
12as	sp|P63625|ASNA_STRP3	59.33	327	133	0	1	327	4	330	1e-165	 585
12as	sp|P63626|ASNA_STRP8	59.33	327	133	0	1	327	4	330	1e-165	 585
12as	sp|Q1J5R0|Q1J5R0_STRPF	59.33	327	133	0	1	327	4	330	1e-165	 585
12as	sp|Q1JAR8|Q1JAR8_STRPB	59.33	327	133	0	1	327	4	330	1e-165	 585
12as	sp|Q1JKW9|Q1JKW9_STRPC	59.33	327	133	0	1	327	4	330	1e-165	 585
12as	sp|Q48SJ3|Q48SJ3_STRPM	59.33	327	133	0	1	327	4	330	1e-165	 585
12as	sp|A7JT22|A7JT22_PASHA	62.39	327	123	0	1	327	4	330	2e-165	 584
12as	sp|Q99YU0|ASNA_STRP1	59.33	327	133	0	1	327	4	330	2e-165	 584
12as	sp|P44338|ASNA_HAEIN	63.30	327	120	0	1	327	4	330	2e-165	 584
12as	sp|A4N6I2|A4N6I2_HAEIN	63.30	327	120	0	1	327	4	330	2e-165	 584
12as	sp|A4NV02|A4NV02_HAEIN	63.30	327	120	0	1	327	4	330	2e-165	 584
12as	sp|Q03M60|Q03M60_STRTD	60.86	327	128	0	1	327	4	330	2e-165	 584
12as	sp|Q5M189|Q5M189_STRT1	60.86	327	128	0	1	327	4	330	2e-165	 584
12as	sp|A4NQK2|A4NQK2_HAEIN	63.61	327	119	0	1	327	4	330	3e-165	 584
12as	sp|Q5M5S6|Q5M5S6_STRT2	60.86	327	128	0	1	327	4	330	3e-165	 584
12as	sp|A2RDJ5|A2RDJ5_STRPG	59.33	327	133	0	1	327	4	330	3e-165	 583
12as	sp|Q5XAY8|ASNA_STRP6	59.02	327	134	0	1	327	4	330	6e-165	 583
12as	sp|Q1JFZ5|Q1JFZ5_STRPD	59.33	327	133	0	1	327	4	330	1e-164	 582
12as	sp|Q0I4E3|Q0I4E3_HAES1	63.91	327	118	0	1	327	7	333	3e-163	 577
12as	sp|Q9CKN6|ASNA_PASMU	64.22	327	117	0	1	327	4	330	3e-163	 577
12as	sp|Q7VKJ0|ASNA_HAEDU	61.16	327	127	0	1	327	4	330	4e-163	 577
12as	sp|Q65WL7|Q65WL7_MANSM	61.77	327	125	0	1	327	4	330	5e-163	 576
12as	sp|A6TG48|A6TG48_KLEPN	89.30	327	35	0	1	327	4	330	6e-163	 576
12as	sp|A6VLN1|A6VLN1_ACTSC	61.77	327	125	0	1	327	4	330	1e-162	 575
12as	sp|Q83PJ4|ASNA_SHIFL	98.47	327	5	0	1	327	4	330	4e-162	 573
12as	sp|Q0SYT2|Q0SYT2_SHIF8	98.47	327	5	0	1	327	4	330	4e-162	 573
12as	sp|P00963|ASNA_ECOLI	99.39	327	2	0	1	327	4	330	5e-162	 573
12as	sp|A2UKD3|A2UKD3_ECOLX	99.39	327	2	0	1	327	4	330	5e-162	 573
12as	sp|A8A6K7|A8A6K7_ECOLX	99.39	327	2	0	1	327	4	330	5e-162	 573
12as	sp|Q0TAW5|Q0TAW5_ECOL5	99.39	327	2	0	1	327	4	330	5e-162	 573
12as	sp|P63624|ASNA_ECO57	99.08	327	3	0	1	327	4	330	7e-162	 572
12as	sp|P63623|ASNA_ECOL6	99.08	327	3	0	1	327	4	330	7e-162	 572
12as	sp|Q329T3|Q329T3_SHIDS	99.08	327	3	0	1	327	4	330	7e-162	 572
12as	sp|A8ACQ0|A8ACQ0_CITK8	94.80	327	17	0	1	327	24	350	1e-161	 572
12as	sp|Q3YVP8|Q3YVP8_SHISS	98.78	327	4	0	1	327	4	330	1e-161	 572
12as	sp|A7ZTV5|A7ZTV5_ECOLX	98.47	327	5	0	1	327	4	330	2e-161	 571
12as	sp|Q1R4I8|Q1R4I8_ECOUT	98.78	327	4	0	1	327	4	330	3e-161	 570
12as	sp|A1AHS4|A1AHS4_ECOK1	98.78	327	4	0	1	327	4	330	3e-161	 570
12as	sp|A4WGE3|A4WGE3_9ENTR	88.69	327	37	0	1	327	4	330	4e-161	 570
12as	sp|Q57HW6|Q57HW6_SALCH	94.19	327	19	0	1	327	4	330	1e-160	 568
12as	sp|Q3DM26|Q3DM26_STRAG	62.86	315	117	0	13	327	1	315	1e-160	 568
12as	sp|Q5PJY0|Q5PJY0_SALPA	94.19	327	19	0	1	327	4	330	1e-160	 568
12as	sp|Q6DB95|Q6DB95_ERWCT	81.60	326	60	0	2	327	5	330	2e-160	 568
12as	sp|Q8Z2Q9|ASNA_SALTI	93.88	327	20	0	1	327	4	330	2e-160	 568
12as	sp|Q8ZKW4|ASNA_SALTY	93.58	327	21	0	1	327	4	330	4e-160	 567
12as	sp|Q31UP3|Q31UP3_SHIBS	98.78	327	4	0	1	327	4	330	4e-160	 566
12as	sp|A0KQE2|A0KQE2_AERHH	73.93	326	85	0	2	327	45	370	5e-159	 563
12as	sp|Q7NA83|ASNA_PHOLL	74.62	327	83	0	1	327	4	330	6e-159	 563
12as	sp|A1JHR0|A1JHR0_YERE8	78.62	318	68	0	10	327	13	330	1e-158	 561
12as	sp|A8GLK7|A8GLK7_9ENTR	81.45	318	59	0	10	327	13	330	9e-158	 559
12as	sp|A4VTJ4|A4VTJ4_STRSY	61.27	315	122	0	13	327	3	317	1e-157	 559
12as	sp|Q8ZJT3|ASNA_YERPE	78.93	318	67	0	10	327	13	330	2e-157	 558
12as	sp|A4TSI1|A4TSI1_YERPP	78.93	318	67	0	10	327	13	330	2e-157	 558
12as	sp|A6BWC5|A6BWC5_YERPE	78.93	318	67	0	10	327	13	330	2e-157	 558
12as	sp|A7FCM9|A7FCM9_YERPS	78.93	318	67	0	10	327	13	330	2e-157	 558
12as	sp|Q1CC50|Q1CC50_YERPA	78.93	318	67	0	10	327	13	330	2e-157	 558
12as	sp|Q1CNU4|Q1CNU4_YERPN	78.93	318	67	0	10	327	13	330	2e-157	 558
12as	sp|Q66GH8|Q66GH8_YERPS	78.93	318	67	0	10	327	13	330	2e-157	 558
12as	sp|A4SHR6|A4SHR6_AERS4	72.70	326	89	0	2	327	5	330	1e-156	 555
12as	sp|A7MMW6|A7MMW6_ENTS8	83.18	327	55	0	1	327	4	330	1e-155	 552
12as	sp|O83567|ASNA_TREPA	63.00	327	121	0	1	327	4	330	2e-155	 551
12as	sp|A3DBI1|A3DBI1_CLOTH	47.55	326	160	3	1	325	19	334	6e-155	 549
12as	sp|A5I1Y2|A5I1Y2_CLOBH	51.38	327	148	3	1	326	19	335	7e-155	 549
12as	sp|A7FU19|A7FU19_CLOB1	51.38	327	148	3	1	326	19	335	7e-155	 549
12as	sp|Q0TNY3|Q0TNY3_CLOP1	46.93	326	162	3	1	325	15	330	2e-154	 548
12as	sp|A7GDI9|A7GDI9_CLOBL	51.38	325	147	3	1	324	19	333	4e-154	 547
12as	sp|Q0SRK2|Q0SRK2_CLOPS	46.93	326	162	3	1	325	15	330	4e-154	 547
12as	sp|Q8XIY5|ASNA_CLOPE	46.93	326	162	3	1	325	15	330	6e-154	 546
12as	sp|A6BDT4|A6BDT4_9CLOT	46.93	326	162	3	1	325	14	329	8e-154	 546
12as	sp|A7ADF0|A7ADF0_9PORP	51.56	320	153	2	4	322	18	336	1e-153	 545
12as	sp|Q3IJJ1|Q3IJJ1_PSEHT	69.72	327	98	1	2	327	5	331	3e-153	 544
12as	sp|Q03PZ8|Q03PZ8_LACBA	48.77	326	156	3	1	325	14	329	4e-153	 543
12as	sp|A6L7T4|A6L7T4_BACV8	51.53	326	155	3	3	326	17	341	4e-153	 543
12as	sp|Q040P9|Q040P9_LACGA	46.48	327	163	4	1	325	31	347	4e-153	 543
12as	sp|A5ZJH5|A5ZJH5_9BACE	48.92	325	164	2	3	326	17	340	5e-153	 543
12as	sp|Q03E72|Q03E72_PEDPA	47.55	326	160	3	1	325	14	329	1e-152	 542
12as	sp|Q5L9E0|Q5L9E0_BACFN	48.31	325	166	2	3	326	17	340	4e-152	 540
12as	sp|Q64PM4|Q64PM4_BACFR	48.31	325	166	2	3	326	17	340	4e-152	 540
12as	sp|Q8A5V7|ASNA_BACTN	47.38	325	169	2	3	326	17	340	5e-152	 539
12as	sp|A0PYB9|A0PYB9_CLONN	47.38	325	160	3	3	326	20	334	7e-152	 539
12as	sp|A4CEY3|A4CEY3_9GAMM	65.14	327	113	1	2	327	5	331	2e-151	 538
12as	sp|A7VXA9|A7VXA9_9CLOT	48.77	326	156	3	1	325	22	337	2e-151	 538
12as	sp|Q1F0A4|Q1F0A4_9CLOT	48.31	325	157	3	1	324	16	330	3e-151	 537
12as	sp|A6LI95|A6LI95_PARD8	50.62	320	156	2	4	322	18	336	4e-151	 537
12as	sp|A0Y6Z6|A0Y6Z6_9GAMM	68.81	327	101	1	2	327	5	331	5e-151	 536
12as	sp|Q1WTD6|Q1WTD6_LACS1	50.15	327	151	4	1	325	14	330	6e-151	 536
12as	sp|P61190|ASNA_LACJO	46.79	327	162	4	1	325	14	330	1e-150	 535
12as	sp|Q1UAU1|Q1UAU1_LACRE	47.09	327	161	4	1	325	14	330	4e-150	 534
12as	sp|A6TX12|A6TX12_9CLOT	48.46	324	156	3	2	324	21	334	4e-150	 533
12as	sp|A5VMP8|A5VMP8_LACRE	46.48	327	163	4	1	325	14	330	5e-150	 533
12as	sp|Q897F7|ASNA_CLOTE	48.15	324	157	3	3	325	22	335	6e-150	 533
12as	sp|Q88Y39|ASNA_LACPL	48.59	319	153	3	1	318	14	322	8e-149	 529
12as	sp|Q1ZEW0|Q1ZEW0_9GAMM	64.74	329	113	2	2	327	5	333	1e-148	 529
12as	sp|A0UVC0|A0UVC0_CLOCE	46.89	322	160	3	5	325	19	330	1e-148	 529
12as	sp|A7LZF0|A7LZF0_BACOV	48.62	325	165	2	3	326	17	340	2e-148	 528
12as	sp|A5ZML9|A5ZML9_9FIRM	47.68	323	157	4	4	325	18	329	5e-148	 526
12as	sp|Q5FHY0|Q5FHY0_LACAC	45.57	327	166	4	1	325	14	330	1e-147	 525
12as	sp|A5KIJ3|A5KIJ3_9FIRM	47.24	326	161	3	1	325	15	330	2e-147	 524
12as	sp|A4I213|A4I213_LEIIN	54.18	347	136	3	2	326	8	353	9e-147	 522
12as	sp|A7B0W6|A7B0W6_RUMGN	47.50	320	157	3	1	319	15	324	9e-147	 522
12as	sp|A7V2C4|A7V2C4_BACUN	48.15	324	166	2	3	325	87	409	2e-146	 521
12as	sp|Q1FL13|Q1FL13_9CLOT	47.69	325	159	3	2	325	17	331	3e-146	 521
12as	sp|Q57WT9|Q57WT9_9TRYP	56.89	341	127	2	1	322	8	347	3e-146	 521
12as	sp|Q4Q9B1|Q4Q9B1_LEIMA	54.02	348	137	3	1	326	7	353	5e-146	 520
12as	sp|Q7P658|Q7P658_FUSNV	44.79	326	167	4	2	326	9	322	6e-146	 519
12as	sp|Q183C9|Q183C9_CLOD6	46.77	325	160	5	2	325	18	330	2e-145	 518
12as	sp|A6NPE0|A6NPE0_9BACE	47.38	325	157	4	4	325	18	331	3e-145	 517
12as	sp|Q04A69|Q04A69_LACDB	47.09	327	162	3	1	325	15	332	4e-145	 517
12as	sp|A5TWG7|A5TWG7_FUSNP	44.48	326	168	4	2	326	9	322	4e-145	 517
12as	sp|A4ZH50|A4ZH50_LACHE	45.12	328	167	5	1	325	14	331	2e-144	 515
12as	sp|P54264|ASNA_LACDA	46.79	327	163	3	1	325	15	332	3e-144	 514
12as	sp|Q4CRM4|Q4CRM4_TRYCR	57.89	342	127	2	1	326	8	348	4e-144	 513
12as	sp|Q3DEX1|Q3DEX1_STRAG	63.90	277	100	0	51	327	3	279	5e-144	 513
12as	sp|P58824|ASNA_FUSNN	44.17	326	169	4	2	326	9	322	6e-144	 513
12as	sp|A7GNN8|A7GNN8_BACCE	45.54	325	165	4	1	324	7	320	7e-143	 509
12as	sp|A4HET8|A4HET8_LEIBR	53.67	341	135	3	1	319	7	346	1e-142	 508
12as	sp|Q81F55|ASNA_BACCR	46.15	325	163	4	1	324	7	320	9e-141	 502
12as	sp|P61397|ASNA_BACC1	46.15	325	163	4	1	324	7	320	3e-140	 501
12as	sp|Q81S64|ASNA_BACAN	46.15	325	163	4	1	324	7	320	4e-140	 500
12as	sp|A0RCH7|A0RCH7_BACAH	46.15	325	163	4	1	324	7	320	4e-140	 500
12as	sp|Q63D03|Q63D03_BACCZ	46.15	325	163	4	1	324	7	320	4e-140	 500
12as	sp|Q6HKD8|Q6HKD8_BACHK	46.15	325	163	4	1	324	7	320	4e-140	 500
12as	sp|Q4MUK8|Q4MUK8_BACCE	46.15	325	163	4	1	324	7	320	4e-140	 500
12as	sp|Q2AW31|Q2AW31_9BACI	45.85	325	164	4	1	324	7	320	6e-140	 500
12as	sp|Q2BEP9|Q2BEP9_9BACI	49.07	324	153	4	3	325	18	330	2e-138	 495
12as	sp|A3WMC3|A3WMC3_9GAMM	53.56	323	150	0	1	323	4	326	8e-137	 489
12as	sp|Q5R0E3|Q5R0E3_IDILO	60.87	322	126	0	2	323	5	326	6e-136	 486
12as	sp|Q41F19|Q41F19_9BACI	46.77	325	161	4	1	325	6	318	5e-135	 483
12as	sp|Q7NAM0|ASNA_MYCGA	42.68	328	174	4	1	325	7	323	1e-131	 472
12as	sp|A4GWZ3|A4GWZ3_9LACT	46.56	305	151	4	4	307	18	311	2e-131	 471
12as	sp|Q8EWQ5|ASNA_MYCPE	43.25	326	172	4	1	324	5	319	3e-131	 471
12as	sp|A5IXK3|A5IXK3_MYCAA	40.92	325	179	4	1	324	7	319	9e-129	 462
12as	sp|Q1IU69|Q1IU69_ACIBL	41.67	336	181	5	3	324	37	371	3e-127	 457
12as	sp|Q01S82|Q01S82_SOLUE	41.00	339	185	5	1	325	32	369	6e-125	 450
12as	sp|Q6MRU7|Q6MRU7_MYCMS	38.15	325	188	4	1	324	7	319	1e-123	 445
12as	sp|Q2SR49|Q2SR49_MYCCT	38.77	325	186	5	1	324	7	319	2e-123	 445
12as	sp|Q9PQC8|ASNA_UREPA	39.75	322	181	5	4	323	11	321	5e-122	 440
12as	sp|A2EKG5|A2EKG5_TRIVA	40.48	331	169	7	2	323	7	318	1e-113	 412
12as	sp|Q5CPD9|Q5CPD9_CRYPV	38.11	328	175	5	2	317	16	327	2e-113	 411
12as	sp|Q3D2Y8|Q3D2Y8_STRAG	58.15	227	95	0	1	227	4	230	2e-109	 398
12as	sp|Q5UCB1|Q5UCB1_TRYCR	58.51	241	83	2	38	262	2	241	7e-103	 377
12as	sp|Q3D9E1|Q3D9E1_STRAG	61.58	190	73	0	138	327	1	190	1e-93	 346
12as	sp|Q14QG3|Q14QG3_SPICI	22.88	319	234	4	4	321	17	324	9e-89	 330
12as	sp|Q4A671|Q4A671_MYCS5	25.82	306	198	8	1	305	9	286	7e-81	 303
12as	sp|Q5CDB8|Q5CDB8_CRYHO	33.64	220	127	4	2	209	9	221	5e-64	 247
12as	sp|Q3EXH4|Q3EXH4_BACTI	41.96	112	63	2	1	112	7	116	1e-41	 173
12as	sp|Q3D2Y7|Q3D2Y7_STRAG	66.30	92	31	0	236	327	2	93	8e-41	 170
12as	sp|Q3EXH3|Q3EXH3_BACTI	52.08	96	46	0	229	324	3	98	3e-39	 165
12as	sp|Q8GIY4|Q8GIY4_MYCGA	48.00	75	39	0	251	325	1	75	7e-25	 117
12as	sp|A4GX00|A4GX00_9LACT	50.00	44	22	0	282	325	1	44	4e-14	82.0
12as	sp|Q3DC98|Q3DC98_STRAG	44.19	43	24	0	1	43	4	46	2e-08	63.1
