


 CLUSTAL W (1.83) Multiple Sequence Alignments



Sequence format is Pearson
Sequence 1: %134C%          327 aa
Sequence 2: %134D%          327 aa
Sequence 3: %1351%          327 aa
Sequence 4: %1354%          327 aa
Sequence 5: %1355%          327 aa
Sequence 6: %1357%          327 aa
Sequence 7: %1358%          327 aa
Sequence 8: %135A%          327 aa
Sequence 9: %135B%          327 aa
Sequence 10: %135C%          327 aa
Sequence 11: %135D%          327 aa
Sequence 12: %135E%          327 aa
Sequence 13: %135F%          327 aa
Sequence 14: %1360%          327 aa
Sequence 15: %1361%          327 aa
Sequence 16: %1362%          327 aa
Sequence 17: %1363%          327 aa
Sequence 18: %1364%          327 aa
Sequence 19: %1365%          327 aa
Sequence 20: %136C%          327 aa
Sequence 21: %136D%          327 aa
Sequence 22: %136E%          327 aa
Sequence 23: %136F%          327 aa
Sequence 24: %1370%          327 aa
Sequence 25: %1371%          327 aa
Sequence 26: %1372%          327 aa
Sequence 27: %1373%          327 aa
Sequence 28: %1374%          327 aa
Sequence 29: %1375%          327 aa
Sequence 30: %1376%          327 aa
Sequence 31: %1377%          327 aa
Sequence 32: %1378%          327 aa
Sequence 33: %137B%          327 aa
Sequence 34: %137C%          327 aa
Sequence 35: %137D%          327 aa
Sequence 36: %1380%          327 aa
Sequence 37: %1381%          327 aa
Sequence 38: %1383%          327 aa
Sequence 39: %1384%          327 aa
Sequence 40: %1385%          327 aa
Sequence 41: %1386%          327 aa
Sequence 42: %1387%          327 aa
Sequence 43: %1388%          327 aa
Sequence 44: %1389%          327 aa
Sequence 45: %138A%          327 aa
Sequence 46: %138C%          327 aa
Sequence 47: %1394%          327 aa
Sequence 48: %1395%          327 aa
Sequence 49: %1396%          327 aa
Sequence 50: %1397%          327 aa
Sequence 51: %1398%          327 aa
Sequence 52: %139A%          327 aa
Sequence 53: %139B%          327 aa
Sequence 54: %139C%          327 aa
Sequence 55: %13A2%          327 aa
Sequence 56: %13A3%          327 aa
Sequence 57: %13A4%          327 aa
Sequence 58: %13A5%          327 aa
Sequence 59: %13A6%          327 aa
Sequence 60: %13A7%          327 aa
Sequence 61: %13A8%          327 aa
Sequence 62: %13A9%          327 aa
Sequence 63: %13AA%          327 aa
Sequence 64: %13AB%          327 aa
Sequence 65: %13AC%          327 aa
Sequence 66: %13AD%          327 aa
Sequence 67: %13AE%          327 aa
Sequence 68: %13B0%          327 aa
Sequence 69: %13B1%          327 aa
Sequence 70: %13B2%          327 aa
Sequence 71: %13B3%          327 aa
Sequence 72: %13B4%          327 aa
Sequence 73: %13B5%          327 aa
Sequence 74: %13B6%          327 aa
Sequence 75: %13B7%          327 aa
Sequence 76: %13B8%          327 aa
Sequence 77: %13B9%          327 aa
Sequence 78: %13BA%          327 aa
Sequence 79: %13BB%          327 aa
Sequence 80: %13BC%          327 aa
Sequence 81: %13BD%          327 aa
Sequence 82: %13BE%          327 aa
Sequence 83: %13C0%          327 aa
Sequence 84: %13C1%          327 aa
Sequence 85: %13C2%          327 aa
Sequence 86: %13C3%          327 aa
Sequence 87: %13C4%          327 aa
Sequence 88: %13C5%          327 aa
Sequence 89: %13C6%          327 aa
Sequence 90: %13C7%          327 aa
Sequence 91: %13C8%          327 aa
Sequence 92: %13C9%          327 aa
Sequence 93: %13CA%          327 aa
Sequence 94: %13CB%          327 aa
Sequence 95: %13CC%          327 aa
Sequence 96: %13CD%          327 aa
Sequence 97: %13CE%          327 aa
Sequence 98: %13CF%          327 aa
Sequence 99: %13D0%          327 aa
Sequence 100: %13D1%          327 aa
Sequence 101: %13D2%          327 aa
Sequence 102: %13D3%          327 aa
Sequence 103: %13D4%          327 aa
Sequence 104: %13D5%          327 aa
Sequence 105: %13D6%          327 aa
Sequence 106: %13D7%          327 aa
Sequence 107: %13D8%          327 aa
Sequence 108: %13D9%          327 aa
Sequence 109: %13DA%          327 aa
Sequence 110: %13DB%          327 aa
Sequence 111: %13DF%          327 aa
Sequence 112: %13E0%          327 aa
Sequence 113: %13E1%          327 aa
Sequence 114: %13E2%          327 aa
Sequence 115: %13E3%          327 aa
Sequence 116: %13E4%          327 aa
Sequence 117: %13E5%          327 aa
Sequence 118: %13E6%          327 aa
Sequence 119: %13E7%          327 aa
Sequence 120: %13E8%          327 aa
Sequence 121: %13E9%          327 aa
Sequence 122: %13EA%          327 aa
Sequence 123: %13EB%          327 aa
Sequence 124: %13EC%          327 aa
Sequence 125: %13ED%          327 aa
Sequence 126: %13EE%          327 aa
Sequence 127: %13EF%          327 aa
Sequence 128: %13F0%          327 aa
Sequence 129: %13F1%          327 aa
Sequence 130: %13F2%          327 aa
Sequence 131: %13F3%          327 aa
Sequence 132: %13F4%          327 aa
Sequence 133: %13F5%          327 aa
Sequence 134: %13F6%          327 aa
Sequence 135: %13F7%          327 aa
Sequence 136: %13F8%          327 aa
Sequence 137: %13F9%          327 aa
Sequence 138: %13FA%          327 aa
Sequence 139: %13FB%          327 aa
PHYLIP-Alignment file created   [alignment.phy]
