MSA file:aln.txt
Tree file:tree.txt
Sequence ID:12as
PDB ID:12as
Chain ID:A
DMM=0.05,0.05,0.05,0.05,0.05,0.05,0.05,0.05,0.05,0.05,0.05,0.05,0.05,0.05,0.05,0.05,0.05,0.05,0.05,0.05
F=/home/sriram_s/bpgtools/scripts/data/blosum62.distribution
A = 0.078
R = 0.051
N = 0.041
D = 0.052
C = 0.024
Q = 0.034
E = 0.059
G = 0.083
H = 0.025
I = 0.062
L = 0.092
K = 0.056
M = 0.024
F = 0.044
P = 0.043
S = 0.059
T = 0.055
W = 0.014
Y = 0.034
V = 0.072
Log file=12as-A.log
Initializing data structures



 CLUSTAL W (1.83) Multiple Sequence Alignments



Sequence format is Pearson
Sequence 1: STRUCTURE_12as_A      327 aa
Sequence 2: 12as                  327 aa
Start of Pairwise alignments
Aligning...
Sequences (1:2) Aligned. Score:  100
Guide tree        file created:   [/tmp/WjDEMpMWgi/s21QIqmhKg.dnd]
Start of Multiple Alignment
There are 1 groups
Aligning...
Group 1: Sequences:   2      Score:5394
Alignment Score 2049
GCG-Alignment file created      [/tmp/WjDEMpMWgi/3yJ5sr9x7T]
Exiting createSeqStructMaps
verbose1=1
verbose2=0
verbose3=0
Running INTREPID
In globalConservation
i=0	subtreerank=1	level=1
i=1	subtreerank=1	level=1
i=2	subtreerank=1	level=1
i=3	subtreerank=1	level=1
i=4	subtreerank=1	level=1
i=5	subtreerank=1	level=1
i=6	subtreerank=1	level=1
i=7	subtreerank=1	level=1
i=8	subtreerank=1	level=1
i=9	subtreerank=1	level=1
i=10	subtreerank=1	level=1
i=11	subtreerank=1	level=1
i=12	subtreerank=1	level=1
i=13	subtreerank=1	level=1
i=14	subtreerank=1	level=1
i=15	subtreerank=1	level=1
i=16	subtreerank=1	level=1
i=17	subtreerank=1	level=1
i=18	subtreerank=1	level=1
i=19	subtreerank=1	level=1
i=20	subtreerank=1	level=1
i=21	subtreerank=1	level=1
i=22	subtreerank=1	level=1
i=23	subtreerank=1	level=1
i=24	subtreerank=1	level=1
i=25	subtreerank=1	level=1
i=26	subtreerank=1	level=1
i=27	subtreerank=1	level=1
i=28	subtreerank=1	level=1
i=29	subtreerank=1	level=1
i=30	subtreerank=1	level=1
i=31	subtreerank=1	level=1
i=32	subtreerank=1	level=1
i=33	subtreerank=1	level=1
i=34	subtreerank=1	level=1
i=35	subtreerank=1	level=1
i=36	subtreerank=1	level=1
i=37	subtreerank=1	level=1
i=38	subtreerank=1	level=1
i=39	subtreerank=1	level=1
i=40	subtreerank=1	level=1
i=41	subtreerank=1	level=1
i=42	subtreerank=1	level=1
i=43	subtreerank=1	level=1
i=44	subtreerank=1	level=1
i=45	subtreerank=1	level=1
i=46	subtreerank=1	level=1
i=47	subtreerank=1	level=1
i=48	subtreerank=1	level=1
i=49	subtreerank=1	level=1
i=50	subtreerank=1	level=1
i=51	subtreerank=1	level=1
i=52	subtreerank=1	level=1
i=53	subtreerank=1	level=1
i=54	subtreerank=1	level=1
i=55	subtreerank=1	level=1
i=56	subtreerank=1	level=1
i=57	subtreerank=1	level=1
i=58	subtreerank=1	level=1
i=59	subtreerank=1	level=1
i=60	subtreerank=1	level=1
i=61	subtreerank=1	level=1
i=62	subtreerank=1	level=1
i=63	subtreerank=1	level=1
i=64	subtreerank=1	level=1
i=65	subtreerank=1	level=1
i=66	subtreerank=1	level=1
i=67	subtreerank=1	level=1
i=68	subtreerank=1	level=1
i=69	subtreerank=1	level=1
i=70	subtreerank=1	level=1
i=71	subtreerank=1	level=1
i=72	subtreerank=1	level=1
i=73	subtreerank=1	level=1
i=74	subtreerank=1	level=1
i=75	subtreerank=1	level=1
i=76	subtreerank=1	level=1
i=77	subtreerank=1	level=1
i=78	subtreerank=1	level=1
i=79	subtreerank=1	level=1
i=80	subtreerank=1	level=1
i=81	subtreerank=1	level=1
i=82	subtreerank=1	level=1
i=83	subtreerank=1	level=1
i=84	subtreerank=1	level=1
i=85	subtreerank=1	level=1
i=86	subtreerank=1	level=1
i=87	subtreerank=1	level=1
i=88	subtreerank=1	level=1
i=89	subtreerank=1	level=1
i=90	subtreerank=1	level=1
i=91	subtreerank=1	level=1
i=92	subtreerank=1	level=1
i=93	subtreerank=1	level=1
i=94	subtreerank=1	level=1
i=95	subtreerank=1	level=1
i=96	subtreerank=1	level=1
i=97	subtreerank=1	level=1
i=98	subtreerank=1	level=1
i=99	subtreerank=1	level=1
i=100	subtreerank=1	level=1
i=101	subtreerank=1	level=1
i=102	subtreerank=1	level=1
i=103	subtreerank=1	level=1
i=104	subtreerank=1	level=1
i=105	subtreerank=1	level=1
i=106	subtreerank=1	level=1
i=107	subtreerank=1	level=1
i=108	subtreerank=1	level=1
i=109	subtreerank=1	level=1
i=110	subtreerank=1	level=1
i=111	subtreerank=1	level=1
i=112	subtreerank=1	level=1
i=113	subtreerank=1	level=1
i=114	subtreerank=1	level=1
i=115	subtreerank=1	level=1
i=116	subtreerank=1	level=1
i=117	subtreerank=1	level=1
i=118	subtreerank=1	level=1
i=119	subtreerank=1	level=1
i=120	subtreerank=1	level=1
i=121	subtreerank=1	level=1
i=122	subtreerank=1	level=1
i=123	subtreerank=1	level=1
i=124	subtreerank=1	level=1
i=125	subtreerank=1	level=1
i=126	subtreerank=1	level=1
i=127	subtreerank=1	level=1
i=128	subtreerank=1	level=1
i=129	subtreerank=1	level=1
i=130	subtreerank=1	level=1
i=131	subtreerank=1	level=1
i=132	subtreerank=1	level=1
i=133	subtreerank=1	level=1
i=134	subtreerank=1	level=1
i=135	subtreerank=1	level=1
i=136	subtreerank=1	level=1
i=137	subtreerank=1	level=1
i=138	subtreerank=1	level=1
In treeTrace
i=0	subtreerank=1	level=1
i=1	subtreerank=1	level=1
i=2	subtreerank=1	level=1
i=3	subtreerank=1	level=1
i=4	subtreerank=1	level=1
i=5	subtreerank=1	level=1
i=6	subtreerank=1	level=1
i=7	subtreerank=1	level=1
i=8	subtreerank=1	level=1
i=9	subtreerank=1	level=1
i=10	subtreerank=1	level=1
i=11	subtreerank=1	level=1
i=12	subtreerank=1	level=1
i=13	subtreerank=1	level=1
i=14	subtreerank=1	level=1
i=15	subtreerank=1	level=1
i=16	subtreerank=1	level=1
i=17	subtreerank=1	level=1
i=18	subtreerank=1	level=1
i=19	subtreerank=1	level=1
i=20	subtreerank=1	level=1
i=21	subtreerank=1	level=1
i=22	subtreerank=1	level=1
i=23	subtreerank=1	level=1
i=24	subtreerank=1	level=1
i=25	subtreerank=1	level=1
i=26	subtreerank=1	level=1
i=27	subtreerank=1	level=1
i=28	subtreerank=1	level=1
i=29	subtreerank=1	level=1
i=30	subtreerank=1	level=1
i=31	subtreerank=1	level=1
i=32	subtreerank=1	level=1
i=33	subtreerank=1	level=1
i=34	subtreerank=1	level=1
i=35	subtreerank=1	level=1
i=36	subtreerank=1	level=1
i=37	subtreerank=1	level=1
i=38	subtreerank=1	level=1
i=39	subtreerank=1	level=1
i=40	subtreerank=1	level=1
i=41	subtreerank=1	level=1
i=42	subtreerank=1	level=1
i=43	subtreerank=1	level=1
i=44	subtreerank=1	level=1
i=45	subtreerank=1	level=1
i=46	subtreerank=1	level=1
i=47	subtreerank=1	level=1
i=48	subtreerank=1	level=1
i=49	subtreerank=1	level=1
i=50	subtreerank=1	level=1
i=51	subtreerank=1	level=1
i=52	subtreerank=1	level=1
i=53	subtreerank=1	level=1
i=54	subtreerank=1	level=1
i=55	subtreerank=1	level=1
i=56	subtreerank=1	level=1
i=57	subtreerank=1	level=1
i=58	subtreerank=1	level=1
i=59	subtreerank=1	level=1
i=60	subtreerank=1	level=1
i=61	subtreerank=1	level=1
i=62	subtreerank=1	level=1
i=63	subtreerank=1	level=1
i=64	subtreerank=1	level=1
i=65	subtreerank=1	level=1
i=66	subtreerank=1	level=1
i=67	subtreerank=1	level=1
i=68	subtreerank=1	level=1
i=69	subtreerank=1	level=1
i=70	subtreerank=1	level=1
i=71	subtreerank=1	level=1
i=72	subtreerank=1	level=1
i=73	subtreerank=1	level=1
i=74	subtreerank=1	level=1
i=75	subtreerank=1	level=1
i=76	subtreerank=1	level=1
i=77	subtreerank=1	level=1
i=78	subtreerank=1	level=1
i=79	subtreerank=1	level=1
i=80	subtreerank=1	level=1
i=81	subtreerank=1	level=1
i=82	subtreerank=1	level=1
i=83	subtreerank=1	level=1
i=84	subtreerank=1	level=1
i=85	subtreerank=1	level=1
i=86	subtreerank=1	level=1
i=87	subtreerank=1	level=1
i=88	subtreerank=1	level=1
i=89	subtreerank=1	level=1
i=90	subtreerank=1	level=1
i=91	subtreerank=1	level=1
i=92	subtreerank=1	level=1
i=93	subtreerank=1	level=1
i=94	subtreerank=1	level=1
i=95	subtreerank=1	level=1
i=96	subtreerank=1	level=1
i=97	subtreerank=1	level=1
i=98	subtreerank=1	level=1
i=99	subtreerank=1	level=1
i=100	subtreerank=1	level=1
i=101	subtreerank=1	level=1
i=102	subtreerank=1	level=1
i=103	subtreerank=1	level=1
i=104	subtreerank=1	level=1
i=105	subtreerank=1	level=1
i=106	subtreerank=1	level=1
i=107	subtreerank=1	level=1
i=108	subtreerank=1	level=1
i=109	subtreerank=1	level=1
i=110	subtreerank=1	level=1
i=111	subtreerank=1	level=1
i=112	subtreerank=1	level=1
i=113	subtreerank=1	level=1
i=114	subtreerank=1	level=1
i=115	subtreerank=1	level=1
i=116	subtreerank=1	level=1
i=117	subtreerank=1	level=1
i=118	subtreerank=1	level=1
i=119	subtreerank=1	level=1
i=120	subtreerank=1	level=1
i=121	subtreerank=1	level=1
i=122	subtreerank=1	level=1
i=123	subtreerank=1	level=1
i=124	subtreerank=1	level=1
i=125	subtreerank=1	level=1
i=126	subtreerank=1	level=1
i=127	subtreerank=1	level=1
i=128	subtreerank=1	level=1
i=129	subtreerank=1	level=1
i=130	subtreerank=1	level=1
i=131	subtreerank=1	level=1
i=132	subtreerank=1	level=1
i=133	subtreerank=1	level=1
i=134	subtreerank=1	level=1
i=135	subtreerank=1	level=1
i=136	subtreerank=1	level=1
i=137	subtreerank=1	level=1
i=138	subtreerank=1	level=1
i=0	subtreerank=2	level=2
i=1	subtreerank=2	level=2
i=2	subtreerank=2	level=2
i=3	subtreerank=2	level=2
i=4	subtreerank=2	level=2
i=5	subtreerank=2	level=2
i=6	subtreerank=2	level=2
i=7	subtreerank=2	level=2
i=8	subtreerank=2	level=2
i=9	subtreerank=2	level=2
i=10	subtreerank=2	level=2
i=11	subtreerank=2	level=2
i=12	subtreerank=2	level=2
i=13	subtreerank=2	level=2
i=14	subtreerank=2	level=2
i=15	subtreerank=2	level=2
i=16	subtreerank=2	level=2
i=17	subtreerank=2	level=2
i=18	subtreerank=2	level=2
i=19	subtreerank=2	level=2
i=20	subtreerank=2	level=2
i=21	subtreerank=2	level=2
i=22	subtreerank=2	level=2
i=23	subtreerank=2	level=2
i=24	subtreerank=2	level=2
i=25	subtreerank=2	level=2
i=26	subtreerank=2	level=2
i=27	subtreerank=2	level=2
i=28	subtreerank=2	level=2
i=29	subtreerank=2	level=2
i=30	subtreerank=2	level=2
i=31	subtreerank=2	level=2
i=32	subtreerank=2	level=2
i=33	subtreerank=2	level=2
i=34	subtreerank=2	level=2
i=35	subtreerank=2	level=2
i=36	subtreerank=2	level=2
i=37	subtreerank=2	level=2
i=38	subtreerank=2	level=2
i=39	subtreerank=2	level=2
i=40	subtreerank=2	level=2
i=41	subtreerank=2	level=2
i=42	subtreerank=2	level=2
i=43	subtreerank=2	level=2
i=44	subtreerank=2	level=2
i=45	subtreerank=2	level=2
i=46	subtreerank=2	level=2
i=47	subtreerank=2	level=2
i=48	subtreerank=2	level=2
i=49	subtreerank=2	level=2
i=50	subtreerank=2	level=2
i=51	subtreerank=2	level=2
i=52	subtreerank=2	level=2
i=53	subtreerank=2	level=2
i=54	subtreerank=2	level=2
i=55	subtreerank=2	level=2
i=56	subtreerank=2	level=2
i=57	subtreerank=2	level=2
i=58	subtreerank=2	level=2
i=59	subtreerank=2	level=2
i=60	subtreerank=2	level=2
i=61	subtreerank=2	level=2
i=62	subtreerank=2	level=2
i=63	subtreerank=2	level=2
i=64	subtreerank=2	level=2
i=65	subtreerank=2	level=2
i=66	subtreerank=2	level=2
i=67	subtreerank=2	level=2
i=68	subtreerank=2	level=2
i=69	subtreerank=2	level=2
i=70	subtreerank=2	level=2
i=71	subtreerank=2	level=2
i=72	subtreerank=2	level=2
i=73	subtreerank=2	level=2
i=74	subtreerank=2	level=2
i=75	subtreerank=2	level=2
i=76	subtreerank=2	level=2
i=77	subtreerank=2	level=2
i=78	subtreerank=2	level=2
i=79	subtreerank=2	level=2
i=80	subtreerank=2	level=2
i=81	subtreerank=2	level=2
i=82	subtreerank=2	level=2
i=83	subtreerank=2	level=2
i=84	subtreerank=2	level=2
i=85	subtreerank=2	level=2
i=86	subtreerank=2	level=2
i=87	subtreerank=2	level=2
i=88	subtreerank=2	level=2
i=89	subtreerank=2	level=2
i=90	subtreerank=2	level=2
i=91	subtreerank=2	level=2
i=92	subtreerank=2	level=2
i=93	subtreerank=2	level=2
i=94	subtreerank=2	level=2
i=95	subtreerank=2	level=2
i=96	subtreerank=2	level=2
i=97	subtreerank=2	level=2
i=98	subtreerank=2	level=2
i=99	subtreerank=2	level=2
i=100	subtreerank=2	level=2
i=101	subtreerank=2	level=2
i=102	subtreerank=2	level=2
i=103	subtreerank=2	level=2
i=104	subtreerank=2	level=2
i=105	subtreerank=2	level=2
i=106	subtreerank=2	level=2
i=107	subtreerank=2	level=2
i=108	subtreerank=2	level=2
i=109	subtreerank=2	level=2
i=110	subtreerank=2	level=2
i=111	subtreerank=1	level=2
i=112	subtreerank=2	level=2
i=113	subtreerank=2	level=2
i=114	subtreerank=2	level=2
i=115	subtreerank=2	level=2
i=116	subtreerank=2	level=2
i=117	subtreerank=2	level=2
i=118	subtreerank=2	level=2
i=119	subtreerank=2	level=2
i=120	subtreerank=1	level=2
i=121	subtreerank=2	level=2
i=122	subtreerank=2	level=2
i=123	subtreerank=2	level=2
i=124	subtreerank=2	level=2
i=125	subtreerank=2	level=2
i=126	subtreerank=2	level=2
i=127	subtreerank=2	level=2
i=128	subtreerank=2	level=2
i=129	subtreerank=2	level=2
i=130	subtreerank=2	level=2
i=131	subtreerank=2	level=2
i=132	subtreerank=2	level=2
i=133	subtreerank=2	level=2
i=134	subtreerank=1	level=2
i=135	subtreerank=1	level=2
i=136	subtreerank=2	level=2
i=137	subtreerank=1	level=2
i=138	subtreerank=2	level=2
i=0	subtreerank=3	level=3
i=1	subtreerank=3	level=3
i=2	subtreerank=3	level=3
i=3	subtreerank=3	level=3
i=4	subtreerank=3	level=3
i=5	subtreerank=3	level=3
i=6	subtreerank=3	level=3
i=7	subtreerank=3	level=3
i=8	subtreerank=3	level=3
i=9	subtreerank=3	level=3
i=10	subtreerank=3	level=3
i=11	subtreerank=3	level=3
i=12	subtreerank=3	level=3
i=13	subtreerank=3	level=3
i=14	subtreerank=3	level=3
i=15	subtreerank=3	level=3
i=16	subtreerank=3	level=3
i=17	subtreerank=3	level=3
i=18	subtreerank=3	level=3
i=19	subtreerank=3	level=3
i=20	subtreerank=3	level=3
i=21	subtreerank=3	level=3
i=22	subtreerank=3	level=3
i=23	subtreerank=3	level=3
i=24	subtreerank=3	level=3
i=25	subtreerank=3	level=3
i=26	subtreerank=3	level=3
i=27	subtreerank=3	level=3
i=28	subtreerank=3	level=3
i=29	subtreerank=3	level=3
i=30	subtreerank=3	level=3
i=31	subtreerank=3	level=3
i=32	subtreerank=3	level=3
i=33	subtreerank=3	level=3
i=34	subtreerank=3	level=3
i=35	subtreerank=3	level=3
i=36	subtreerank=3	level=3
i=37	subtreerank=3	level=3
i=38	subtreerank=3	level=3
i=39	subtreerank=3	level=3
i=40	subtreerank=3	level=3
i=41	subtreerank=3	level=3
i=42	subtreerank=3	level=3
i=43	subtreerank=3	level=3
i=44	subtreerank=3	level=3
i=45	subtreerank=3	level=3
i=46	subtreerank=3	level=3
i=47	subtreerank=3	level=3
i=48	subtreerank=3	level=3
i=49	subtreerank=3	level=3
i=50	subtreerank=3	level=3
i=51	subtreerank=3	level=3
i=52	subtreerank=3	level=3
i=53	subtreerank=3	level=3
i=54	subtreerank=3	level=3
i=55	subtreerank=3	level=3
i=56	subtreerank=3	level=3
i=57	subtreerank=3	level=3
i=58	subtreerank=3	level=3
i=59	subtreerank=3	level=3
i=60	subtreerank=3	level=3
i=61	subtreerank=3	level=3
i=62	subtreerank=3	level=3
i=63	subtreerank=3	level=3
i=64	subtreerank=3	level=3
i=65	subtreerank=3	level=3
i=66	subtreerank=3	level=3
i=67	subtreerank=3	level=3
i=68	subtreerank=3	level=3
i=69	subtreerank=3	level=3
i=70	subtreerank=3	level=3
i=71	subtreerank=3	level=3
i=72	subtreerank=3	level=3
i=73	subtreerank=3	level=3
i=74	subtreerank=3	level=3
i=75	subtreerank=3	level=3
i=76	subtreerank=3	level=3
i=77	subtreerank=3	level=3
i=78	subtreerank=3	level=3
i=79	subtreerank=3	level=3
i=80	subtreerank=3	level=3
i=81	subtreerank=3	level=3
i=82	subtreerank=3	level=3
i=83	subtreerank=3	level=3
i=84	subtreerank=3	level=3
i=85	subtreerank=3	level=3
i=86	subtreerank=3	level=3
i=87	subtreerank=3	level=3
i=88	subtreerank=3	level=3
i=89	subtreerank=3	level=3
i=90	subtreerank=3	level=3
i=91	subtreerank=3	level=3
i=92	subtreerank=3	level=3
i=93	subtreerank=3	level=3
i=94	subtreerank=3	level=3
i=95	subtreerank=3	level=3
i=96	subtreerank=3	level=3
i=97	subtreerank=3	level=3
i=98	subtreerank=3	level=3
i=99	subtreerank=3	level=3
i=100	subtreerank=3	level=3
i=101	subtreerank=2	level=3
i=102	subtreerank=2	level=3
i=103	subtreerank=2	level=3
i=104	subtreerank=3	level=3
i=105	subtreerank=2	level=3
i=106	subtreerank=3	level=3
i=107	subtreerank=3	level=3
i=108	subtreerank=3	level=3
i=109	subtreerank=2	level=3
i=110	subtreerank=2	level=3
i=111	subtreerank=1	level=3
i=112	subtreerank=3	level=3
i=113	subtreerank=3	level=3
i=114	subtreerank=3	level=3
i=115	subtreerank=3	level=3
i=116	subtreerank=3	level=3
i=117	subtreerank=3	level=3
i=118	subtreerank=3	level=3
i=119	subtreerank=3	level=3
i=120	subtreerank=1	level=3
i=121	subtreerank=3	level=3
i=122	subtreerank=3	level=3
i=123	subtreerank=3	level=3
i=124	subtreerank=3	level=3
i=125	subtreerank=3	level=3
i=126	subtreerank=3	level=3
i=127	subtreerank=3	level=3
i=128	subtreerank=3	level=3
i=129	subtreerank=3	level=3
i=130	subtreerank=3	level=3
i=131	subtreerank=2	level=3
i=132	subtreerank=2	level=3
i=133	subtreerank=3	level=3
i=134	subtreerank=1	level=3
i=135	subtreerank=1	level=3
i=136	subtreerank=2	level=3
i=137	subtreerank=1	level=3
i=138	subtreerank=3	level=3
i=0	subtreerank=4	level=4
i=1	subtreerank=4	level=4
i=2	subtreerank=4	level=4
i=3	subtreerank=4	level=4
i=4	subtreerank=4	level=4
i=5	subtreerank=4	level=4
i=6	subtreerank=4	level=4
i=7	subtreerank=4	level=4
i=8	subtreerank=4	level=4
i=9	subtreerank=4	level=4
i=10	subtreerank=4	level=4
i=11	subtreerank=4	level=4
i=12	subtreerank=4	level=4
i=13	subtreerank=4	level=4
i=14	subtreerank=4	level=4
i=15	subtreerank=4	level=4
i=16	subtreerank=4	level=4
i=17	subtreerank=4	level=4
i=18	subtreerank=4	level=4
i=19	subtreerank=4	level=4
i=20	subtreerank=4	level=4
i=21	subtreerank=4	level=4
i=22	subtreerank=4	level=4
i=23	subtreerank=4	level=4
i=24	subtreerank=4	level=4
i=25	subtreerank=4	level=4
i=26	subtreerank=4	level=4
i=27	subtreerank=4	level=4
i=28	subtreerank=4	level=4
i=29	subtreerank=4	level=4
i=30	subtreerank=4	level=4
i=31	subtreerank=4	level=4
i=32	subtreerank=4	level=4
i=33	subtreerank=4	level=4
i=34	subtreerank=4	level=4
i=35	subtreerank=4	level=4
i=36	subtreerank=4	level=4
i=37	subtreerank=4	level=4
i=38	subtreerank=4	level=4
i=39	subtreerank=4	level=4
i=40	subtreerank=4	level=4
i=41	subtreerank=4	level=4
i=42	subtreerank=4	level=4
i=43	subtreerank=4	level=4
i=44	subtreerank=4	level=4
i=45	subtreerank=4	level=4
i=46	subtreerank=4	level=4
i=47	subtreerank=4	level=4
i=48	subtreerank=4	level=4
i=49	subtreerank=4	level=4
i=50	subtreerank=4	level=4
i=51	subtreerank=4	level=4
i=52	subtreerank=4	level=4
i=53	subtreerank=4	level=4
i=54	subtreerank=4	level=4
i=55	subtreerank=4	level=4
i=56	subtreerank=4	level=4
i=57	subtreerank=4	level=4
i=58	subtreerank=4	level=4
i=59	subtreerank=4	level=4
i=60	subtreerank=4	level=4
i=61	subtreerank=4	level=4
i=62	subtreerank=4	level=4
i=63	subtreerank=4	level=4
i=64	subtreerank=4	level=4
i=65	subtreerank=4	level=4
i=66	subtreerank=3	level=4
i=67	subtreerank=3	level=4
i=68	subtreerank=4	level=4
i=69	subtreerank=4	level=4
i=70	subtreerank=4	level=4
i=71	subtreerank=3	level=4
i=72	subtreerank=4	level=4
i=73	subtreerank=3	level=4
i=74	subtreerank=3	level=4
i=75	subtreerank=3	level=4
i=76	subtreerank=3	level=4
i=77	subtreerank=3	level=4
i=78	subtreerank=3	level=4
i=79	subtreerank=4	level=4
i=80	subtreerank=4	level=4
i=81	subtreerank=4	level=4
i=82	subtreerank=3	level=4
i=83	subtreerank=3	level=4
i=84	subtreerank=3	level=4
i=85	subtreerank=3	level=4
i=86	subtreerank=3	level=4
i=87	subtreerank=3	level=4
i=88	subtreerank=4	level=4
i=89	subtreerank=4	level=4
i=90	subtreerank=3	level=4
i=91	subtreerank=3	level=4
i=92	subtreerank=3	level=4
i=93	subtreerank=3	level=4
i=94	subtreerank=3	level=4
i=95	subtreerank=3	level=4
i=96	subtreerank=3	level=4
i=97	subtreerank=3	level=4
i=98	subtreerank=3	level=4
i=99	subtreerank=3	level=4
i=100	subtreerank=4	level=4
i=101	subtreerank=2	level=4
i=102	subtreerank=2	level=4
i=103	subtreerank=2	level=4
i=104	subtreerank=3	level=4
i=105	subtreerank=2	level=4
i=106	subtreerank=4	level=4
i=107	subtreerank=3	level=4
i=108	subtreerank=3	level=4
i=109	subtreerank=2	level=4
i=110	subtreerank=2	level=4
i=111	subtreerank=1	level=4
i=112	subtreerank=3	level=4
i=113	subtreerank=4	level=4
i=114	subtreerank=3	level=4
i=115	subtreerank=3	level=4
i=116	subtreerank=3	level=4
i=117	subtreerank=3	level=4
i=118	subtreerank=4	level=4
i=119	subtreerank=4	level=4
i=120	subtreerank=1	level=4
i=121	subtreerank=4	level=4
i=122	subtreerank=4	level=4
i=123	subtreerank=4	level=4
i=124	subtreerank=4	level=4
i=125	subtreerank=4	level=4
i=126	subtreerank=4	level=4
i=127	subtreerank=4	level=4
i=128	subtreerank=4	level=4
i=129	subtreerank=4	level=4
i=130	subtreerank=4	level=4
i=131	subtreerank=2	level=4
i=132	subtreerank=2	level=4
i=133	subtreerank=4	level=4
i=134	subtreerank=1	level=4
i=135	subtreerank=1	level=4
i=136	subtreerank=2	level=4
i=137	subtreerank=1	level=4
i=138	subtreerank=4	level=4
i=0	subtreerank=5	level=5
i=1	subtreerank=5	level=5
i=2	subtreerank=5	level=5
i=3	subtreerank=5	level=5
i=4	subtreerank=5	level=5
i=5	subtreerank=5	level=5
i=6	subtreerank=5	level=5
i=7	subtreerank=5	level=5
i=8	subtreerank=5	level=5
i=9	subtreerank=5	level=5
i=10	subtreerank=5	level=5
i=11	subtreerank=5	level=5
i=12	subtreerank=5	level=5
i=13	subtreerank=5	level=5
i=14	subtreerank=5	level=5
i=15	subtreerank=5	level=5
i=16	subtreerank=5	level=5
i=17	subtreerank=5	level=5
i=18	subtreerank=5	level=5
i=19	subtreerank=5	level=5
i=20	subtreerank=5	level=5
i=21	subtreerank=5	level=5
i=22	subtreerank=5	level=5
i=23	subtreerank=5	level=5
i=24	subtreerank=5	level=5
i=25	subtreerank=5	level=5
i=26	subtreerank=5	level=5
i=27	subtreerank=5	level=5
i=28	subtreerank=5	level=5
i=29	subtreerank=5	level=5
i=30	subtreerank=5	level=5
i=31	subtreerank=5	level=5
i=32	subtreerank=5	level=5
i=33	subtreerank=5	level=5
i=34	subtreerank=5	level=5
i=35	subtreerank=5	level=5
i=36	subtreerank=5	level=5
i=37	subtreerank=5	level=5
i=38	subtreerank=5	level=5
i=39	subtreerank=5	level=5
i=40	subtreerank=5	level=5
i=41	subtreerank=5	level=5
i=42	subtreerank=5	level=5
i=43	subtreerank=5	level=5
i=44	subtreerank=5	level=5
i=45	subtreerank=5	level=5
i=46	subtreerank=5	level=5
i=47	subtreerank=5	level=5
i=48	subtreerank=5	level=5
i=49	subtreerank=5	level=5
i=50	subtreerank=5	level=5
i=51	subtreerank=5	level=5
i=52	subtreerank=5	level=5
i=53	subtreerank=5	level=5
i=54	subtreerank=5	level=5
i=55	subtreerank=5	level=5
i=56	subtreerank=5	level=5
i=57	subtreerank=5	level=5
i=58	subtreerank=5	level=5
i=59	subtreerank=5	level=5
i=60	subtreerank=5	level=5
i=61	subtreerank=5	level=5
i=62	subtreerank=5	level=5
i=63	subtreerank=5	level=5
i=64	subtreerank=5	level=5
i=65	subtreerank=5	level=5
i=66	subtreerank=3	level=5
i=67	subtreerank=3	level=5
i=68	subtreerank=5	level=5
i=69	subtreerank=5	level=5
i=70	subtreerank=5	level=5
i=71	subtreerank=3	level=5
i=72	subtreerank=5	level=5
i=73	subtreerank=3	level=5
i=74	subtreerank=3	level=5
i=75	subtreerank=3	level=5
i=76	subtreerank=3	level=5
i=77	subtreerank=3	level=5
i=78	subtreerank=3	level=5
i=79	subtreerank=5	level=5
i=80	subtreerank=4	level=5
i=81	subtreerank=5	level=5
i=82	subtreerank=3	level=5
i=83	subtreerank=3	level=5
i=84	subtreerank=3	level=5
i=85	subtreerank=3	level=5
i=86	subtreerank=3	level=5
i=87	subtreerank=3	level=5
i=88	subtreerank=5	level=5
i=89	subtreerank=5	level=5
i=90	subtreerank=3	level=5
i=91	subtreerank=3	level=5
i=92	subtreerank=3	level=5
i=93	subtreerank=3	level=5
i=94	subtreerank=3	level=5
i=95	subtreerank=3	level=5
i=96	subtreerank=3	level=5
i=97	subtreerank=3	level=5
i=98	subtreerank=3	level=5
i=99	subtreerank=3	level=5
i=100	subtreerank=5	level=5
i=101	subtreerank=2	level=5
i=102	subtreerank=2	level=5
i=103	subtreerank=2	level=5
i=104	subtreerank=3	level=5
i=105	subtreerank=2	level=5
i=106	subtreerank=5	level=5
i=107	subtreerank=3	level=5
i=108	subtreerank=3	level=5
i=109	subtreerank=2	level=5
i=110	subtreerank=2	level=5
i=111	subtreerank=1	level=5
i=112	subtreerank=3	level=5
i=113	subtreerank=5	level=5
i=114	subtreerank=3	level=5
i=115	subtreerank=3	level=5
i=116	subtreerank=3	level=5
i=117	subtreerank=3	level=5
i=118	subtreerank=5	level=5
i=119	subtreerank=5	level=5
i=120	subtreerank=1	level=5
i=121	subtreerank=5	level=5
i=122	subtreerank=5	level=5
i=123	subtreerank=5	level=5
i=124	subtreerank=5	level=5
i=125	subtreerank=5	level=5
i=126	subtreerank=5	level=5
i=127	subtreerank=5	level=5
i=128	subtreerank=5	level=5
i=129	subtreerank=5	level=5
i=130	subtreerank=5	level=5
i=131	subtreerank=2	level=5
i=132	subtreerank=2	level=5
i=133	subtreerank=5	level=5
i=134	subtreerank=1	level=5
i=135	subtreerank=1	level=5
i=136	subtreerank=2	level=5
i=137	subtreerank=1	level=5
i=138	subtreerank=5	level=5
i=0	subtreerank=6	level=6
i=1	subtreerank=6	level=6
i=2	subtreerank=6	level=6
i=3	subtreerank=6	level=6
i=4	subtreerank=6	level=6
i=5	subtreerank=6	level=6
i=6	subtreerank=6	level=6
i=7	subtreerank=6	level=6
i=8	subtreerank=6	level=6
i=9	subtreerank=6	level=6
i=10	subtreerank=6	level=6
i=11	subtreerank=6	level=6
i=12	subtreerank=6	level=6
i=13	subtreerank=6	level=6
i=14	subtreerank=6	level=6
i=15	subtreerank=6	level=6
i=16	subtreerank=6	level=6
i=17	subtreerank=6	level=6
i=18	subtreerank=6	level=6
i=19	subtreerank=6	level=6
i=20	subtreerank=6	level=6
i=21	subtreerank=6	level=6
i=22	subtreerank=6	level=6
i=23	subtreerank=6	level=6
i=24	subtreerank=6	level=6
i=25	subtreerank=6	level=6
i=26	subtreerank=6	level=6
i=27	subtreerank=6	level=6
i=28	subtreerank=6	level=6
i=29	subtreerank=6	level=6
i=30	subtreerank=6	level=6
i=31	subtreerank=6	level=6
i=32	subtreerank=6	level=6
i=33	subtreerank=6	level=6
i=34	subtreerank=6	level=6
i=35	subtreerank=6	level=6
i=36	subtreerank=6	level=6
i=37	subtreerank=6	level=6
i=38	subtreerank=6	level=6
i=39	subtreerank=6	level=6
i=40	subtreerank=6	level=6
i=41	subtreerank=6	level=6
i=42	subtreerank=6	level=6
i=43	subtreerank=6	level=6
i=44	subtreerank=6	level=6
i=45	subtreerank=6	level=6
i=46	subtreerank=6	level=6
i=47	subtreerank=6	level=6
i=48	subtreerank=6	level=6
i=49	subtreerank=6	level=6
i=50	subtreerank=6	level=6
i=51	subtreerank=6	level=6
i=52	subtreerank=6	level=6
i=53	subtreerank=6	level=6
i=54	subtreerank=6	level=6
i=55	subtreerank=6	level=6
i=56	subtreerank=6	level=6
i=57	subtreerank=6	level=6
i=58	subtreerank=6	level=6
i=59	subtreerank=6	level=6
i=60	subtreerank=6	level=6
i=61	subtreerank=6	level=6
i=62	subtreerank=6	level=6
i=63	subtreerank=6	level=6
i=64	subtreerank=6	level=6
i=65	subtreerank=6	level=6
i=66	subtreerank=3	level=6
i=67	subtreerank=3	level=6
i=68	subtreerank=6	level=6
i=69	subtreerank=6	level=6
i=70	subtreerank=6	level=6
i=71	subtreerank=3	level=6
i=72	subtreerank=6	level=6
i=73	subtreerank=3	level=6
i=74	subtreerank=3	level=6
i=75	subtreerank=3	level=6
i=76	subtreerank=3	level=6
i=77	subtreerank=3	level=6
i=78	subtreerank=3	level=6
i=79	subtreerank=6	level=6
i=80	subtreerank=4	level=6
i=81	subtreerank=6	level=6
i=82	subtreerank=3	level=6
i=83	subtreerank=3	level=6
i=84	subtreerank=3	level=6
i=85	subtreerank=3	level=6
i=86	subtreerank=3	level=6
i=87	subtreerank=3	level=6
i=88	subtreerank=6	level=6
i=89	subtreerank=6	level=6
i=90	subtreerank=3	level=6
i=91	subtreerank=3	level=6
i=92	subtreerank=3	level=6
i=93	subtreerank=3	level=6
i=94	subtreerank=3	level=6
i=95	subtreerank=3	level=6
i=96	subtreerank=3	level=6
i=97	subtreerank=3	level=6
i=98	subtreerank=3	level=6
i=99	subtreerank=3	level=6
i=100	subtreerank=6	level=6
i=101	subtreerank=2	level=6
i=102	subtreerank=2	level=6
i=103	subtreerank=2	level=6
i=104	subtreerank=3	level=6
i=105	subtreerank=2	level=6
i=106	subtreerank=6	level=6
i=107	subtreerank=3	level=6
i=108	subtreerank=3	level=6
i=109	subtreerank=2	level=6
i=110	subtreerank=2	level=6
i=111	subtreerank=1	level=6
i=112	subtreerank=3	level=6
i=113	subtreerank=6	level=6
i=114	subtreerank=3	level=6
i=115	subtreerank=3	level=6
i=116	subtreerank=3	level=6
i=117	subtreerank=3	level=6
i=118	subtreerank=5	level=6
i=119	subtreerank=5	level=6
i=120	subtreerank=1	level=6
i=121	subtreerank=6	level=6
i=122	subtreerank=6	level=6
i=123	subtreerank=5	level=6
i=124	subtreerank=6	level=6
i=125	subtreerank=5	level=6
i=126	subtreerank=5	level=6
i=127	subtreerank=5	level=6
i=128	subtreerank=5	level=6
i=129	subtreerank=5	level=6
i=130	subtreerank=6	level=6
i=131	subtreerank=2	level=6
i=132	subtreerank=2	level=6
i=133	subtreerank=5	level=6
i=134	subtreerank=1	level=6
i=135	subtreerank=1	level=6
i=136	subtreerank=2	level=6
i=137	subtreerank=1	level=6
i=138	subtreerank=6	level=6
i=0	subtreerank=7	level=7
i=1	subtreerank=7	level=7
i=2	subtreerank=7	level=7
i=3	subtreerank=7	level=7
i=4	subtreerank=7	level=7
i=5	subtreerank=7	level=7
i=6	subtreerank=7	level=7
i=7	subtreerank=7	level=7
i=8	subtreerank=7	level=7
i=9	subtreerank=7	level=7
i=10	subtreerank=7	level=7
i=11	subtreerank=7	level=7
i=12	subtreerank=7	level=7
i=13	subtreerank=7	level=7
i=14	subtreerank=7	level=7
i=15	subtreerank=7	level=7
i=16	subtreerank=7	level=7
i=17	subtreerank=7	level=7
i=18	subtreerank=7	level=7
i=19	subtreerank=7	level=7
i=20	subtreerank=7	level=7
i=21	subtreerank=7	level=7
i=22	subtreerank=7	level=7
i=23	subtreerank=7	level=7
i=24	subtreerank=7	level=7
i=25	subtreerank=7	level=7
i=26	subtreerank=7	level=7
i=27	subtreerank=7	level=7
i=28	subtreerank=7	level=7
i=29	subtreerank=7	level=7
i=30	subtreerank=7	level=7
i=31	subtreerank=7	level=7
i=32	subtreerank=7	level=7
i=33	subtreerank=7	level=7
i=34	subtreerank=7	level=7
i=35	subtreerank=7	level=7
i=36	subtreerank=7	level=7
i=37	subtreerank=7	level=7
i=38	subtreerank=7	level=7
i=39	subtreerank=7	level=7
i=40	subtreerank=7	level=7
i=41	subtreerank=7	level=7
i=42	subtreerank=7	level=7
i=43	subtreerank=7	level=7
i=44	subtreerank=7	level=7
i=45	subtreerank=7	level=7
i=46	subtreerank=7	level=7
i=47	subtreerank=7	level=7
i=48	subtreerank=7	level=7
i=49	subtreerank=7	level=7
i=50	subtreerank=7	level=7
i=51	subtreerank=7	level=7
i=52	subtreerank=7	level=7
i=53	subtreerank=7	level=7
i=54	subtreerank=7	level=7
i=55	subtreerank=7	level=7
i=56	subtreerank=7	level=7
i=57	subtreerank=7	level=7
i=58	subtreerank=7	level=7
i=59	subtreerank=7	level=7
i=60	subtreerank=7	level=7
i=61	subtreerank=7	level=7
i=62	subtreerank=7	level=7
i=63	subtreerank=7	level=7
i=64	subtreerank=7	level=7
i=65	subtreerank=7	level=7
i=66	subtreerank=3	level=7
i=67	subtreerank=3	level=7
i=68	subtreerank=6	level=7
i=69	subtreerank=6	level=7
i=70	subtreerank=6	level=7
i=71	subtreerank=3	level=7
i=72	subtreerank=6	level=7
i=73	subtreerank=3	level=7
i=74	subtreerank=3	level=7
i=75	subtreerank=3	level=7
i=76	subtreerank=3	level=7
i=77	subtreerank=3	level=7
i=78	subtreerank=3	level=7
i=79	subtreerank=6	level=7
i=80	subtreerank=4	level=7
i=81	subtreerank=6	level=7
i=82	subtreerank=3	level=7
i=83	subtreerank=3	level=7
i=84	subtreerank=3	level=7
i=85	subtreerank=3	level=7
i=86	subtreerank=3	level=7
i=87	subtreerank=3	level=7
i=88	subtreerank=6	level=7
i=89	subtreerank=6	level=7
i=90	subtreerank=3	level=7
i=91	subtreerank=3	level=7
i=92	subtreerank=3	level=7
i=93	subtreerank=3	level=7
i=94	subtreerank=3	level=7
i=95	subtreerank=3	level=7
i=96	subtreerank=3	level=7
i=97	subtreerank=3	level=7
i=98	subtreerank=3	level=7
i=99	subtreerank=3	level=7
i=100	subtreerank=7	level=7
i=101	subtreerank=2	level=7
i=102	subtreerank=2	level=7
i=103	subtreerank=2	level=7
i=104	subtreerank=3	level=7
i=105	subtreerank=2	level=7
i=106	subtreerank=7	level=7
i=107	subtreerank=3	level=7
i=108	subtreerank=3	level=7
i=109	subtreerank=2	level=7
i=110	subtreerank=2	level=7
i=111	subtreerank=1	level=7
i=112	subtreerank=3	level=7
i=113	subtreerank=7	level=7
i=114	subtreerank=3	level=7
i=115	subtreerank=3	level=7
i=116	subtreerank=3	level=7
i=117	subtreerank=3	level=7
i=118	subtreerank=5	level=7
i=119	subtreerank=5	level=7
i=120	subtreerank=1	level=7
i=121	subtreerank=7	level=7
i=122	subtreerank=7	level=7
i=123	subtreerank=5	level=7
i=124	subtreerank=7	level=7
i=125	subtreerank=5	level=7
i=126	subtreerank=5	level=7
i=127	subtreerank=5	level=7
i=128	subtreerank=5	level=7
i=129	subtreerank=5	level=7
i=130	subtreerank=7	level=7
i=131	subtreerank=2	level=7
i=132	subtreerank=2	level=7
i=133	subtreerank=5	level=7
i=134	subtreerank=1	level=7
i=135	subtreerank=1	level=7
i=136	subtreerank=2	level=7
i=137	subtreerank=1	level=7
i=138	subtreerank=7	level=7
i=0	subtreerank=8	level=8
i=1	subtreerank=8	level=8
i=2	subtreerank=8	level=8
i=3	subtreerank=8	level=8
i=4	subtreerank=8	level=8
i=5	subtreerank=8	level=8
i=6	subtreerank=8	level=8
i=7	subtreerank=8	level=8
i=8	subtreerank=8	level=8
i=9	subtreerank=8	level=8
i=10	subtreerank=8	level=8
i=11	subtreerank=8	level=8
i=12	subtreerank=8	level=8
i=13	subtreerank=8	level=8
i=14	subtreerank=8	level=8
i=15	subtreerank=8	level=8
i=16	subtreerank=8	level=8
i=17	subtreerank=8	level=8
i=18	subtreerank=8	level=8
i=19	subtreerank=8	level=8
i=20	subtreerank=8	level=8
i=21	subtreerank=8	level=8
i=22	subtreerank=8	level=8
i=23	subtreerank=8	level=8
i=24	subtreerank=8	level=8
i=25	subtreerank=8	level=8
i=26	subtreerank=8	level=8
i=27	subtreerank=8	level=8
i=28	subtreerank=8	level=8
i=29	subtreerank=8	level=8
i=30	subtreerank=8	level=8
i=31	subtreerank=8	level=8
i=32	subtreerank=8	level=8
i=33	subtreerank=8	level=8
i=34	subtreerank=8	level=8
i=35	subtreerank=8	level=8
i=36	subtreerank=8	level=8
i=37	subtreerank=8	level=8
i=38	subtreerank=8	level=8
i=39	subtreerank=8	level=8
i=40	subtreerank=8	level=8
i=41	subtreerank=8	level=8
i=42	subtreerank=8	level=8
i=43	subtreerank=8	level=8
i=44	subtreerank=8	level=8
i=45	subtreerank=8	level=8
i=46	subtreerank=8	level=8
i=47	subtreerank=8	level=8
i=48	subtreerank=8	level=8
i=49	subtreerank=8	level=8
i=50	subtreerank=8	level=8
i=51	subtreerank=8	level=8
i=52	subtreerank=8	level=8
i=53	subtreerank=8	level=8
i=54	subtreerank=8	level=8
i=55	subtreerank=8	level=8
i=56	subtreerank=8	level=8
i=57	subtreerank=8	level=8
i=58	subtreerank=8	level=8
i=59	subtreerank=8	level=8
i=60	subtreerank=8	level=8
i=61	subtreerank=8	level=8
i=62	subtreerank=8	level=8
i=63	subtreerank=8	level=8
i=64	subtreerank=8	level=8
i=65	subtreerank=8	level=8
i=66	subtreerank=3	level=8
i=67	subtreerank=3	level=8
i=68	subtreerank=6	level=8
i=69	subtreerank=6	level=8
i=70	subtreerank=6	level=8
i=71	subtreerank=3	level=8
i=72	subtreerank=6	level=8
i=73	subtreerank=3	level=8
i=74	subtreerank=3	level=8
i=75	subtreerank=3	level=8
i=76	subtreerank=3	level=8
i=77	subtreerank=3	level=8
i=78	subtreerank=3	level=8
i=79	subtreerank=6	level=8
i=80	subtreerank=4	level=8
i=81	subtreerank=6	level=8
i=82	subtreerank=3	level=8
i=83	subtreerank=3	level=8
i=84	subtreerank=3	level=8
i=85	subtreerank=3	level=8
i=86	subtreerank=3	level=8
i=87	subtreerank=3	level=8
i=88	subtreerank=6	level=8
i=89	subtreerank=6	level=8
i=90	subtreerank=3	level=8
i=91	subtreerank=3	level=8
i=92	subtreerank=3	level=8
i=93	subtreerank=3	level=8
i=94	subtreerank=3	level=8
i=95	subtreerank=3	level=8
i=96	subtreerank=3	level=8
i=97	subtreerank=3	level=8
i=98	subtreerank=3	level=8
i=99	subtreerank=3	level=8
i=100	subtreerank=8	level=8
i=101	subtreerank=2	level=8
i=102	subtreerank=2	level=8
i=103	subtreerank=2	level=8
i=104	subtreerank=3	level=8
i=105	subtreerank=2	level=8
i=106	subtreerank=8	level=8
i=107	subtreerank=3	level=8
i=108	subtreerank=3	level=8
i=109	subtreerank=2	level=8
i=110	subtreerank=2	level=8
i=111	subtreerank=1	level=8
i=112	subtreerank=3	level=8
i=113	subtreerank=8	level=8
i=114	subtreerank=3	level=8
i=115	subtreerank=3	level=8
i=116	subtreerank=3	level=8
i=117	subtreerank=3	level=8
i=118	subtreerank=5	level=8
i=119	subtreerank=5	level=8
i=120	subtreerank=1	level=8
i=121	subtreerank=7	level=8
i=122	subtreerank=8	level=8
i=123	subtreerank=5	level=8
i=124	subtreerank=7	level=8
i=125	subtreerank=5	level=8
i=126	subtreerank=5	level=8
i=127	subtreerank=5	level=8
i=128	subtreerank=5	level=8
i=129	subtreerank=5	level=8
i=130	subtreerank=8	level=8
i=131	subtreerank=2	level=8
i=132	subtreerank=2	level=8
i=133	subtreerank=5	level=8
i=134	subtreerank=1	level=8
i=135	subtreerank=1	level=8
i=136	subtreerank=2	level=8
i=137	subtreerank=1	level=8
i=138	subtreerank=8	level=8
i=0	subtreerank=9	level=9
i=1	subtreerank=9	level=9
i=2	subtreerank=9	level=9
i=3	subtreerank=9	level=9
i=4	subtreerank=9	level=9
i=5	subtreerank=9	level=9
i=6	subtreerank=9	level=9
i=7	subtreerank=9	level=9
i=8	subtreerank=9	level=9
i=9	subtreerank=9	level=9
i=10	subtreerank=9	level=9
i=11	subtreerank=9	level=9
i=12	subtreerank=9	level=9
i=13	subtreerank=9	level=9
i=14	subtreerank=9	level=9
i=15	subtreerank=9	level=9
i=16	subtreerank=9	level=9
i=17	subtreerank=9	level=9
i=18	subtreerank=9	level=9
i=19	subtreerank=9	level=9
i=20	subtreerank=9	level=9
i=21	subtreerank=9	level=9
i=22	subtreerank=9	level=9
i=23	subtreerank=9	level=9
i=24	subtreerank=9	level=9
i=25	subtreerank=9	level=9
i=26	subtreerank=9	level=9
i=27	subtreerank=9	level=9
i=28	subtreerank=9	level=9
i=29	subtreerank=9	level=9
i=30	subtreerank=9	level=9
i=31	subtreerank=9	level=9
i=32	subtreerank=9	level=9
i=33	subtreerank=9	level=9
i=34	subtreerank=9	level=9
i=35	subtreerank=9	level=9
i=36	subtreerank=9	level=9
i=37	subtreerank=9	level=9
i=38	subtreerank=9	level=9
i=39	subtreerank=9	level=9
i=40	subtreerank=9	level=9
i=41	subtreerank=9	level=9
i=42	subtreerank=9	level=9
i=43	subtreerank=9	level=9
i=44	subtreerank=9	level=9
i=45	subtreerank=9	level=9
i=46	subtreerank=9	level=9
i=47	subtreerank=9	level=9
i=48	subtreerank=9	level=9
i=49	subtreerank=9	level=9
i=50	subtreerank=9	level=9
i=51	subtreerank=9	level=9
i=52	subtreerank=9	level=9
i=53	subtreerank=9	level=9
i=54	subtreerank=9	level=9
i=55	subtreerank=9	level=9
i=56	subtreerank=9	level=9
i=57	subtreerank=9	level=9
i=58	subtreerank=9	level=9
i=59	subtreerank=9	level=9
i=60	subtreerank=9	level=9
i=61	subtreerank=9	level=9
i=62	subtreerank=9	level=9
i=63	subtreerank=9	level=9
i=64	subtreerank=9	level=9
i=65	subtreerank=9	level=9
i=66	subtreerank=3	level=9
i=67	subtreerank=3	level=9
i=68	subtreerank=6	level=9
i=69	subtreerank=6	level=9
i=70	subtreerank=6	level=9
i=71	subtreerank=3	level=9
i=72	subtreerank=6	level=9
i=73	subtreerank=3	level=9
i=74	subtreerank=3	level=9
i=75	subtreerank=3	level=9
i=76	subtreerank=3	level=9
i=77	subtreerank=3	level=9
i=78	subtreerank=3	level=9
i=79	subtreerank=6	level=9
i=80	subtreerank=4	level=9
i=81	subtreerank=6	level=9
i=82	subtreerank=3	level=9
i=83	subtreerank=3	level=9
i=84	subtreerank=3	level=9
i=85	subtreerank=3	level=9
i=86	subtreerank=3	level=9
i=87	subtreerank=3	level=9
i=88	subtreerank=6	level=9
i=89	subtreerank=6	level=9
i=90	subtreerank=3	level=9
i=91	subtreerank=3	level=9
i=92	subtreerank=3	level=9
i=93	subtreerank=3	level=9
i=94	subtreerank=3	level=9
i=95	subtreerank=3	level=9
i=96	subtreerank=3	level=9
i=97	subtreerank=3	level=9
i=98	subtreerank=3	level=9
i=99	subtreerank=3	level=9
i=100	subtreerank=9	level=9
i=101	subtreerank=2	level=9
i=102	subtreerank=2	level=9
i=103	subtreerank=2	level=9
i=104	subtreerank=3	level=9
i=105	subtreerank=2	level=9
i=106	subtreerank=9	level=9
i=107	subtreerank=3	level=9
i=108	subtreerank=3	level=9
i=109	subtreerank=2	level=9
i=110	subtreerank=2	level=9
i=111	subtreerank=1	level=9
i=112	subtreerank=3	level=9
i=113	subtreerank=8	level=9
i=114	subtreerank=3	level=9
i=115	subtreerank=3	level=9
i=116	subtreerank=3	level=9
i=117	subtreerank=3	level=9
i=118	subtreerank=5	level=9
i=119	subtreerank=5	level=9
i=120	subtreerank=1	level=9
i=121	subtreerank=7	level=9
i=122	subtreerank=9	level=9
i=123	subtreerank=5	level=9
i=124	subtreerank=7	level=9
i=125	subtreerank=5	level=9
i=126	subtreerank=5	level=9
i=127	subtreerank=5	level=9
i=128	subtreerank=5	level=9
i=129	subtreerank=5	level=9
i=130	subtreerank=9	level=9
i=131	subtreerank=2	level=9
i=132	subtreerank=2	level=9
i=133	subtreerank=5	level=9
i=134	subtreerank=1	level=9
i=135	subtreerank=1	level=9
i=136	subtreerank=2	level=9
i=137	subtreerank=1	level=9
i=138	subtreerank=9	level=9
i=0	subtreerank=10	level=10
i=1	subtreerank=10	level=10
i=2	subtreerank=10	level=10
i=3	subtreerank=10	level=10
i=4	subtreerank=10	level=10
i=5	subtreerank=10	level=10
i=6	subtreerank=10	level=10
i=7	subtreerank=10	level=10
i=8	subtreerank=10	level=10
i=9	subtreerank=10	level=10
i=10	subtreerank=10	level=10
i=11	subtreerank=10	level=10
i=12	subtreerank=10	level=10
i=13	subtreerank=10	level=10
i=14	subtreerank=10	level=10
i=15	subtreerank=10	level=10
i=16	subtreerank=10	level=10
i=17	subtreerank=10	level=10
i=18	subtreerank=10	level=10
i=19	subtreerank=10	level=10
i=20	subtreerank=10	level=10
i=21	subtreerank=10	level=10
i=22	subtreerank=10	level=10
i=23	subtreerank=10	level=10
i=24	subtreerank=10	level=10
i=25	subtreerank=10	level=10
i=26	subtreerank=10	level=10
i=27	subtreerank=10	level=10
i=28	subtreerank=10	level=10
i=29	subtreerank=10	level=10
i=30	subtreerank=10	level=10
i=31	subtreerank=10	level=10
i=32	subtreerank=10	level=10
i=33	subtreerank=10	level=10
i=34	subtreerank=10	level=10
i=35	subtreerank=10	level=10
i=36	subtreerank=10	level=10
i=37	subtreerank=10	level=10
i=38	subtreerank=10	level=10
i=39	subtreerank=10	level=10
i=40	subtreerank=10	level=10
i=41	subtreerank=10	level=10
i=42	subtreerank=10	level=10
i=43	subtreerank=10	level=10
i=44	subtreerank=10	level=10
i=45	subtreerank=10	level=10
i=46	subtreerank=10	level=10
i=47	subtreerank=10	level=10
i=48	subtreerank=10	level=10
i=49	subtreerank=10	level=10
i=50	subtreerank=10	level=10
i=51	subtreerank=10	level=10
i=52	subtreerank=10	level=10
i=53	subtreerank=10	level=10
i=54	subtreerank=10	level=10
i=55	subtreerank=10	level=10
i=56	subtreerank=10	level=10
i=57	subtreerank=10	level=10
i=58	subtreerank=10	level=10
i=59	subtreerank=10	level=10
i=60	subtreerank=10	level=10
i=61	subtreerank=10	level=10
i=62	subtreerank=10	level=10
i=63	subtreerank=10	level=10
i=64	subtreerank=9	level=10
i=65	subtreerank=9	level=10
i=66	subtreerank=3	level=10
i=67	subtreerank=3	level=10
i=68	subtreerank=6	level=10
i=69	subtreerank=6	level=10
i=70	subtreerank=6	level=10
i=71	subtreerank=3	level=10
i=72	subtreerank=6	level=10
i=73	subtreerank=3	level=10
i=74	subtreerank=3	level=10
i=75	subtreerank=3	level=10
i=76	subtreerank=3	level=10
i=77	subtreerank=3	level=10
i=78	subtreerank=3	level=10
i=79	subtreerank=6	level=10
i=80	subtreerank=4	level=10
i=81	subtreerank=6	level=10
i=82	subtreerank=3	level=10
i=83	subtreerank=3	level=10
i=84	subtreerank=3	level=10
i=85	subtreerank=3	level=10
i=86	subtreerank=3	level=10
i=87	subtreerank=3	level=10
i=88	subtreerank=6	level=10
i=89	subtreerank=6	level=10
i=90	subtreerank=3	level=10
i=91	subtreerank=3	level=10
i=92	subtreerank=3	level=10
i=93	subtreerank=3	level=10
i=94	subtreerank=3	level=10
i=95	subtreerank=3	level=10
i=96	subtreerank=3	level=10
i=97	subtreerank=3	level=10
i=98	subtreerank=3	level=10
i=99	subtreerank=3	level=10
i=100	subtreerank=10	level=10
i=101	subtreerank=2	level=10
i=102	subtreerank=2	level=10
i=103	subtreerank=2	level=10
i=104	subtreerank=3	level=10
i=105	subtreerank=2	level=10
i=106	subtreerank=10	level=10
i=107	subtreerank=3	level=10
i=108	subtreerank=3	level=10
i=109	subtreerank=2	level=10
i=110	subtreerank=2	level=10
i=111	subtreerank=1	level=10
i=112	subtreerank=3	level=10
i=113	subtreerank=8	level=10
i=114	subtreerank=3	level=10
i=115	subtreerank=3	level=10
i=116	subtreerank=3	level=10
i=117	subtreerank=3	level=10
i=118	subtreerank=5	level=10
i=119	subtreerank=5	level=10
i=120	subtreerank=1	level=10
i=121	subtreerank=7	level=10
i=122	subtreerank=10	level=10
i=123	subtreerank=5	level=10
i=124	subtreerank=7	level=10
i=125	subtreerank=5	level=10
i=126	subtreerank=5	level=10
i=127	subtreerank=5	level=10
i=128	subtreerank=5	level=10
i=129	subtreerank=5	level=10
i=130	subtreerank=10	level=10
i=131	subtreerank=2	level=10
i=132	subtreerank=2	level=10
i=133	subtreerank=5	level=10
i=134	subtreerank=1	level=10
i=135	subtreerank=1	level=10
i=136	subtreerank=2	level=10
i=137	subtreerank=1	level=10
i=138	subtreerank=10	level=10
i=0	subtreerank=11	level=11
i=1	subtreerank=11	level=11
i=2	subtreerank=11	level=11
i=3	subtreerank=11	level=11
i=4	subtreerank=11	level=11
i=5	subtreerank=11	level=11
i=6	subtreerank=11	level=11
i=7	subtreerank=11	level=11
i=8	subtreerank=11	level=11
i=9	subtreerank=11	level=11
i=10	subtreerank=11	level=11
i=11	subtreerank=11	level=11
i=12	subtreerank=11	level=11
i=13	subtreerank=11	level=11
i=14	subtreerank=11	level=11
i=15	subtreerank=11	level=11
i=16	subtreerank=11	level=11
i=17	subtreerank=11	level=11
i=18	subtreerank=11	level=11
i=19	subtreerank=11	level=11
i=20	subtreerank=11	level=11
i=21	subtreerank=11	level=11
i=22	subtreerank=11	level=11
i=23	subtreerank=11	level=11
i=24	subtreerank=11	level=11
i=25	subtreerank=11	level=11
i=26	subtreerank=10	level=11
i=27	subtreerank=11	level=11
i=28	subtreerank=10	level=11
i=29	subtreerank=10	level=11
i=30	subtreerank=10	level=11
i=31	subtreerank=10	level=11
i=32	subtreerank=10	level=11
i=33	subtreerank=10	level=11
i=34	subtreerank=10	level=11
i=35	subtreerank=10	level=11
i=36	subtreerank=10	level=11
i=37	subtreerank=10	level=11
i=38	subtreerank=10	level=11
i=39	subtreerank=10	level=11
i=40	subtreerank=10	level=11
i=41	subtreerank=10	level=11
i=42	subtreerank=10	level=11
i=43	subtreerank=10	level=11
i=44	subtreerank=10	level=11
i=45	subtreerank=10	level=11
i=46	subtreerank=10	level=11
i=47	subtreerank=10	level=11
i=48	subtreerank=10	level=11
i=49	subtreerank=10	level=11
i=50	subtreerank=10	level=11
i=51	subtreerank=10	level=11
i=52	subtreerank=10	level=11
i=53	subtreerank=10	level=11
i=54	subtreerank=10	level=11
i=55	subtreerank=10	level=11
i=56	subtreerank=10	level=11
i=57	subtreerank=10	level=11
i=58	subtreerank=11	level=11
i=59	subtreerank=11	level=11
i=60	subtreerank=11	level=11
i=61	subtreerank=11	level=11
i=62	subtreerank=11	level=11
i=63	subtreerank=10	level=11
i=64	subtreerank=9	level=11
i=65	subtreerank=9	level=11
i=66	subtreerank=3	level=11
i=67	subtreerank=3	level=11
i=68	subtreerank=6	level=11
i=69	subtreerank=6	level=11
i=70	subtreerank=6	level=11
i=71	subtreerank=3	level=11
i=72	subtreerank=6	level=11
i=73	subtreerank=3	level=11
i=74	subtreerank=3	level=11
i=75	subtreerank=3	level=11
i=76	subtreerank=3	level=11
i=77	subtreerank=3	level=11
i=78	subtreerank=3	level=11
i=79	subtreerank=6	level=11
i=80	subtreerank=4	level=11
i=81	subtreerank=6	level=11
i=82	subtreerank=3	level=11
i=83	subtreerank=3	level=11
i=84	subtreerank=3	level=11
i=85	subtreerank=3	level=11
i=86	subtreerank=3	level=11
i=87	subtreerank=3	level=11
i=88	subtreerank=6	level=11
i=89	subtreerank=6	level=11
i=90	subtreerank=3	level=11
i=91	subtreerank=3	level=11
i=92	subtreerank=3	level=11
i=93	subtreerank=3	level=11
i=94	subtreerank=3	level=11
i=95	subtreerank=3	level=11
i=96	subtreerank=3	level=11
i=97	subtreerank=3	level=11
i=98	subtreerank=3	level=11
i=99	subtreerank=3	level=11
i=100	subtreerank=11	level=11
i=101	subtreerank=2	level=11
i=102	subtreerank=2	level=11
i=103	subtreerank=2	level=11
i=104	subtreerank=3	level=11
i=105	subtreerank=2	level=11
i=106	subtreerank=10	level=11
i=107	subtreerank=3	level=11
i=108	subtreerank=3	level=11
i=109	subtreerank=2	level=11
i=110	subtreerank=2	level=11
i=111	subtreerank=1	level=11
i=112	subtreerank=3	level=11
i=113	subtreerank=8	level=11
i=114	subtreerank=3	level=11
i=115	subtreerank=3	level=11
i=116	subtreerank=3	level=11
i=117	subtreerank=3	level=11
i=118	subtreerank=5	level=11
i=119	subtreerank=5	level=11
i=120	subtreerank=1	level=11
i=121	subtreerank=7	level=11
i=122	subtreerank=10	level=11
i=123	subtreerank=5	level=11
i=124	subtreerank=7	level=11
i=125	subtreerank=5	level=11
i=126	subtreerank=5	level=11
i=127	subtreerank=5	level=11
i=128	subtreerank=5	level=11
i=129	subtreerank=5	level=11
i=130	subtreerank=10	level=11
i=131	subtreerank=2	level=11
i=132	subtreerank=2	level=11
i=133	subtreerank=5	level=11
i=134	subtreerank=1	level=11
i=135	subtreerank=1	level=11
i=136	subtreerank=2	level=11
i=137	subtreerank=1	level=11
i=138	subtreerank=10	level=11
i=0	subtreerank=12	level=12
i=1	subtreerank=12	level=12
i=2	subtreerank=12	level=12
i=3	subtreerank=12	level=12
i=4	subtreerank=12	level=12
i=5	subtreerank=12	level=12
i=6	subtreerank=12	level=12
i=7	subtreerank=12	level=12
i=8	subtreerank=12	level=12
i=9	subtreerank=12	level=12
i=10	subtreerank=12	level=12
i=11	subtreerank=12	level=12
i=12	subtreerank=12	level=12
i=13	subtreerank=12	level=12
i=14	subtreerank=12	level=12
i=15	subtreerank=12	level=12
i=16	subtreerank=12	level=12
i=17	subtreerank=12	level=12
i=18	subtreerank=12	level=12
i=19	subtreerank=12	level=12
i=20	subtreerank=12	level=12
i=21	subtreerank=12	level=12
i=22	subtreerank=12	level=12
i=23	subtreerank=12	level=12
i=24	subtreerank=12	level=12
i=25	subtreerank=12	level=12
i=26	subtreerank=10	level=12
i=27	subtreerank=12	level=12
i=28	subtreerank=10	level=12
i=29	subtreerank=10	level=12
i=30	subtreerank=10	level=12
i=31	subtreerank=10	level=12
i=32	subtreerank=10	level=12
i=33	subtreerank=10	level=12
i=34	subtreerank=10	level=12
i=35	subtreerank=10	level=12
i=36	subtreerank=10	level=12
i=37	subtreerank=10	level=12
i=38	subtreerank=10	level=12
i=39	subtreerank=10	level=12
i=40	subtreerank=10	level=12
i=41	subtreerank=10	level=12
i=42	subtreerank=10	level=12
i=43	subtreerank=10	level=12
i=44	subtreerank=10	level=12
i=45	subtreerank=10	level=12
i=46	subtreerank=10	level=12
i=47	subtreerank=10	level=12
i=48	subtreerank=10	level=12
i=49	subtreerank=10	level=12
i=50	subtreerank=10	level=12
i=51	subtreerank=10	level=12
i=52	subtreerank=10	level=12
i=53	subtreerank=10	level=12
i=54	subtreerank=10	level=12
i=55	subtreerank=10	level=12
i=56	subtreerank=10	level=12
i=57	subtreerank=10	level=12
i=58	subtreerank=11	level=12
i=59	subtreerank=11	level=12
i=60	subtreerank=11	level=12
i=61	subtreerank=11	level=12
i=62	subtreerank=11	level=12
i=63	subtreerank=10	level=12
i=64	subtreerank=9	level=12
i=65	subtreerank=9	level=12
i=66	subtreerank=3	level=12
i=67	subtreerank=3	level=12
i=68	subtreerank=6	level=12
i=69	subtreerank=6	level=12
i=70	subtreerank=6	level=12
i=71	subtreerank=3	level=12
i=72	subtreerank=6	level=12
i=73	subtreerank=3	level=12
i=74	subtreerank=3	level=12
i=75	subtreerank=3	level=12
i=76	subtreerank=3	level=12
i=77	subtreerank=3	level=12
i=78	subtreerank=3	level=12
i=79	subtreerank=6	level=12
i=80	subtreerank=4	level=12
i=81	subtreerank=6	level=12
i=82	subtreerank=3	level=12
i=83	subtreerank=3	level=12
i=84	subtreerank=3	level=12
i=85	subtreerank=3	level=12
i=86	subtreerank=3	level=12
i=87	subtreerank=3	level=12
i=88	subtreerank=6	level=12
i=89	subtreerank=6	level=12
i=90	subtreerank=3	level=12
i=91	subtreerank=3	level=12
i=92	subtreerank=3	level=12
i=93	subtreerank=3	level=12
i=94	subtreerank=3	level=12
i=95	subtreerank=3	level=12
i=96	subtreerank=3	level=12
i=97	subtreerank=3	level=12
i=98	subtreerank=3	level=12
i=99	subtreerank=3	level=12
i=100	subtreerank=11	level=12
i=101	subtreerank=2	level=12
i=102	subtreerank=2	level=12
i=103	subtreerank=2	level=12
i=104	subtreerank=3	level=12
i=105	subtreerank=2	level=12
i=106	subtreerank=10	level=12
i=107	subtreerank=3	level=12
i=108	subtreerank=3	level=12
i=109	subtreerank=2	level=12
i=110	subtreerank=2	level=12
i=111	subtreerank=1	level=12
i=112	subtreerank=3	level=12
i=113	subtreerank=8	level=12
i=114	subtreerank=3	level=12
i=115	subtreerank=3	level=12
i=116	subtreerank=3	level=12
i=117	subtreerank=3	level=12
i=118	subtreerank=5	level=12
i=119	subtreerank=5	level=12
i=120	subtreerank=1	level=12
i=121	subtreerank=7	level=12
i=122	subtreerank=10	level=12
i=123	subtreerank=5	level=12
i=124	subtreerank=7	level=12
i=125	subtreerank=5	level=12
i=126	subtreerank=5	level=12
i=127	subtreerank=5	level=12
i=128	subtreerank=5	level=12
i=129	subtreerank=5	level=12
i=130	subtreerank=10	level=12
i=131	subtreerank=2	level=12
i=132	subtreerank=2	level=12
i=133	subtreerank=5	level=12
i=134	subtreerank=1	level=12
i=135	subtreerank=1	level=12
i=136	subtreerank=2	level=12
i=137	subtreerank=1	level=12
i=138	subtreerank=10	level=12
i=0	subtreerank=13	level=13
i=1	subtreerank=13	level=13
i=2	subtreerank=13	level=13
i=3	subtreerank=13	level=13
i=4	subtreerank=13	level=13
i=5	subtreerank=13	level=13
i=6	subtreerank=13	level=13
i=7	subtreerank=13	level=13
i=8	subtreerank=13	level=13
i=9	subtreerank=13	level=13
i=10	subtreerank=13	level=13
i=11	subtreerank=13	level=13
i=12	subtreerank=13	level=13
i=13	subtreerank=13	level=13
i=14	subtreerank=13	level=13
i=15	subtreerank=13	level=13
i=16	subtreerank=13	level=13
i=17	subtreerank=13	level=13
i=18	subtreerank=13	level=13
i=19	subtreerank=13	level=13
i=20	subtreerank=13	level=13
i=21	subtreerank=13	level=13
i=22	subtreerank=13	level=13
i=23	subtreerank=12	level=13
i=24	subtreerank=12	level=13
i=25	subtreerank=12	level=13
i=26	subtreerank=10	level=13
i=27	subtreerank=12	level=13
i=28	subtreerank=10	level=13
i=29	subtreerank=10	level=13
i=30	subtreerank=10	level=13
i=31	subtreerank=10	level=13
i=32	subtreerank=10	level=13
i=33	subtreerank=10	level=13
i=34	subtreerank=10	level=13
i=35	subtreerank=10	level=13
i=36	subtreerank=10	level=13
i=37	subtreerank=10	level=13
i=38	subtreerank=10	level=13
i=39	subtreerank=10	level=13
i=40	subtreerank=10	level=13
i=41	subtreerank=10	level=13
i=42	subtreerank=10	level=13
i=43	subtreerank=10	level=13
i=44	subtreerank=10	level=13
i=45	subtreerank=10	level=13
i=46	subtreerank=10	level=13
i=47	subtreerank=10	level=13
i=48	subtreerank=10	level=13
i=49	subtreerank=10	level=13
i=50	subtreerank=10	level=13
i=51	subtreerank=10	level=13
i=52	subtreerank=10	level=13
i=53	subtreerank=10	level=13
i=54	subtreerank=10	level=13
i=55	subtreerank=10	level=13
i=56	subtreerank=10	level=13
i=57	subtreerank=10	level=13
i=58	subtreerank=11	level=13
i=59	subtreerank=11	level=13
i=60	subtreerank=11	level=13
i=61	subtreerank=11	level=13
i=62	subtreerank=11	level=13
i=63	subtreerank=10	level=13
i=64	subtreerank=9	level=13
i=65	subtreerank=9	level=13
i=66	subtreerank=3	level=13
i=67	subtreerank=3	level=13
i=68	subtreerank=6	level=13
i=69	subtreerank=6	level=13
i=70	subtreerank=6	level=13
i=71	subtreerank=3	level=13
i=72	subtreerank=6	level=13
i=73	subtreerank=3	level=13
i=74	subtreerank=3	level=13
i=75	subtreerank=3	level=13
i=76	subtreerank=3	level=13
i=77	subtreerank=3	level=13
i=78	subtreerank=3	level=13
i=79	subtreerank=6	level=13
i=80	subtreerank=4	level=13
i=81	subtreerank=6	level=13
i=82	subtreerank=3	level=13
i=83	subtreerank=3	level=13
i=84	subtreerank=3	level=13
i=85	subtreerank=3	level=13
i=86	subtreerank=3	level=13
i=87	subtreerank=3	level=13
i=88	subtreerank=6	level=13
i=89	subtreerank=6	level=13
i=90	subtreerank=3	level=13
i=91	subtreerank=3	level=13
i=92	subtreerank=3	level=13
i=93	subtreerank=3	level=13
i=94	subtreerank=3	level=13
i=95	subtreerank=3	level=13
i=96	subtreerank=3	level=13
i=97	subtreerank=3	level=13
i=98	subtreerank=3	level=13
i=99	subtreerank=3	level=13
i=100	subtreerank=11	level=13
i=101	subtreerank=2	level=13
i=102	subtreerank=2	level=13
i=103	subtreerank=2	level=13
i=104	subtreerank=3	level=13
i=105	subtreerank=2	level=13
i=106	subtreerank=10	level=13
i=107	subtreerank=3	level=13
i=108	subtreerank=3	level=13
i=109	subtreerank=2	level=13
i=110	subtreerank=2	level=13
i=111	subtreerank=1	level=13
i=112	subtreerank=3	level=13
i=113	subtreerank=8	level=13
i=114	subtreerank=3	level=13
i=115	subtreerank=3	level=13
i=116	subtreerank=3	level=13
i=117	subtreerank=3	level=13
i=118	subtreerank=5	level=13
i=119	subtreerank=5	level=13
i=120	subtreerank=1	level=13
i=121	subtreerank=7	level=13
i=122	subtreerank=10	level=13
i=123	subtreerank=5	level=13
i=124	subtreerank=7	level=13
i=125	subtreerank=5	level=13
i=126	subtreerank=5	level=13
i=127	subtreerank=5	level=13
i=128	subtreerank=5	level=13
i=129	subtreerank=5	level=13
i=130	subtreerank=10	level=13
i=131	subtreerank=2	level=13
i=132	subtreerank=2	level=13
i=133	subtreerank=5	level=13
i=134	subtreerank=1	level=13
i=135	subtreerank=1	level=13
i=136	subtreerank=2	level=13
i=137	subtreerank=1	level=13
i=138	subtreerank=10	level=13
i=0	subtreerank=14	level=14
i=1	subtreerank=14	level=14
i=2	subtreerank=14	level=14
i=3	subtreerank=14	level=14
i=4	subtreerank=14	level=14
i=5	subtreerank=14	level=14
i=6	subtreerank=14	level=14
i=7	subtreerank=14	level=14
i=8	subtreerank=14	level=14
i=9	subtreerank=14	level=14
i=10	subtreerank=14	level=14
i=11	subtreerank=14	level=14
i=12	subtreerank=14	level=14
i=13	subtreerank=14	level=14
i=14	subtreerank=14	level=14
i=15	subtreerank=14	level=14
i=16	subtreerank=14	level=14
i=17	subtreerank=14	level=14
i=18	subtreerank=14	level=14
i=19	subtreerank=14	level=14
i=20	subtreerank=14	level=14
i=21	subtreerank=13	level=14
i=22	subtreerank=13	level=14
i=23	subtreerank=12	level=14
i=24	subtreerank=12	level=14
i=25	subtreerank=12	level=14
i=26	subtreerank=10	level=14
i=27	subtreerank=12	level=14
i=28	subtreerank=10	level=14
i=29	subtreerank=10	level=14
i=30	subtreerank=10	level=14
i=31	subtreerank=10	level=14
i=32	subtreerank=10	level=14
i=33	subtreerank=10	level=14
i=34	subtreerank=10	level=14
i=35	subtreerank=10	level=14
i=36	subtreerank=10	level=14
i=37	subtreerank=10	level=14
i=38	subtreerank=10	level=14
i=39	subtreerank=10	level=14
i=40	subtreerank=10	level=14
i=41	subtreerank=10	level=14
i=42	subtreerank=10	level=14
i=43	subtreerank=10	level=14
i=44	subtreerank=10	level=14
i=45	subtreerank=10	level=14
i=46	subtreerank=10	level=14
i=47	subtreerank=10	level=14
i=48	subtreerank=10	level=14
i=49	subtreerank=10	level=14
i=50	subtreerank=10	level=14
i=51	subtreerank=10	level=14
i=52	subtreerank=10	level=14
i=53	subtreerank=10	level=14
i=54	subtreerank=10	level=14
i=55	subtreerank=10	level=14
i=56	subtreerank=10	level=14
i=57	subtreerank=10	level=14
i=58	subtreerank=11	level=14
i=59	subtreerank=11	level=14
i=60	subtreerank=11	level=14
i=61	subtreerank=11	level=14
i=62	subtreerank=11	level=14
i=63	subtreerank=10	level=14
i=64	subtreerank=9	level=14
i=65	subtreerank=9	level=14
i=66	subtreerank=3	level=14
i=67	subtreerank=3	level=14
i=68	subtreerank=6	level=14
i=69	subtreerank=6	level=14
i=70	subtreerank=6	level=14
i=71	subtreerank=3	level=14
i=72	subtreerank=6	level=14
i=73	subtreerank=3	level=14
i=74	subtreerank=3	level=14
i=75	subtreerank=3	level=14
i=76	subtreerank=3	level=14
i=77	subtreerank=3	level=14
i=78	subtreerank=3	level=14
i=79	subtreerank=6	level=14
i=80	subtreerank=4	level=14
i=81	subtreerank=6	level=14
i=82	subtreerank=3	level=14
i=83	subtreerank=3	level=14
i=84	subtreerank=3	level=14
i=85	subtreerank=3	level=14
i=86	subtreerank=3	level=14
i=87	subtreerank=3	level=14
i=88	subtreerank=6	level=14
i=89	subtreerank=6	level=14
i=90	subtreerank=3	level=14
i=91	subtreerank=3	level=14
i=92	subtreerank=3	level=14
i=93	subtreerank=3	level=14
i=94	subtreerank=3	level=14
i=95	subtreerank=3	level=14
i=96	subtreerank=3	level=14
i=97	subtreerank=3	level=14
i=98	subtreerank=3	level=14
i=99	subtreerank=3	level=14
i=100	subtreerank=11	level=14
i=101	subtreerank=2	level=14
i=102	subtreerank=2	level=14
i=103	subtreerank=2	level=14
i=104	subtreerank=3	level=14
i=105	subtreerank=2	level=14
i=106	subtreerank=10	level=14
i=107	subtreerank=3	level=14
i=108	subtreerank=3	level=14
i=109	subtreerank=2	level=14
i=110	subtreerank=2	level=14
i=111	subtreerank=1	level=14
i=112	subtreerank=3	level=14
i=113	subtreerank=8	level=14
i=114	subtreerank=3	level=14
i=115	subtreerank=3	level=14
i=116	subtreerank=3	level=14
i=117	subtreerank=3	level=14
i=118	subtreerank=5	level=14
i=119	subtreerank=5	level=14
i=120	subtreerank=1	level=14
i=121	subtreerank=7	level=14
i=122	subtreerank=10	level=14
i=123	subtreerank=5	level=14
i=124	subtreerank=7	level=14
i=125	subtreerank=5	level=14
i=126	subtreerank=5	level=14
i=127	subtreerank=5	level=14
i=128	subtreerank=5	level=14
i=129	subtreerank=5	level=14
i=130	subtreerank=10	level=14
i=131	subtreerank=2	level=14
i=132	subtreerank=2	level=14
i=133	subtreerank=5	level=14
i=134	subtreerank=1	level=14
i=135	subtreerank=1	level=14
i=136	subtreerank=2	level=14
i=137	subtreerank=1	level=14
i=138	subtreerank=10	level=14
i=0	subtreerank=15	level=15
i=1	subtreerank=15	level=15
i=2	subtreerank=15	level=15
i=3	subtreerank=15	level=15
i=4	subtreerank=15	level=15
i=5	subtreerank=15	level=15
i=6	subtreerank=15	level=15
i=7	subtreerank=15	level=15
i=8	subtreerank=15	level=15
i=9	subtreerank=15	level=15
i=10	subtreerank=15	level=15
i=11	subtreerank=15	level=15
i=12	subtreerank=15	level=15
i=13	subtreerank=15	level=15
i=14	subtreerank=15	level=15
i=15	subtreerank=15	level=15
i=16	subtreerank=15	level=15
i=17	subtreerank=15	level=15
i=18	subtreerank=15	level=15
i=19	subtreerank=15	level=15
i=20	subtreerank=14	level=15
i=21	subtreerank=13	level=15
i=22	subtreerank=13	level=15
i=23	subtreerank=12	level=15
i=24	subtreerank=12	level=15
i=25	subtreerank=12	level=15
i=26	subtreerank=10	level=15
i=27	subtreerank=12	level=15
i=28	subtreerank=10	level=15
i=29	subtreerank=10	level=15
i=30	subtreerank=10	level=15
i=31	subtreerank=10	level=15
i=32	subtreerank=10	level=15
i=33	subtreerank=10	level=15
i=34	subtreerank=10	level=15
i=35	subtreerank=10	level=15
i=36	subtreerank=10	level=15
i=37	subtreerank=10	level=15
i=38	subtreerank=10	level=15
i=39	subtreerank=10	level=15
i=40	subtreerank=10	level=15
i=41	subtreerank=10	level=15
i=42	subtreerank=10	level=15
i=43	subtreerank=10	level=15
i=44	subtreerank=10	level=15
i=45	subtreerank=10	level=15
i=46	subtreerank=10	level=15
i=47	subtreerank=10	level=15
i=48	subtreerank=10	level=15
i=49	subtreerank=10	level=15
i=50	subtreerank=10	level=15
i=51	subtreerank=10	level=15
i=52	subtreerank=10	level=15
i=53	subtreerank=10	level=15
i=54	subtreerank=10	level=15
i=55	subtreerank=10	level=15
i=56	subtreerank=10	level=15
i=57	subtreerank=10	level=15
i=58	subtreerank=11	level=15
i=59	subtreerank=11	level=15
i=60	subtreerank=11	level=15
i=61	subtreerank=11	level=15
i=62	subtreerank=11	level=15
i=63	subtreerank=10	level=15
i=64	subtreerank=9	level=15
i=65	subtreerank=9	level=15
i=66	subtreerank=3	level=15
i=67	subtreerank=3	level=15
i=68	subtreerank=6	level=15
i=69	subtreerank=6	level=15
i=70	subtreerank=6	level=15
i=71	subtreerank=3	level=15
i=72	subtreerank=6	level=15
i=73	subtreerank=3	level=15
i=74	subtreerank=3	level=15
i=75	subtreerank=3	level=15
i=76	subtreerank=3	level=15
i=77	subtreerank=3	level=15
i=78	subtreerank=3	level=15
i=79	subtreerank=6	level=15
i=80	subtreerank=4	level=15
i=81	subtreerank=6	level=15
i=82	subtreerank=3	level=15
i=83	subtreerank=3	level=15
i=84	subtreerank=3	level=15
i=85	subtreerank=3	level=15
i=86	subtreerank=3	level=15
i=87	subtreerank=3	level=15
i=88	subtreerank=6	level=15
i=89	subtreerank=6	level=15
i=90	subtreerank=3	level=15
i=91	subtreerank=3	level=15
i=92	subtreerank=3	level=15
i=93	subtreerank=3	level=15
i=94	subtreerank=3	level=15
i=95	subtreerank=3	level=15
i=96	subtreerank=3	level=15
i=97	subtreerank=3	level=15
i=98	subtreerank=3	level=15
i=99	subtreerank=3	level=15
i=100	subtreerank=11	level=15
i=101	subtreerank=2	level=15
i=102	subtreerank=2	level=15
i=103	subtreerank=2	level=15
i=104	subtreerank=3	level=15
i=105	subtreerank=2	level=15
i=106	subtreerank=10	level=15
i=107	subtreerank=3	level=15
i=108	subtreerank=3	level=15
i=109	subtreerank=2	level=15
i=110	subtreerank=2	level=15
i=111	subtreerank=1	level=15
i=112	subtreerank=3	level=15
i=113	subtreerank=8	level=15
i=114	subtreerank=3	level=15
i=115	subtreerank=3	level=15
i=116	subtreerank=3	level=15
i=117	subtreerank=3	level=15
i=118	subtreerank=5	level=15
i=119	subtreerank=5	level=15
i=120	subtreerank=1	level=15
i=121	subtreerank=7	level=15
i=122	subtreerank=10	level=15
i=123	subtreerank=5	level=15
i=124	subtreerank=7	level=15
i=125	subtreerank=5	level=15
i=126	subtreerank=5	level=15
i=127	subtreerank=5	level=15
i=128	subtreerank=5	level=15
i=129	subtreerank=5	level=15
i=130	subtreerank=10	level=15
i=131	subtreerank=2	level=15
i=132	subtreerank=2	level=15
i=133	subtreerank=5	level=15
i=134	subtreerank=1	level=15
i=135	subtreerank=1	level=15
i=136	subtreerank=2	level=15
i=137	subtreerank=1	level=15
i=138	subtreerank=10	level=15
i=0	subtreerank=16	level=16
i=1	subtreerank=16	level=16
i=2	subtreerank=16	level=16
i=3	subtreerank=16	level=16
i=4	subtreerank=16	level=16
i=5	subtreerank=16	level=16
i=6	subtreerank=16	level=16
i=7	subtreerank=16	level=16
i=8	subtreerank=16	level=16
i=9	subtreerank=16	level=16
i=10	subtreerank=16	level=16
i=11	subtreerank=16	level=16
i=12	subtreerank=16	level=16
i=13	subtreerank=16	level=16
i=14	subtreerank=16	level=16
i=15	subtreerank=16	level=16
i=16	subtreerank=15	level=16
i=17	subtreerank=15	level=16
i=18	subtreerank=15	level=16
i=19	subtreerank=15	level=16
i=20	subtreerank=14	level=16
i=21	subtreerank=13	level=16
i=22	subtreerank=13	level=16
i=23	subtreerank=12	level=16
i=24	subtreerank=12	level=16
i=25	subtreerank=12	level=16
i=26	subtreerank=10	level=16
i=27	subtreerank=12	level=16
i=28	subtreerank=10	level=16
i=29	subtreerank=10	level=16
i=30	subtreerank=10	level=16
i=31	subtreerank=10	level=16
i=32	subtreerank=10	level=16
i=33	subtreerank=10	level=16
i=34	subtreerank=10	level=16
i=35	subtreerank=10	level=16
i=36	subtreerank=10	level=16
i=37	subtreerank=10	level=16
i=38	subtreerank=10	level=16
i=39	subtreerank=10	level=16
i=40	subtreerank=10	level=16
i=41	subtreerank=10	level=16
i=42	subtreerank=10	level=16
i=43	subtreerank=10	level=16
i=44	subtreerank=10	level=16
i=45	subtreerank=10	level=16
i=46	subtreerank=10	level=16
i=47	subtreerank=10	level=16
i=48	subtreerank=10	level=16
i=49	subtreerank=10	level=16
i=50	subtreerank=10	level=16
i=51	subtreerank=10	level=16
i=52	subtreerank=10	level=16
i=53	subtreerank=10	level=16
i=54	subtreerank=10	level=16
i=55	subtreerank=10	level=16
i=56	subtreerank=10	level=16
i=57	subtreerank=10	level=16
i=58	subtreerank=11	level=16
i=59	subtreerank=11	level=16
i=60	subtreerank=11	level=16
i=61	subtreerank=11	level=16
i=62	subtreerank=11	level=16
i=63	subtreerank=10	level=16
i=64	subtreerank=9	level=16
i=65	subtreerank=9	level=16
i=66	subtreerank=3	level=16
i=67	subtreerank=3	level=16
i=68	subtreerank=6	level=16
i=69	subtreerank=6	level=16
i=70	subtreerank=6	level=16
i=71	subtreerank=3	level=16
i=72	subtreerank=6	level=16
i=73	subtreerank=3	level=16
i=74	subtreerank=3	level=16
i=75	subtreerank=3	level=16
i=76	subtreerank=3	level=16
i=77	subtreerank=3	level=16
i=78	subtreerank=3	level=16
i=79	subtreerank=6	level=16
i=80	subtreerank=4	level=16
i=81	subtreerank=6	level=16
i=82	subtreerank=3	level=16
i=83	subtreerank=3	level=16
i=84	subtreerank=3	level=16
i=85	subtreerank=3	level=16
i=86	subtreerank=3	level=16
i=87	subtreerank=3	level=16
i=88	subtreerank=6	level=16
i=89	subtreerank=6	level=16
i=90	subtreerank=3	level=16
i=91	subtreerank=3	level=16
i=92	subtreerank=3	level=16
i=93	subtreerank=3	level=16
i=94	subtreerank=3	level=16
i=95	subtreerank=3	level=16
i=96	subtreerank=3	level=16
i=97	subtreerank=3	level=16
i=98	subtreerank=3	level=16
i=99	subtreerank=3	level=16
i=100	subtreerank=11	level=16
i=101	subtreerank=2	level=16
i=102	subtreerank=2	level=16
i=103	subtreerank=2	level=16
i=104	subtreerank=3	level=16
i=105	subtreerank=2	level=16
i=106	subtreerank=10	level=16
i=107	subtreerank=3	level=16
i=108	subtreerank=3	level=16
i=109	subtreerank=2	level=16
i=110	subtreerank=2	level=16
i=111	subtreerank=1	level=16
i=112	subtreerank=3	level=16
i=113	subtreerank=8	level=16
i=114	subtreerank=3	level=16
i=115	subtreerank=3	level=16
i=116	subtreerank=3	level=16
i=117	subtreerank=3	level=16
i=118	subtreerank=5	level=16
i=119	subtreerank=5	level=16
i=120	subtreerank=1	level=16
i=121	subtreerank=7	level=16
i=122	subtreerank=10	level=16
i=123	subtreerank=5	level=16
i=124	subtreerank=7	level=16
i=125	subtreerank=5	level=16
i=126	subtreerank=5	level=16
i=127	subtreerank=5	level=16
i=128	subtreerank=5	level=16
i=129	subtreerank=5	level=16
i=130	subtreerank=10	level=16
i=131	subtreerank=2	level=16
i=132	subtreerank=2	level=16
i=133	subtreerank=5	level=16
i=134	subtreerank=1	level=16
i=135	subtreerank=1	level=16
i=136	subtreerank=2	level=16
i=137	subtreerank=1	level=16
i=138	subtreerank=10	level=16
i=0	subtreerank=17	level=17
i=1	subtreerank=17	level=17
i=2	subtreerank=17	level=17
i=3	subtreerank=17	level=17
i=4	subtreerank=17	level=17
i=5	subtreerank=17	level=17
i=6	subtreerank=17	level=17
i=7	subtreerank=17	level=17
i=8	subtreerank=17	level=17
i=9	subtreerank=17	level=17
i=10	subtreerank=17	level=17
i=11	subtreerank=17	level=17
i=12	subtreerank=17	level=17
i=13	subtreerank=17	level=17
i=14	subtreerank=17	level=17
i=15	subtreerank=16	level=17
i=16	subtreerank=15	level=17
i=17	subtreerank=15	level=17
i=18	subtreerank=15	level=17
i=19	subtreerank=15	level=17
i=20	subtreerank=14	level=17
i=21	subtreerank=13	level=17
i=22	subtreerank=13	level=17
i=23	subtreerank=12	level=17
i=24	subtreerank=12	level=17
i=25	subtreerank=12	level=17
i=26	subtreerank=10	level=17
i=27	subtreerank=12	level=17
i=28	subtreerank=10	level=17
i=29	subtreerank=10	level=17
i=30	subtreerank=10	level=17
i=31	subtreerank=10	level=17
i=32	subtreerank=10	level=17
i=33	subtreerank=10	level=17
i=34	subtreerank=10	level=17
i=35	subtreerank=10	level=17
i=36	subtreerank=10	level=17
i=37	subtreerank=10	level=17
i=38	subtreerank=10	level=17
i=39	subtreerank=10	level=17
i=40	subtreerank=10	level=17
i=41	subtreerank=10	level=17
i=42	subtreerank=10	level=17
i=43	subtreerank=10	level=17
i=44	subtreerank=10	level=17
i=45	subtreerank=10	level=17
i=46	subtreerank=10	level=17
i=47	subtreerank=10	level=17
i=48	subtreerank=10	level=17
i=49	subtreerank=10	level=17
i=50	subtreerank=10	level=17
i=51	subtreerank=10	level=17
i=52	subtreerank=10	level=17
i=53	subtreerank=10	level=17
i=54	subtreerank=10	level=17
i=55	subtreerank=10	level=17
i=56	subtreerank=10	level=17
i=57	subtreerank=10	level=17
i=58	subtreerank=11	level=17
i=59	subtreerank=11	level=17
i=60	subtreerank=11	level=17
i=61	subtreerank=11	level=17
i=62	subtreerank=11	level=17
i=63	subtreerank=10	level=17
i=64	subtreerank=9	level=17
i=65	subtreerank=9	level=17
i=66	subtreerank=3	level=17
i=67	subtreerank=3	level=17
i=68	subtreerank=6	level=17
i=69	subtreerank=6	level=17
i=70	subtreerank=6	level=17
i=71	subtreerank=3	level=17
i=72	subtreerank=6	level=17
i=73	subtreerank=3	level=17
i=74	subtreerank=3	level=17
i=75	subtreerank=3	level=17
i=76	subtreerank=3	level=17
i=77	subtreerank=3	level=17
i=78	subtreerank=3	level=17
i=79	subtreerank=6	level=17
i=80	subtreerank=4	level=17
i=81	subtreerank=6	level=17
i=82	subtreerank=3	level=17
i=83	subtreerank=3	level=17
i=84	subtreerank=3	level=17
i=85	subtreerank=3	level=17
i=86	subtreerank=3	level=17
i=87	subtreerank=3	level=17
i=88	subtreerank=6	level=17
i=89	subtreerank=6	level=17
i=90	subtreerank=3	level=17
i=91	subtreerank=3	level=17
i=92	subtreerank=3	level=17
i=93	subtreerank=3	level=17
i=94	subtreerank=3	level=17
i=95	subtreerank=3	level=17
i=96	subtreerank=3	level=17
i=97	subtreerank=3	level=17
i=98	subtreerank=3	level=17
i=99	subtreerank=3	level=17
i=100	subtreerank=11	level=17
i=101	subtreerank=2	level=17
i=102	subtreerank=2	level=17
i=103	subtreerank=2	level=17
i=104	subtreerank=3	level=17
i=105	subtreerank=2	level=17
i=106	subtreerank=10	level=17
i=107	subtreerank=3	level=17
i=108	subtreerank=3	level=17
i=109	subtreerank=2	level=17
i=110	subtreerank=2	level=17
i=111	subtreerank=1	level=17
i=112	subtreerank=3	level=17
i=113	subtreerank=8	level=17
i=114	subtreerank=3	level=17
i=115	subtreerank=3	level=17
i=116	subtreerank=3	level=17
i=117	subtreerank=3	level=17
i=118	subtreerank=5	level=17
i=119	subtreerank=5	level=17
i=120	subtreerank=1	level=17
i=121	subtreerank=7	level=17
i=122	subtreerank=10	level=17
i=123	subtreerank=5	level=17
i=124	subtreerank=7	level=17
i=125	subtreerank=5	level=17
i=126	subtreerank=5	level=17
i=127	subtreerank=5	level=17
i=128	subtreerank=5	level=17
i=129	subtreerank=5	level=17
i=130	subtreerank=10	level=17
i=131	subtreerank=2	level=17
i=132	subtreerank=2	level=17
i=133	subtreerank=5	level=17
i=134	subtreerank=1	level=17
i=135	subtreerank=1	level=17
i=136	subtreerank=2	level=17
i=137	subtreerank=1	level=17
i=138	subtreerank=10	level=17
i=0	subtreerank=18	level=18
i=1	subtreerank=18	level=18
i=2	subtreerank=18	level=18
i=3	subtreerank=18	level=18
i=4	subtreerank=18	level=18
i=5	subtreerank=18	level=18
i=6	subtreerank=18	level=18
i=7	subtreerank=18	level=18
i=8	subtreerank=18	level=18
i=9	subtreerank=18	level=18
i=10	subtreerank=18	level=18
i=11	subtreerank=18	level=18
i=12	subtreerank=18	level=18
i=13	subtreerank=17	level=18
i=14	subtreerank=17	level=18
i=15	subtreerank=16	level=18
i=16	subtreerank=15	level=18
i=17	subtreerank=15	level=18
i=18	subtreerank=15	level=18
i=19	subtreerank=15	level=18
i=20	subtreerank=14	level=18
i=21	subtreerank=13	level=18
i=22	subtreerank=13	level=18
i=23	subtreerank=12	level=18
i=24	subtreerank=12	level=18
i=25	subtreerank=12	level=18
i=26	subtreerank=10	level=18
i=27	subtreerank=12	level=18
i=28	subtreerank=10	level=18
i=29	subtreerank=10	level=18
i=30	subtreerank=10	level=18
i=31	subtreerank=10	level=18
i=32	subtreerank=10	level=18
i=33	subtreerank=10	level=18
i=34	subtreerank=10	level=18
i=35	subtreerank=10	level=18
i=36	subtreerank=10	level=18
i=37	subtreerank=10	level=18
i=38	subtreerank=10	level=18
i=39	subtreerank=10	level=18
i=40	subtreerank=10	level=18
i=41	subtreerank=10	level=18
i=42	subtreerank=10	level=18
i=43	subtreerank=10	level=18
i=44	subtreerank=10	level=18
i=45	subtreerank=10	level=18
i=46	subtreerank=10	level=18
i=47	subtreerank=10	level=18
i=48	subtreerank=10	level=18
i=49	subtreerank=10	level=18
i=50	subtreerank=10	level=18
i=51	subtreerank=10	level=18
i=52	subtreerank=10	level=18
i=53	subtreerank=10	level=18
i=54	subtreerank=10	level=18
i=55	subtreerank=10	level=18
i=56	subtreerank=10	level=18
i=57	subtreerank=10	level=18
i=58	subtreerank=11	level=18
i=59	subtreerank=11	level=18
i=60	subtreerank=11	level=18
i=61	subtreerank=11	level=18
i=62	subtreerank=11	level=18
i=63	subtreerank=10	level=18
i=64	subtreerank=9	level=18
i=65	subtreerank=9	level=18
i=66	subtreerank=3	level=18
i=67	subtreerank=3	level=18
i=68	subtreerank=6	level=18
i=69	subtreerank=6	level=18
i=70	subtreerank=6	level=18
i=71	subtreerank=3	level=18
i=72	subtreerank=6	level=18
i=73	subtreerank=3	level=18
i=74	subtreerank=3	level=18
i=75	subtreerank=3	level=18
i=76	subtreerank=3	level=18
i=77	subtreerank=3	level=18
i=78	subtreerank=3	level=18
i=79	subtreerank=6	level=18
i=80	subtreerank=4	level=18
i=81	subtreerank=6	level=18
i=82	subtreerank=3	level=18
i=83	subtreerank=3	level=18
i=84	subtreerank=3	level=18
i=85	subtreerank=3	level=18
i=86	subtreerank=3	level=18
i=87	subtreerank=3	level=18
i=88	subtreerank=6	level=18
i=89	subtreerank=6	level=18
i=90	subtreerank=3	level=18
i=91	subtreerank=3	level=18
i=92	subtreerank=3	level=18
i=93	subtreerank=3	level=18
i=94	subtreerank=3	level=18
i=95	subtreerank=3	level=18
i=96	subtreerank=3	level=18
i=97	subtreerank=3	level=18
i=98	subtreerank=3	level=18
i=99	subtreerank=3	level=18
i=100	subtreerank=11	level=18
i=101	subtreerank=2	level=18
i=102	subtreerank=2	level=18
i=103	subtreerank=2	level=18
i=104	subtreerank=3	level=18
i=105	subtreerank=2	level=18
i=106	subtreerank=10	level=18
i=107	subtreerank=3	level=18
i=108	subtreerank=3	level=18
i=109	subtreerank=2	level=18
i=110	subtreerank=2	level=18
i=111	subtreerank=1	level=18
i=112	subtreerank=3	level=18
i=113	subtreerank=8	level=18
i=114	subtreerank=3	level=18
i=115	subtreerank=3	level=18
i=116	subtreerank=3	level=18
i=117	subtreerank=3	level=18
i=118	subtreerank=5	level=18
i=119	subtreerank=5	level=18
i=120	subtreerank=1	level=18
i=121	subtreerank=7	level=18
i=122	subtreerank=10	level=18
i=123	subtreerank=5	level=18
i=124	subtreerank=7	level=18
i=125	subtreerank=5	level=18
i=126	subtreerank=5	level=18
i=127	subtreerank=5	level=18
i=128	subtreerank=5	level=18
i=129	subtreerank=5	level=18
i=130	subtreerank=10	level=18
i=131	subtreerank=2	level=18
i=132	subtreerank=2	level=18
i=133	subtreerank=5	level=18
i=134	subtreerank=1	level=18
i=135	subtreerank=1	level=18
i=136	subtreerank=2	level=18
i=137	subtreerank=1	level=18
i=138	subtreerank=10	level=18
i=0	subtreerank=19	level=19
i=1	subtreerank=19	level=19
i=2	subtreerank=19	level=19
i=3	subtreerank=19	level=19
i=4	subtreerank=19	level=19
i=5	subtreerank=19	level=19
i=6	subtreerank=19	level=19
i=7	subtreerank=19	level=19
i=8	subtreerank=18	level=19
i=9	subtreerank=19	level=19
i=10	subtreerank=19	level=19
i=11	subtreerank=19	level=19
i=12	subtreerank=19	level=19
i=13	subtreerank=17	level=19
i=14	subtreerank=17	level=19
i=15	subtreerank=16	level=19
i=16	subtreerank=15	level=19
i=17	subtreerank=15	level=19
i=18	subtreerank=15	level=19
i=19	subtreerank=15	level=19
i=20	subtreerank=14	level=19
i=21	subtreerank=13	level=19
i=22	subtreerank=13	level=19
i=23	subtreerank=12	level=19
i=24	subtreerank=12	level=19
i=25	subtreerank=12	level=19
i=26	subtreerank=10	level=19
i=27	subtreerank=12	level=19
i=28	subtreerank=10	level=19
i=29	subtreerank=10	level=19
i=30	subtreerank=10	level=19
i=31	subtreerank=10	level=19
i=32	subtreerank=10	level=19
i=33	subtreerank=10	level=19
i=34	subtreerank=10	level=19
i=35	subtreerank=10	level=19
i=36	subtreerank=10	level=19
i=37	subtreerank=10	level=19
i=38	subtreerank=10	level=19
i=39	subtreerank=10	level=19
i=40	subtreerank=10	level=19
i=41	subtreerank=10	level=19
i=42	subtreerank=10	level=19
i=43	subtreerank=10	level=19
i=44	subtreerank=10	level=19
i=45	subtreerank=10	level=19
i=46	subtreerank=10	level=19
i=47	subtreerank=10	level=19
i=48	subtreerank=10	level=19
i=49	subtreerank=10	level=19
i=50	subtreerank=10	level=19
i=51	subtreerank=10	level=19
i=52	subtreerank=10	level=19
i=53	subtreerank=10	level=19
i=54	subtreerank=10	level=19
i=55	subtreerank=10	level=19
i=56	subtreerank=10	level=19
i=57	subtreerank=10	level=19
i=58	subtreerank=11	level=19
i=59	subtreerank=11	level=19
i=60	subtreerank=11	level=19
i=61	subtreerank=11	level=19
i=62	subtreerank=11	level=19
i=63	subtreerank=10	level=19
i=64	subtreerank=9	level=19
i=65	subtreerank=9	level=19
i=66	subtreerank=3	level=19
i=67	subtreerank=3	level=19
i=68	subtreerank=6	level=19
i=69	subtreerank=6	level=19
i=70	subtreerank=6	level=19
i=71	subtreerank=3	level=19
i=72	subtreerank=6	level=19
i=73	subtreerank=3	level=19
i=74	subtreerank=3	level=19
i=75	subtreerank=3	level=19
i=76	subtreerank=3	level=19
i=77	subtreerank=3	level=19
i=78	subtreerank=3	level=19
i=79	subtreerank=6	level=19
i=80	subtreerank=4	level=19
i=81	subtreerank=6	level=19
i=82	subtreerank=3	level=19
i=83	subtreerank=3	level=19
i=84	subtreerank=3	level=19
i=85	subtreerank=3	level=19
i=86	subtreerank=3	level=19
i=87	subtreerank=3	level=19
i=88	subtreerank=6	level=19
i=89	subtreerank=6	level=19
i=90	subtreerank=3	level=19
i=91	subtreerank=3	level=19
i=92	subtreerank=3	level=19
i=93	subtreerank=3	level=19
i=94	subtreerank=3	level=19
i=95	subtreerank=3	level=19
i=96	subtreerank=3	level=19
i=97	subtreerank=3	level=19
i=98	subtreerank=3	level=19
i=99	subtreerank=3	level=19
i=100	subtreerank=11	level=19
i=101	subtreerank=2	level=19
i=102	subtreerank=2	level=19
i=103	subtreerank=2	level=19
i=104	subtreerank=3	level=19
i=105	subtreerank=2	level=19
i=106	subtreerank=10	level=19
i=107	subtreerank=3	level=19
i=108	subtreerank=3	level=19
i=109	subtreerank=2	level=19
i=110	subtreerank=2	level=19
i=111	subtreerank=1	level=19
i=112	subtreerank=3	level=19
i=113	subtreerank=8	level=19
i=114	subtreerank=3	level=19
i=115	subtreerank=3	level=19
i=116	subtreerank=3	level=19
i=117	subtreerank=3	level=19
i=118	subtreerank=5	level=19
i=119	subtreerank=5	level=19
i=120	subtreerank=1	level=19
i=121	subtreerank=7	level=19
i=122	subtreerank=10	level=19
i=123	subtreerank=5	level=19
i=124	subtreerank=7	level=19
i=125	subtreerank=5	level=19
i=126	subtreerank=5	level=19
i=127	subtreerank=5	level=19
i=128	subtreerank=5	level=19
i=129	subtreerank=5	level=19
i=130	subtreerank=10	level=19
i=131	subtreerank=2	level=19
i=132	subtreerank=2	level=19
i=133	subtreerank=5	level=19
i=134	subtreerank=1	level=19
i=135	subtreerank=1	level=19
i=136	subtreerank=2	level=19
i=137	subtreerank=1	level=19
i=138	subtreerank=10	level=19
i=0	subtreerank=20	level=20
i=1	subtreerank=20	level=20
i=2	subtreerank=20	level=20
i=3	subtreerank=20	level=20
i=4	subtreerank=20	level=20
i=5	subtreerank=20	level=20
i=6	subtreerank=20	level=20
i=7	subtreerank=20	level=20
i=8	subtreerank=18	level=20
i=9	subtreerank=19	level=20
i=10	subtreerank=19	level=20
i=11	subtreerank=19	level=20
i=12	subtreerank=19	level=20
i=13	subtreerank=17	level=20
i=14	subtreerank=17	level=20
i=15	subtreerank=16	level=20
i=16	subtreerank=15	level=20
i=17	subtreerank=15	level=20
i=18	subtreerank=15	level=20
i=19	subtreerank=15	level=20
i=20	subtreerank=14	level=20
i=21	subtreerank=13	level=20
i=22	subtreerank=13	level=20
i=23	subtreerank=12	level=20
i=24	subtreerank=12	level=20
i=25	subtreerank=12	level=20
i=26	subtreerank=10	level=20
i=27	subtreerank=12	level=20
i=28	subtreerank=10	level=20
i=29	subtreerank=10	level=20
i=30	subtreerank=10	level=20
i=31	subtreerank=10	level=20
i=32	subtreerank=10	level=20
i=33	subtreerank=10	level=20
i=34	subtreerank=10	level=20
i=35	subtreerank=10	level=20
i=36	subtreerank=10	level=20
i=37	subtreerank=10	level=20
i=38	subtreerank=10	level=20
i=39	subtreerank=10	level=20
i=40	subtreerank=10	level=20
i=41	subtreerank=10	level=20
i=42	subtreerank=10	level=20
i=43	subtreerank=10	level=20
i=44	subtreerank=10	level=20
i=45	subtreerank=10	level=20
i=46	subtreerank=10	level=20
i=47	subtreerank=10	level=20
i=48	subtreerank=10	level=20
i=49	subtreerank=10	level=20
i=50	subtreerank=10	level=20
i=51	subtreerank=10	level=20
i=52	subtreerank=10	level=20
i=53	subtreerank=10	level=20
i=54	subtreerank=10	level=20
i=55	subtreerank=10	level=20
i=56	subtreerank=10	level=20
i=57	subtreerank=10	level=20
i=58	subtreerank=11	level=20
i=59	subtreerank=11	level=20
i=60	subtreerank=11	level=20
i=61	subtreerank=11	level=20
i=62	subtreerank=11	level=20
i=63	subtreerank=10	level=20
i=64	subtreerank=9	level=20
i=65	subtreerank=9	level=20
i=66	subtreerank=3	level=20
i=67	subtreerank=3	level=20
i=68	subtreerank=6	level=20
i=69	subtreerank=6	level=20
i=70	subtreerank=6	level=20
i=71	subtreerank=3	level=20
i=72	subtreerank=6	level=20
i=73	subtreerank=3	level=20
i=74	subtreerank=3	level=20
i=75	subtreerank=3	level=20
i=76	subtreerank=3	level=20
i=77	subtreerank=3	level=20
i=78	subtreerank=3	level=20
i=79	subtreerank=6	level=20
i=80	subtreerank=4	level=20
i=81	subtreerank=6	level=20
i=82	subtreerank=3	level=20
i=83	subtreerank=3	level=20
i=84	subtreerank=3	level=20
i=85	subtreerank=3	level=20
i=86	subtreerank=3	level=20
i=87	subtreerank=3	level=20
i=88	subtreerank=6	level=20
i=89	subtreerank=6	level=20
i=90	subtreerank=3	level=20
i=91	subtreerank=3	level=20
i=92	subtreerank=3	level=20
i=93	subtreerank=3	level=20
i=94	subtreerank=3	level=20
i=95	subtreerank=3	level=20
i=96	subtreerank=3	level=20
i=97	subtreerank=3	level=20
i=98	subtreerank=3	level=20
i=99	subtreerank=3	level=20
i=100	subtreerank=11	level=20
i=101	subtreerank=2	level=20
i=102	subtreerank=2	level=20
i=103	subtreerank=2	level=20
i=104	subtreerank=3	level=20
i=105	subtreerank=2	level=20
i=106	subtreerank=10	level=20
i=107	subtreerank=3	level=20
i=108	subtreerank=3	level=20
i=109	subtreerank=2	level=20
i=110	subtreerank=2	level=20
i=111	subtreerank=1	level=20
i=112	subtreerank=3	level=20
i=113	subtreerank=8	level=20
i=114	subtreerank=3	level=20
i=115	subtreerank=3	level=20
i=116	subtreerank=3	level=20
i=117	subtreerank=3	level=20
i=118	subtreerank=5	level=20
i=119	subtreerank=5	level=20
i=120	subtreerank=1	level=20
i=121	subtreerank=7	level=20
i=122	subtreerank=10	level=20
i=123	subtreerank=5	level=20
i=124	subtreerank=7	level=20
i=125	subtreerank=5	level=20
i=126	subtreerank=5	level=20
i=127	subtreerank=5	level=20
i=128	subtreerank=5	level=20
i=129	subtreerank=5	level=20
i=130	subtreerank=10	level=20
i=131	subtreerank=2	level=20
i=132	subtreerank=2	level=20
i=133	subtreerank=5	level=20
i=134	subtreerank=1	level=20
i=135	subtreerank=1	level=20
i=136	subtreerank=2	level=20
i=137	subtreerank=1	level=20
i=138	subtreerank=10	level=20
i=0	subtreerank=21	level=21
i=1	subtreerank=21	level=21
i=2	subtreerank=21	level=21
i=3	subtreerank=21	level=21
i=4	subtreerank=21	level=21
i=5	subtreerank=21	level=21
i=6	subtreerank=20	level=21
i=7	subtreerank=21	level=21
i=8	subtreerank=18	level=21
i=9	subtreerank=19	level=21
i=10	subtreerank=19	level=21
i=11	subtreerank=19	level=21
i=12	subtreerank=19	level=21
i=13	subtreerank=17	level=21
i=14	subtreerank=17	level=21
i=15	subtreerank=16	level=21
i=16	subtreerank=15	level=21
i=17	subtreerank=15	level=21
i=18	subtreerank=15	level=21
i=19	subtreerank=15	level=21
i=20	subtreerank=14	level=21
i=21	subtreerank=13	level=21
i=22	subtreerank=13	level=21
i=23	subtreerank=12	level=21
i=24	subtreerank=12	level=21
i=25	subtreerank=12	level=21
i=26	subtreerank=10	level=21
i=27	subtreerank=12	level=21
i=28	subtreerank=10	level=21
i=29	subtreerank=10	level=21
i=30	subtreerank=10	level=21
i=31	subtreerank=10	level=21
i=32	subtreerank=10	level=21
i=33	subtreerank=10	level=21
i=34	subtreerank=10	level=21
i=35	subtreerank=10	level=21
i=36	subtreerank=10	level=21
i=37	subtreerank=10	level=21
i=38	subtreerank=10	level=21
i=39	subtreerank=10	level=21
i=40	subtreerank=10	level=21
i=41	subtreerank=10	level=21
i=42	subtreerank=10	level=21
i=43	subtreerank=10	level=21
i=44	subtreerank=10	level=21
i=45	subtreerank=10	level=21
i=46	subtreerank=10	level=21
i=47	subtreerank=10	level=21
i=48	subtreerank=10	level=21
i=49	subtreerank=10	level=21
i=50	subtreerank=10	level=21
i=51	subtreerank=10	level=21
i=52	subtreerank=10	level=21
i=53	subtreerank=10	level=21
i=54	subtreerank=10	level=21
i=55	subtreerank=10	level=21
i=56	subtreerank=10	level=21
i=57	subtreerank=10	level=21
i=58	subtreerank=11	level=21
i=59	subtreerank=11	level=21
i=60	subtreerank=11	level=21
i=61	subtreerank=11	level=21
i=62	subtreerank=11	level=21
i=63	subtreerank=10	level=21
i=64	subtreerank=9	level=21
i=65	subtreerank=9	level=21
i=66	subtreerank=3	level=21
i=67	subtreerank=3	level=21
i=68	subtreerank=6	level=21
i=69	subtreerank=6	level=21
i=70	subtreerank=6	level=21
i=71	subtreerank=3	level=21
i=72	subtreerank=6	level=21
i=73	subtreerank=3	level=21
i=74	subtreerank=3	level=21
i=75	subtreerank=3	level=21
i=76	subtreerank=3	level=21
i=77	subtreerank=3	level=21
i=78	subtreerank=3	level=21
i=79	subtreerank=6	level=21
i=80	subtreerank=4	level=21
i=81	subtreerank=6	level=21
i=82	subtreerank=3	level=21
i=83	subtreerank=3	level=21
i=84	subtreerank=3	level=21
i=85	subtreerank=3	level=21
i=86	subtreerank=3	level=21
i=87	subtreerank=3	level=21
i=88	subtreerank=6	level=21
i=89	subtreerank=6	level=21
i=90	subtreerank=3	level=21
i=91	subtreerank=3	level=21
i=92	subtreerank=3	level=21
i=93	subtreerank=3	level=21
i=94	subtreerank=3	level=21
i=95	subtreerank=3	level=21
i=96	subtreerank=3	level=21
i=97	subtreerank=3	level=21
i=98	subtreerank=3	level=21
i=99	subtreerank=3	level=21
i=100	subtreerank=11	level=21
i=101	subtreerank=2	level=21
i=102	subtreerank=2	level=21
i=103	subtreerank=2	level=21
i=104	subtreerank=3	level=21
i=105	subtreerank=2	level=21
i=106	subtreerank=10	level=21
i=107	subtreerank=3	level=21
i=108	subtreerank=3	level=21
i=109	subtreerank=2	level=21
i=110	subtreerank=2	level=21
i=111	subtreerank=1	level=21
i=112	subtreerank=3	level=21
i=113	subtreerank=8	level=21
i=114	subtreerank=3	level=21
i=115	subtreerank=3	level=21
i=116	subtreerank=3	level=21
i=117	subtreerank=3	level=21
i=118	subtreerank=5	level=21
i=119	subtreerank=5	level=21
i=120	subtreerank=1	level=21
i=121	subtreerank=7	level=21
i=122	subtreerank=10	level=21
i=123	subtreerank=5	level=21
i=124	subtreerank=7	level=21
i=125	subtreerank=5	level=21
i=126	subtreerank=5	level=21
i=127	subtreerank=5	level=21
i=128	subtreerank=5	level=21
i=129	subtreerank=5	level=21
i=130	subtreerank=10	level=21
i=131	subtreerank=2	level=21
i=132	subtreerank=2	level=21
i=133	subtreerank=5	level=21
i=134	subtreerank=1	level=21
i=135	subtreerank=1	level=21
i=136	subtreerank=2	level=21
i=137	subtreerank=1	level=21
i=138	subtreerank=10	level=21
i=0	subtreerank=22	level=22
i=1	subtreerank=21	level=22
i=2	subtreerank=21	level=22
i=3	subtreerank=21	level=22
i=4	subtreerank=21	level=22
i=5	subtreerank=21	level=22
i=6	subtreerank=20	level=22
i=7	subtreerank=21	level=22
i=8	subtreerank=18	level=22
i=9	subtreerank=19	level=22
i=10	subtreerank=19	level=22
i=11	subtreerank=19	level=22
i=12	subtreerank=19	level=22
i=13	subtreerank=17	level=22
i=14	subtreerank=17	level=22
i=15	subtreerank=16	level=22
i=16	subtreerank=15	level=22
i=17	subtreerank=15	level=22
i=18	subtreerank=15	level=22
i=19	subtreerank=15	level=22
i=20	subtreerank=14	level=22
i=21	subtreerank=13	level=22
i=22	subtreerank=13	level=22
i=23	subtreerank=12	level=22
i=24	subtreerank=12	level=22
i=25	subtreerank=12	level=22
i=26	subtreerank=10	level=22
i=27	subtreerank=12	level=22
i=28	subtreerank=10	level=22
i=29	subtreerank=10	level=22
i=30	subtreerank=10	level=22
i=31	subtreerank=10	level=22
i=32	subtreerank=10	level=22
i=33	subtreerank=10	level=22
i=34	subtreerank=10	level=22
i=35	subtreerank=10	level=22
i=36	subtreerank=10	level=22
i=37	subtreerank=10	level=22
i=38	subtreerank=10	level=22
i=39	subtreerank=10	level=22
i=40	subtreerank=10	level=22
i=41	subtreerank=10	level=22
i=42	subtreerank=10	level=22
i=43	subtreerank=10	level=22
i=44	subtreerank=10	level=22
i=45	subtreerank=10	level=22
i=46	subtreerank=10	level=22
i=47	subtreerank=10	level=22
i=48	subtreerank=10	level=22
i=49	subtreerank=10	level=22
i=50	subtreerank=10	level=22
i=51	subtreerank=10	level=22
i=52	subtreerank=10	level=22
i=53	subtreerank=10	level=22
i=54	subtreerank=10	level=22
i=55	subtreerank=10	level=22
i=56	subtreerank=10	level=22
i=57	subtreerank=10	level=22
i=58	subtreerank=11	level=22
i=59	subtreerank=11	level=22
i=60	subtreerank=11	level=22
i=61	subtreerank=11	level=22
i=62	subtreerank=11	level=22
i=63	subtreerank=10	level=22
i=64	subtreerank=9	level=22
i=65	subtreerank=9	level=22
i=66	subtreerank=3	level=22
i=67	subtreerank=3	level=22
i=68	subtreerank=6	level=22
i=69	subtreerank=6	level=22
i=70	subtreerank=6	level=22
i=71	subtreerank=3	level=22
i=72	subtreerank=6	level=22
i=73	subtreerank=3	level=22
i=74	subtreerank=3	level=22
i=75	subtreerank=3	level=22
i=76	subtreerank=3	level=22
i=77	subtreerank=3	level=22
i=78	subtreerank=3	level=22
i=79	subtreerank=6	level=22
i=80	subtreerank=4	level=22
i=81	subtreerank=6	level=22
i=82	subtreerank=3	level=22
i=83	subtreerank=3	level=22
i=84	subtreerank=3	level=22
i=85	subtreerank=3	level=22
i=86	subtreerank=3	level=22
i=87	subtreerank=3	level=22
i=88	subtreerank=6	level=22
i=89	subtreerank=6	level=22
i=90	subtreerank=3	level=22
i=91	subtreerank=3	level=22
i=92	subtreerank=3	level=22
i=93	subtreerank=3	level=22
i=94	subtreerank=3	level=22
i=95	subtreerank=3	level=22
i=96	subtreerank=3	level=22
i=97	subtreerank=3	level=22
i=98	subtreerank=3	level=22
i=99	subtreerank=3	level=22
i=100	subtreerank=11	level=22
i=101	subtreerank=2	level=22
i=102	subtreerank=2	level=22
i=103	subtreerank=2	level=22
i=104	subtreerank=3	level=22
i=105	subtreerank=2	level=22
i=106	subtreerank=10	level=22
i=107	subtreerank=3	level=22
i=108	subtreerank=3	level=22
i=109	subtreerank=2	level=22
i=110	subtreerank=2	level=22
i=111	subtreerank=1	level=22
i=112	subtreerank=3	level=22
i=113	subtreerank=8	level=22
i=114	subtreerank=3	level=22
i=115	subtreerank=3	level=22
i=116	subtreerank=3	level=22
i=117	subtreerank=3	level=22
i=118	subtreerank=5	level=22
i=119	subtreerank=5	level=22
i=120	subtreerank=1	level=22
i=121	subtreerank=7	level=22
i=122	subtreerank=10	level=22
i=123	subtreerank=5	level=22
i=124	subtreerank=7	level=22
i=125	subtreerank=5	level=22
i=126	subtreerank=5	level=22
i=127	subtreerank=5	level=22
i=128	subtreerank=5	level=22
i=129	subtreerank=5	level=22
i=130	subtreerank=10	level=22
i=131	subtreerank=2	level=22
i=132	subtreerank=2	level=22
i=133	subtreerank=5	level=22
i=134	subtreerank=1	level=22
i=135	subtreerank=1	level=22
i=136	subtreerank=2	level=22
i=137	subtreerank=1	level=22
i=138	subtreerank=10	level=22
Run 0:cons_importance_map
Run 1:cons_js_map
Run 2:cons_re_map
Run 3:global_map
Run 4:global_js_map
Run 5:global_re_map
